[2025-12-06T21:12:03.506+0000] {taskinstance.py:1956} INFO - Dependencies all met for dep_context=non-requeueable deps ti=<TaskInstance: email_pipeline_dag.kafka_producer manual__2025-12-06T21:12:01.970567+00:00 [queued]>
[2025-12-06T21:12:03.522+0000] {taskinstance.py:1956} INFO - Dependencies all met for dep_context=requeueable deps ti=<TaskInstance: email_pipeline_dag.kafka_producer manual__2025-12-06T21:12:01.970567+00:00 [queued]>
[2025-12-06T21:12:03.522+0000] {taskinstance.py:2170} INFO - Starting attempt 1 of 1
[2025-12-06T21:12:03.542+0000] {taskinstance.py:2191} INFO - Executing <Task(BashOperator): kafka_producer> on 2025-12-06 21:12:01.970567+00:00
[2025-12-06T21:12:03.550+0000] {standard_task_runner.py:60} INFO - Started process 206 to run task
[2025-12-06T21:12:03.562+0000] {standard_task_runner.py:87} INFO - Running: ['***', 'tasks', 'run', 'email_pipeline_dag', 'kafka_producer', 'manual__2025-12-06T21:12:01.970567+00:00', '--job-id', '47', '--raw', '--subdir', 'DAGS_FOLDER/email_pipeline_dag.py', '--cfg-path', '/tmp/tmphb3ir2av']
[2025-12-06T21:12:03.568+0000] {standard_task_runner.py:88} INFO - Job 47: Subtask kafka_producer
[2025-12-06T21:12:04.002+0000] {task_command.py:423} INFO - Running <TaskInstance: email_pipeline_dag.kafka_producer manual__2025-12-06T21:12:01.970567+00:00 [running]> on host c5b1bafd0890
[2025-12-06T21:12:04.354+0000] {taskinstance.py:2480} INFO - Exporting env vars: AIRFLOW_CTX_DAG_OWNER='***' AIRFLOW_CTX_DAG_ID='email_pipeline_dag' AIRFLOW_CTX_TASK_ID='kafka_producer' AIRFLOW_CTX_EXECUTION_DATE='2025-12-06T21:12:01.970567+00:00' AIRFLOW_CTX_TRY_NUMBER='1' AIRFLOW_CTX_DAG_RUN_ID='manual__2025-12-06T21:12:01.970567+00:00'
[2025-12-06T21:12:04.356+0000] {subprocess.py:63} INFO - Tmp dir root location: /tmp
[2025-12-06T21:12:04.357+0000] {subprocess.py:75} INFO - Running command: ['/usr/bin/bash', '-c', 'python /opt/***/kafka/Producer/email_producer.py']
[2025-12-06T21:12:04.374+0000] {subprocess.py:86} INFO - Output:
[2025-12-06T21:12:05.531+0000] {subprocess.py:93} INFO - 2025-12-06 21:12:05,531 - __main__ - INFO - üöÄ Starting Producer + Consumer...
[2025-12-06T21:12:05.532+0000] {subprocess.py:93} INFO - 2025-12-06 21:12:05,531 - __main__ - INFO - üîê Authenticating with Gmail API...
[2025-12-06T21:12:05.568+0000] {subprocess.py:93} INFO - 2025-12-06 21:12:05,561 - __main__ - ERROR - ‚ùå Error: HTTPSConnectionPool(host='oauth2.googleapis.com', port=443): Max retries exceeded with url: /token (Caused by NewConnectionError('<urllib3.connection.HTTPSConnection object at 0x7e2a06b18520>: Failed to establish a new connection: [Errno -2] Name or service not known'))
[2025-12-06T21:12:05.569+0000] {subprocess.py:93} INFO - Traceback (most recent call last):
[2025-12-06T21:12:05.569+0000] {subprocess.py:93} INFO -   File "/home/***/.local/lib/python3.8/site-packages/urllib3/connection.py", line 174, in _new_conn
[2025-12-06T21:12:05.570+0000] {subprocess.py:93} INFO -     conn = connection.create_connection(
[2025-12-06T21:12:05.570+0000] {subprocess.py:93} INFO -   File "/home/***/.local/lib/python3.8/site-packages/urllib3/util/connection.py", line 72, in create_connection
[2025-12-06T21:12:05.570+0000] {subprocess.py:93} INFO -     for res in socket.getaddrinfo(host, port, family, socket.SOCK_STREAM):
[2025-12-06T21:12:05.571+0000] {subprocess.py:93} INFO -   File "/usr/local/lib/python3.8/socket.py", line 918, in getaddrinfo
[2025-12-06T21:12:05.571+0000] {subprocess.py:93} INFO -     for res in _socket.getaddrinfo(host, port, family, type, proto, flags):
[2025-12-06T21:12:05.571+0000] {subprocess.py:93} INFO - socket.gaierror: [Errno -2] Name or service not known
[2025-12-06T21:12:05.571+0000] {subprocess.py:93} INFO - 
[2025-12-06T21:12:05.572+0000] {subprocess.py:93} INFO - During handling of the above exception, another exception occurred:
[2025-12-06T21:12:05.572+0000] {subprocess.py:93} INFO - 
[2025-12-06T21:12:05.572+0000] {subprocess.py:93} INFO - Traceback (most recent call last):
[2025-12-06T21:12:05.573+0000] {subprocess.py:93} INFO -   File "/home/***/.local/lib/python3.8/site-packages/urllib3/connectionpool.py", line 715, in urlopen
[2025-12-06T21:12:05.574+0000] {subprocess.py:93} INFO -     httplib_response = self._make_request(
[2025-12-06T21:12:05.575+0000] {subprocess.py:93} INFO -   File "/home/***/.local/lib/python3.8/site-packages/urllib3/connectionpool.py", line 404, in _make_request
[2025-12-06T21:12:05.576+0000] {subprocess.py:93} INFO -     self._validate_conn(conn)
[2025-12-06T21:12:05.579+0000] {subprocess.py:93} INFO -   File "/home/***/.local/lib/python3.8/site-packages/urllib3/connectionpool.py", line 1058, in _validate_conn
[2025-12-06T21:12:05.580+0000] {subprocess.py:93} INFO -     conn.connect()
[2025-12-06T21:12:05.580+0000] {subprocess.py:93} INFO -   File "/home/***/.local/lib/python3.8/site-packages/urllib3/connection.py", line 363, in connect
[2025-12-06T21:12:05.580+0000] {subprocess.py:93} INFO -     self.sock = conn = self._new_conn()
[2025-12-06T21:12:05.581+0000] {subprocess.py:93} INFO -   File "/home/***/.local/lib/python3.8/site-packages/urllib3/connection.py", line 186, in _new_conn
[2025-12-06T21:12:05.581+0000] {subprocess.py:93} INFO -     raise NewConnectionError(
[2025-12-06T21:12:05.582+0000] {subprocess.py:93} INFO - urllib3.exceptions.NewConnectionError: <urllib3.connection.HTTPSConnection object at 0x7e2a06b18520>: Failed to establish a new connection: [Errno -2] Name or service not known
[2025-12-06T21:12:05.582+0000] {subprocess.py:93} INFO - 
[2025-12-06T21:12:05.582+0000] {subprocess.py:93} INFO - During handling of the above exception, another exception occurred:
[2025-12-06T21:12:05.582+0000] {subprocess.py:93} INFO - 
[2025-12-06T21:12:05.583+0000] {subprocess.py:93} INFO - Traceback (most recent call last):
[2025-12-06T21:12:05.583+0000] {subprocess.py:93} INFO -   File "/home/***/.local/lib/python3.8/site-packages/requests/adapters.py", line 486, in send
[2025-12-06T21:12:05.583+0000] {subprocess.py:93} INFO -     resp = conn.urlopen(
[2025-12-06T21:12:05.584+0000] {subprocess.py:93} INFO -   File "/home/***/.local/lib/python3.8/site-packages/urllib3/connectionpool.py", line 799, in urlopen
[2025-12-06T21:12:05.585+0000] {subprocess.py:93} INFO -     retries = retries.increment(
[2025-12-06T21:12:05.585+0000] {subprocess.py:93} INFO -   File "/home/***/.local/lib/python3.8/site-packages/urllib3/util/retry.py", line 592, in increment
[2025-12-06T21:12:05.586+0000] {subprocess.py:93} INFO -     raise MaxRetryError(_pool, url, error or ResponseError(cause))
[2025-12-06T21:12:05.586+0000] {subprocess.py:93} INFO - urllib3.exceptions.MaxRetryError: HTTPSConnectionPool(host='oauth2.googleapis.com', port=443): Max retries exceeded with url: /token (Caused by NewConnectionError('<urllib3.connection.HTTPSConnection object at 0x7e2a06b18520>: Failed to establish a new connection: [Errno -2] Name or service not known'))
[2025-12-06T21:12:05.588+0000] {subprocess.py:93} INFO - 
[2025-12-06T21:12:05.589+0000] {subprocess.py:93} INFO - During handling of the above exception, another exception occurred:
[2025-12-06T21:12:05.590+0000] {subprocess.py:93} INFO - 
[2025-12-06T21:12:05.590+0000] {subprocess.py:93} INFO - Traceback (most recent call last):
[2025-12-06T21:12:05.591+0000] {subprocess.py:93} INFO -   File "/home/***/.local/lib/python3.8/site-packages/google/auth/transport/requests.py", line 186, in __call__
[2025-12-06T21:12:05.591+0000] {subprocess.py:93} INFO -     response = self.session.request(
[2025-12-06T21:12:05.592+0000] {subprocess.py:93} INFO -   File "/home/***/.local/lib/python3.8/site-packages/requests/sessions.py", line 589, in request
[2025-12-06T21:12:05.593+0000] {subprocess.py:93} INFO -     resp = self.send(prep, **send_kwargs)
[2025-12-06T21:12:05.594+0000] {subprocess.py:93} INFO -   File "/home/***/.local/lib/python3.8/site-packages/requests/sessions.py", line 703, in send
[2025-12-06T21:12:05.595+0000] {subprocess.py:93} INFO -     r = adapter.send(request, **kwargs)
[2025-12-06T21:12:05.596+0000] {subprocess.py:93} INFO -   File "/home/***/.local/lib/python3.8/site-packages/requests/adapters.py", line 519, in send
[2025-12-06T21:12:05.597+0000] {subprocess.py:93} INFO -     raise ConnectionError(e, request=request)
[2025-12-06T21:12:05.598+0000] {subprocess.py:93} INFO - requests.exceptions.ConnectionError: HTTPSConnectionPool(host='oauth2.googleapis.com', port=443): Max retries exceeded with url: /token (Caused by NewConnectionError('<urllib3.connection.HTTPSConnection object at 0x7e2a06b18520>: Failed to establish a new connection: [Errno -2] Name or service not known'))
[2025-12-06T21:12:05.599+0000] {subprocess.py:93} INFO - 
[2025-12-06T21:12:05.599+0000] {subprocess.py:93} INFO - The above exception was the direct cause of the following exception:
[2025-12-06T21:12:05.600+0000] {subprocess.py:93} INFO - 
[2025-12-06T21:12:05.601+0000] {subprocess.py:93} INFO - Traceback (most recent call last):
[2025-12-06T21:12:05.601+0000] {subprocess.py:93} INFO -   File "/opt/***/kafka/Producer/email_producer.py", line 231, in main
[2025-12-06T21:12:05.602+0000] {subprocess.py:93} INFO -     service = authenticate_gmail()
[2025-12-06T21:12:05.602+0000] {subprocess.py:93} INFO -   File "/opt/***/kafka/Producer/email_producer.py", line 51, in authenticate_gmail
[2025-12-06T21:12:05.603+0000] {subprocess.py:93} INFO -     creds.refresh(Request())
[2025-12-06T21:12:05.604+0000] {subprocess.py:93} INFO -   File "/home/***/.local/lib/python3.8/site-packages/google/oauth2/credentials.py", line 390, in refresh
[2025-12-06T21:12:05.604+0000] {subprocess.py:93} INFO -     ) = reauth.refresh_grant(
[2025-12-06T21:12:05.605+0000] {subprocess.py:93} INFO -   File "/home/***/.local/lib/python3.8/site-packages/google/oauth2/reauth.py", line 332, in refresh_grant
[2025-12-06T21:12:05.605+0000] {subprocess.py:93} INFO -     response_status_ok, response_data, retryable_error = _client._token_endpoint_request_no_throw(
[2025-12-06T21:12:05.606+0000] {subprocess.py:93} INFO -   File "/home/***/.local/lib/python3.8/site-packages/google/oauth2/_client.py", line 215, in _token_endpoint_request_no_throw
[2025-12-06T21:12:05.607+0000] {subprocess.py:93} INFO -     request_succeeded, response_data, retryable_error = _perform_request()
[2025-12-06T21:12:05.607+0000] {subprocess.py:93} INFO -   File "/home/***/.local/lib/python3.8/site-packages/google/oauth2/_client.py", line 191, in _perform_request
[2025-12-06T21:12:05.608+0000] {subprocess.py:93} INFO -     response = request(
[2025-12-06T21:12:05.608+0000] {subprocess.py:93} INFO -   File "/home/***/.local/lib/python3.8/site-packages/google/auth/transport/requests.py", line 192, in __call__
[2025-12-06T21:12:05.609+0000] {subprocess.py:93} INFO -     raise new_exc from caught_exc
[2025-12-06T21:12:05.611+0000] {subprocess.py:93} INFO - google.auth.exceptions.TransportError: HTTPSConnectionPool(host='oauth2.googleapis.com', port=443): Max retries exceeded with url: /token (Caused by NewConnectionError('<urllib3.connection.HTTPSConnection object at 0x7e2a06b18520>: Failed to establish a new connection: [Errno -2] Name or service not known'))
[2025-12-06T21:12:05.611+0000] {subprocess.py:93} INFO - Traceback (most recent call last):
[2025-12-06T21:12:05.615+0000] {subprocess.py:93} INFO -   File "/home/***/.local/lib/python3.8/site-packages/urllib3/connection.py", line 174, in _new_conn
[2025-12-06T21:12:05.616+0000] {subprocess.py:93} INFO -     conn = connection.create_connection(
[2025-12-06T21:12:05.617+0000] {subprocess.py:93} INFO -   File "/home/***/.local/lib/python3.8/site-packages/urllib3/util/connection.py", line 72, in create_connection
[2025-12-06T21:12:05.618+0000] {subprocess.py:93} INFO -     for res in socket.getaddrinfo(host, port, family, socket.SOCK_STREAM):
[2025-12-06T21:12:05.619+0000] {subprocess.py:93} INFO -   File "/usr/local/lib/python3.8/socket.py", line 918, in getaddrinfo
[2025-12-06T21:12:05.620+0000] {subprocess.py:93} INFO -     for res in _socket.getaddrinfo(host, port, family, type, proto, flags):
[2025-12-06T21:12:05.621+0000] {subprocess.py:93} INFO - socket.gaierror: [Errno -2] Name or service not known
[2025-12-06T21:12:05.621+0000] {subprocess.py:93} INFO - 
[2025-12-06T21:12:05.622+0000] {subprocess.py:93} INFO - During handling of the above exception, another exception occurred:
[2025-12-06T21:12:05.623+0000] {subprocess.py:93} INFO - 
[2025-12-06T21:12:05.625+0000] {subprocess.py:93} INFO - Traceback (most recent call last):
[2025-12-06T21:12:05.627+0000] {subprocess.py:93} INFO -   File "/home/***/.local/lib/python3.8/site-packages/urllib3/connectionpool.py", line 715, in urlopen
[2025-12-06T21:12:05.629+0000] {subprocess.py:93} INFO -     httplib_response = self._make_request(
[2025-12-06T21:12:05.630+0000] {subprocess.py:93} INFO -   File "/home/***/.local/lib/python3.8/site-packages/urllib3/connectionpool.py", line 404, in _make_request
[2025-12-06T21:12:05.632+0000] {subprocess.py:93} INFO -     self._validate_conn(conn)
[2025-12-06T21:12:05.633+0000] {subprocess.py:93} INFO -   File "/home/***/.local/lib/python3.8/site-packages/urllib3/connectionpool.py", line 1058, in _validate_conn
[2025-12-06T21:12:05.635+0000] {subprocess.py:93} INFO -     conn.connect()
[2025-12-06T21:12:05.636+0000] {subprocess.py:93} INFO -   File "/home/***/.local/lib/python3.8/site-packages/urllib3/connection.py", line 363, in connect
[2025-12-06T21:12:05.638+0000] {subprocess.py:93} INFO -     self.sock = conn = self._new_conn()
[2025-12-06T21:12:05.640+0000] {subprocess.py:93} INFO -   File "/home/***/.local/lib/python3.8/site-packages/urllib3/connection.py", line 186, in _new_conn
[2025-12-06T21:12:05.641+0000] {subprocess.py:93} INFO -     raise NewConnectionError(
[2025-12-06T21:12:05.644+0000] {subprocess.py:93} INFO - urllib3.exceptions.NewConnectionError: <urllib3.connection.HTTPSConnection object at 0x7e2a06b18520>: Failed to establish a new connection: [Errno -2] Name or service not known
[2025-12-06T21:12:05.645+0000] {subprocess.py:93} INFO - 
[2025-12-06T21:12:05.647+0000] {subprocess.py:93} INFO - During handling of the above exception, another exception occurred:
[2025-12-06T21:12:05.648+0000] {subprocess.py:93} INFO - 
[2025-12-06T21:12:05.650+0000] {subprocess.py:93} INFO - Traceback (most recent call last):
[2025-12-06T21:12:05.651+0000] {subprocess.py:93} INFO -   File "/home/***/.local/lib/python3.8/site-packages/requests/adapters.py", line 486, in send
[2025-12-06T21:12:05.652+0000] {subprocess.py:93} INFO -     resp = conn.urlopen(
[2025-12-06T21:12:05.654+0000] {subprocess.py:93} INFO -   File "/home/***/.local/lib/python3.8/site-packages/urllib3/connectionpool.py", line 799, in urlopen
[2025-12-06T21:12:05.656+0000] {subprocess.py:93} INFO -     retries = retries.increment(
[2025-12-06T21:12:05.658+0000] {subprocess.py:93} INFO -   File "/home/***/.local/lib/python3.8/site-packages/urllib3/util/retry.py", line 592, in increment
[2025-12-06T21:12:05.660+0000] {subprocess.py:93} INFO -     raise MaxRetryError(_pool, url, error or ResponseError(cause))
[2025-12-06T21:12:05.663+0000] {subprocess.py:93} INFO - urllib3.exceptions.MaxRetryError: HTTPSConnectionPool(host='oauth2.googleapis.com', port=443): Max retries exceeded with url: /token (Caused by NewConnectionError('<urllib3.connection.HTTPSConnection object at 0x7e2a06b18520>: Failed to establish a new connection: [Errno -2] Name or service not known'))
[2025-12-06T21:12:05.665+0000] {subprocess.py:93} INFO - 
[2025-12-06T21:12:05.667+0000] {subprocess.py:93} INFO - During handling of the above exception, another exception occurred:
[2025-12-06T21:12:05.669+0000] {subprocess.py:93} INFO - 
[2025-12-06T21:12:05.671+0000] {subprocess.py:93} INFO - Traceback (most recent call last):
[2025-12-06T21:12:05.673+0000] {subprocess.py:93} INFO -   File "/home/***/.local/lib/python3.8/site-packages/google/auth/transport/requests.py", line 186, in __call__
[2025-12-06T21:12:05.675+0000] {subprocess.py:93} INFO -     response = self.session.request(
[2025-12-06T21:12:05.678+0000] {subprocess.py:93} INFO -   File "/home/***/.local/lib/python3.8/site-packages/requests/sessions.py", line 589, in request
[2025-12-06T21:12:05.681+0000] {subprocess.py:93} INFO -     resp = self.send(prep, **send_kwargs)
[2025-12-06T21:12:05.684+0000] {subprocess.py:93} INFO -   File "/home/***/.local/lib/python3.8/site-packages/requests/sessions.py", line 703, in send
[2025-12-06T21:12:05.686+0000] {subprocess.py:93} INFO -     r = adapter.send(request, **kwargs)
[2025-12-06T21:12:05.687+0000] {subprocess.py:93} INFO -   File "/home/***/.local/lib/python3.8/site-packages/requests/adapters.py", line 519, in send
[2025-12-06T21:12:05.689+0000] {subprocess.py:93} INFO -     raise ConnectionError(e, request=request)
[2025-12-06T21:12:05.692+0000] {subprocess.py:93} INFO - requests.exceptions.ConnectionError: HTTPSConnectionPool(host='oauth2.googleapis.com', port=443): Max retries exceeded with url: /token (Caused by NewConnectionError('<urllib3.connection.HTTPSConnection object at 0x7e2a06b18520>: Failed to establish a new connection: [Errno -2] Name or service not known'))
[2025-12-06T21:12:05.696+0000] {subprocess.py:93} INFO - 
[2025-12-06T21:12:05.698+0000] {subprocess.py:93} INFO - The above exception was the direct cause of the following exception:
[2025-12-06T21:12:05.701+0000] {subprocess.py:93} INFO - 
[2025-12-06T21:12:05.705+0000] {subprocess.py:93} INFO - Traceback (most recent call last):
[2025-12-06T21:12:05.707+0000] {subprocess.py:93} INFO -   File "/opt/***/kafka/Producer/email_producer.py", line 273, in <module>
[2025-12-06T21:12:05.710+0000] {subprocess.py:93} INFO -     main()
[2025-12-06T21:12:05.713+0000] {subprocess.py:93} INFO -   File "/opt/***/kafka/Producer/email_producer.py", line 231, in main
[2025-12-06T21:12:05.716+0000] {subprocess.py:93} INFO -     service = authenticate_gmail()
[2025-12-06T21:12:05.717+0000] {subprocess.py:93} INFO -   File "/opt/***/kafka/Producer/email_producer.py", line 51, in authenticate_gmail
[2025-12-06T21:12:05.718+0000] {subprocess.py:93} INFO -     creds.refresh(Request())
[2025-12-06T21:12:05.719+0000] {subprocess.py:93} INFO -   File "/home/***/.local/lib/python3.8/site-packages/google/oauth2/credentials.py", line 390, in refresh
[2025-12-06T21:12:05.720+0000] {subprocess.py:93} INFO -     ) = reauth.refresh_grant(
[2025-12-06T21:12:05.721+0000] {subprocess.py:93} INFO -   File "/home/***/.local/lib/python3.8/site-packages/google/oauth2/reauth.py", line 332, in refresh_grant
[2025-12-06T21:12:05.722+0000] {subprocess.py:93} INFO -     response_status_ok, response_data, retryable_error = _client._token_endpoint_request_no_throw(
[2025-12-06T21:12:05.722+0000] {subprocess.py:93} INFO -   File "/home/***/.local/lib/python3.8/site-packages/google/oauth2/_client.py", line 215, in _token_endpoint_request_no_throw
[2025-12-06T21:12:05.723+0000] {subprocess.py:93} INFO -     request_succeeded, response_data, retryable_error = _perform_request()
[2025-12-06T21:12:05.723+0000] {subprocess.py:93} INFO -   File "/home/***/.local/lib/python3.8/site-packages/google/oauth2/_client.py", line 191, in _perform_request
[2025-12-06T21:12:05.724+0000] {subprocess.py:93} INFO -     response = request(
[2025-12-06T21:12:05.724+0000] {subprocess.py:93} INFO -   File "/home/***/.local/lib/python3.8/site-packages/google/auth/transport/requests.py", line 192, in __call__
[2025-12-06T21:12:05.724+0000] {subprocess.py:93} INFO -     raise new_exc from caught_exc
[2025-12-06T21:12:05.726+0000] {subprocess.py:93} INFO - google.auth.exceptions.TransportError: HTTPSConnectionPool(host='oauth2.googleapis.com', port=443): Max retries exceeded with url: /token (Caused by NewConnectionError('<urllib3.connection.HTTPSConnection object at 0x7e2a06b18520>: Failed to establish a new connection: [Errno -2] Name or service not known'))
[2025-12-06T21:12:05.728+0000] {subprocess.py:97} INFO - Command exited with return code 1
[2025-12-06T21:12:05.743+0000] {taskinstance.py:2698} ERROR - Task failed with exception
Traceback (most recent call last):
  File "/home/airflow/.local/lib/python3.8/site-packages/airflow/models/taskinstance.py", line 428, in _execute_task
    result = execute_callable(context=context, **execute_callable_kwargs)
  File "/home/airflow/.local/lib/python3.8/site-packages/airflow/operators/bash.py", line 212, in execute
    raise AirflowException(
airflow.exceptions.AirflowException: Bash command failed. The command returned a non-zero exit code 1.
[2025-12-06T21:12:05.746+0000] {taskinstance.py:1138} INFO - Marking task as FAILED. dag_id=email_pipeline_dag, task_id=kafka_producer, execution_date=20251206T211201, start_date=20251206T211203, end_date=20251206T211205
[2025-12-06T21:12:05.758+0000] {standard_task_runner.py:107} ERROR - Failed to execute job 47 for task kafka_producer (Bash command failed. The command returned a non-zero exit code 1.; 206)
[2025-12-06T21:12:05.790+0000] {local_task_job_runner.py:234} INFO - Task exited with return code 1
[2025-12-06T21:12:05.840+0000] {taskinstance.py:3280} INFO - 1 downstream tasks scheduled from follow-on schedule check
