[2025-12-05T14:22:24.967+0000] {taskinstance.py:1956} INFO - Dependencies all met for dep_context=non-requeueable deps ti=<TaskInstance: email_pipeline_dag.validator manual__2025-12-05T14:22:20.473083+00:00 [queued]>
[2025-12-05T14:22:24.981+0000] {taskinstance.py:1956} INFO - Dependencies all met for dep_context=requeueable deps ti=<TaskInstance: email_pipeline_dag.validator manual__2025-12-05T14:22:20.473083+00:00 [queued]>
[2025-12-05T14:22:24.982+0000] {taskinstance.py:2170} INFO - Starting attempt 1 of 2
[2025-12-05T14:22:24.996+0000] {taskinstance.py:2191} INFO - Executing <Task(BashOperator): validator> on 2025-12-05 14:22:20.473083+00:00
[2025-12-05T14:22:25.002+0000] {standard_task_runner.py:60} INFO - Started process 214 to run task
[2025-12-05T14:22:25.005+0000] {standard_task_runner.py:87} INFO - Running: ['***', 'tasks', 'run', 'email_pipeline_dag', 'validator', 'manual__2025-12-05T14:22:20.473083+00:00', '--job-id', '81', '--raw', '--subdir', 'DAGS_FOLDER/email_pipeline_dag.py', '--cfg-path', '/tmp/tmpx95mvcbe']
[2025-12-05T14:22:25.008+0000] {standard_task_runner.py:88} INFO - Job 81: Subtask validator
[2025-12-05T14:22:25.089+0000] {task_command.py:423} INFO - Running <TaskInstance: email_pipeline_dag.validator manual__2025-12-05T14:22:20.473083+00:00 [running]> on host 5eae14a7eeba
[2025-12-05T14:22:25.180+0000] {taskinstance.py:2480} INFO - Exporting env vars: AIRFLOW_CTX_DAG_OWNER='***' AIRFLOW_CTX_DAG_ID='email_pipeline_dag' AIRFLOW_CTX_TASK_ID='validator' AIRFLOW_CTX_EXECUTION_DATE='2025-12-05T14:22:20.473083+00:00' AIRFLOW_CTX_TRY_NUMBER='1' AIRFLOW_CTX_DAG_RUN_ID='manual__2025-12-05T14:22:20.473083+00:00'
[2025-12-05T14:22:25.182+0000] {subprocess.py:63} INFO - Tmp dir root location: /tmp
[2025-12-05T14:22:25.184+0000] {subprocess.py:75} INFO - Running command: ['/usr/bin/bash', '-c', 'python /opt/***/kafka/Consumer/validator.py']
[2025-12-05T14:22:25.194+0000] {subprocess.py:86} INFO - Output:
[2025-12-05T14:22:25.321+0000] {subprocess.py:93} INFO - Traceback (most recent call last):
[2025-12-05T14:22:25.322+0000] {subprocess.py:93} INFO -   File "/opt/***/kafka/Consumer/validator.py", line 4, in <module>
[2025-12-05T14:22:25.322+0000] {subprocess.py:93} INFO -     from kafka import KafkaConsumer, KafkaProducer
[2025-12-05T14:22:25.323+0000] {subprocess.py:93} INFO - ModuleNotFoundError: No module named 'kafka'
[2025-12-05T14:22:25.324+0000] {subprocess.py:97} INFO - Command exited with return code 1
[2025-12-05T14:22:25.336+0000] {taskinstance.py:2698} ERROR - Task failed with exception
Traceback (most recent call last):
  File "/home/airflow/.local/lib/python3.8/site-packages/airflow/models/taskinstance.py", line 433, in _execute_task
    result = execute_callable(context=context, **execute_callable_kwargs)
  File "/home/airflow/.local/lib/python3.8/site-packages/airflow/operators/bash.py", line 212, in execute
    raise AirflowException(
airflow.exceptions.AirflowException: Bash command failed. The command returned a non-zero exit code 1.
[2025-12-05T14:22:25.342+0000] {taskinstance.py:1138} INFO - Marking task as UP_FOR_RETRY. dag_id=email_pipeline_dag, task_id=validator, execution_date=20251205T142220, start_date=20251205T142224, end_date=20251205T142225
[2025-12-05T14:22:25.354+0000] {standard_task_runner.py:107} ERROR - Failed to execute job 81 for task validator (Bash command failed. The command returned a non-zero exit code 1.; 214)
[2025-12-05T14:22:25.380+0000] {local_task_job_runner.py:234} INFO - Task exited with return code 1
[2025-12-05T14:22:25.418+0000] {taskinstance.py:3280} INFO - 0 downstream tasks scheduled from follow-on schedule check
