[2025-12-05T08:11:27.551+0000] {taskinstance.py:1956} INFO - Dependencies all met for dep_context=non-requeueable deps ti=<TaskInstance: email_pipeline_dag.validator scheduled__2025-12-04T02:00:00+00:00 [queued]>
[2025-12-05T08:11:27.599+0000] {taskinstance.py:1956} INFO - Dependencies all met for dep_context=requeueable deps ti=<TaskInstance: email_pipeline_dag.validator scheduled__2025-12-04T02:00:00+00:00 [queued]>
[2025-12-05T08:11:27.603+0000] {taskinstance.py:2170} INFO - Starting attempt 1 of 2
[2025-12-05T08:11:27.652+0000] {taskinstance.py:2191} INFO - Executing <Task(BashOperator): validator> on 2025-12-04 02:00:00+00:00
[2025-12-05T08:11:27.678+0000] {standard_task_runner.py:60} INFO - Started process 247 to run task
[2025-12-05T08:11:27.696+0000] {standard_task_runner.py:87} INFO - Running: ['***', 'tasks', 'run', 'email_pipeline_dag', 'validator', 'scheduled__2025-12-04T02:00:00+00:00', '--job-id', '144', '--raw', '--subdir', 'DAGS_FOLDER/email_pipeline_dag.py', '--cfg-path', '/tmp/tmp04iifx_s']
[2025-12-05T08:11:27.730+0000] {standard_task_runner.py:88} INFO - Job 144: Subtask validator
[2025-12-05T08:11:28.083+0000] {task_command.py:423} INFO - Running <TaskInstance: email_pipeline_dag.validator scheduled__2025-12-04T02:00:00+00:00 [running]> on host 17d26709f247
[2025-12-05T08:11:28.533+0000] {taskinstance.py:2480} INFO - Exporting env vars: AIRFLOW_CTX_DAG_OWNER='***' AIRFLOW_CTX_DAG_ID='email_pipeline_dag' AIRFLOW_CTX_TASK_ID='validator' AIRFLOW_CTX_EXECUTION_DATE='2025-12-04T02:00:00+00:00' AIRFLOW_CTX_TRY_NUMBER='1' AIRFLOW_CTX_DAG_RUN_ID='scheduled__2025-12-04T02:00:00+00:00'
[2025-12-05T08:11:28.546+0000] {subprocess.py:63} INFO - Tmp dir root location: /tmp
[2025-12-05T08:11:28.558+0000] {subprocess.py:75} INFO - Running command: ['/usr/bin/bash', '-c', 'python /opt/***/kafka/Consumer/validator.py']
[2025-12-05T08:11:28.611+0000] {subprocess.py:86} INFO - Output:
[2025-12-05T08:11:29.968+0000] {subprocess.py:93} INFO - 2025-12-05 08:11:29,968 - INFO - ðŸ”„ Connecting to Kafka broker: kafka:29092
[2025-12-05T08:11:33.689+0000] {subprocess.py:93} INFO - 2025-12-05 08:11:33,688 - WARNING - DNS lookup failed for kafka:29092, exception was [Errno -2] Name or service not known. Is your advertised.listeners (called advertised.host.name before Kafka 9) correct and resolvable?
[2025-12-05T08:11:33.692+0000] {subprocess.py:93} INFO - 2025-12-05 08:11:33,689 - ERROR - <BrokerConnection client_id=kafka-python-2.3.0, node_id=bootstrap-0 host=kafka:29092 <connecting> [unspecified None]>: DNS lookup failed for kafka:29092 (AddressFamily.AF_UNSPEC)
[2025-12-05T08:11:33.693+0000] {subprocess.py:93} INFO - 2025-12-05 08:11:33,689 - ERROR - <BrokerConnection client_id=kafka-python-2.3.0, node_id=bootstrap-0 host=kafka:29092 <connecting> [unspecified None]>: Closing connection. KafkaConnectionError: DNS failure
[2025-12-05T08:11:33.725+0000] {subprocess.py:93} INFO - Traceback (most recent call last):
[2025-12-05T08:11:33.728+0000] {subprocess.py:93} INFO -   File "/opt/***/kafka/Consumer/validator.py", line 103, in <module>
[2025-12-05T08:11:33.730+0000] {subprocess.py:93} INFO -     main()
[2025-12-05T08:11:33.733+0000] {subprocess.py:93} INFO -   File "/opt/***/kafka/Consumer/validator.py", line 46, in main
[2025-12-05T08:11:33.735+0000] {subprocess.py:93} INFO -     consumer = KafkaConsumer(
[2025-12-05T08:11:33.737+0000] {subprocess.py:93} INFO -   File "/home/***/.local/lib/python3.8/site-packages/kafka/consumer/group.py", line 397, in __init__
[2025-12-05T08:11:33.739+0000] {subprocess.py:93} INFO -     self._client = self.config['kafka_client'](metrics=self._metrics, **self.config)
[2025-12-05T08:11:33.744+0000] {subprocess.py:93} INFO -   File "/home/***/.local/lib/python3.8/site-packages/kafka/client_async.py", line 262, in __init__
[2025-12-05T08:11:33.751+0000] {subprocess.py:93} INFO -     self.config['api_version'] = self.check_version()
[2025-12-05T08:11:33.752+0000] {subprocess.py:93} INFO -   File "/home/***/.local/lib/python3.8/site-packages/kafka/client_async.py", line 1076, in check_version
[2025-12-05T08:11:33.753+0000] {subprocess.py:93} INFO -     raise Errors.NoBrokersAvailable()
[2025-12-05T08:11:33.754+0000] {subprocess.py:93} INFO - kafka.errors.NoBrokersAvailable: NoBrokersAvailable
[2025-12-05T08:11:34.033+0000] {subprocess.py:97} INFO - Command exited with return code 1
[2025-12-05T08:11:34.113+0000] {taskinstance.py:2698} ERROR - Task failed with exception
Traceback (most recent call last):
  File "/home/airflow/.local/lib/python3.8/site-packages/airflow/models/taskinstance.py", line 433, in _execute_task
    result = execute_callable(context=context, **execute_callable_kwargs)
  File "/home/airflow/.local/lib/python3.8/site-packages/airflow/operators/bash.py", line 212, in execute
    raise AirflowException(
airflow.exceptions.AirflowException: Bash command failed. The command returned a non-zero exit code 1.
[2025-12-05T08:11:34.128+0000] {taskinstance.py:1138} INFO - Marking task as UP_FOR_RETRY. dag_id=email_pipeline_dag, task_id=validator, execution_date=20251204T020000, start_date=20251205T081127, end_date=20251205T081134
[2025-12-05T08:11:34.267+0000] {standard_task_runner.py:107} ERROR - Failed to execute job 144 for task validator (Bash command failed. The command returned a non-zero exit code 1.; 247)
[2025-12-05T08:11:34.408+0000] {local_task_job_runner.py:234} INFO - Task exited with return code 1
[2025-12-05T08:11:34.460+0000] {taskinstance.py:3280} INFO - 0 downstream tasks scheduled from follow-on schedule check
[2025-12-05T08:21:43.121+0000] {taskinstance.py:1956} INFO - Dependencies all met for dep_context=non-requeueable deps ti=<TaskInstance: email_pipeline_dag.validator scheduled__2025-12-04T02:00:00+00:00 [queued]>
[2025-12-05T08:21:43.145+0000] {taskinstance.py:1956} INFO - Dependencies all met for dep_context=requeueable deps ti=<TaskInstance: email_pipeline_dag.validator scheduled__2025-12-04T02:00:00+00:00 [queued]>
[2025-12-05T08:21:43.147+0000] {taskinstance.py:2170} INFO - Starting attempt 1 of 2
[2025-12-05T08:21:43.187+0000] {taskinstance.py:2191} INFO - Executing <Task(BashOperator): validator> on 2025-12-04 02:00:00+00:00
[2025-12-05T08:21:43.196+0000] {standard_task_runner.py:60} INFO - Started process 191 to run task
[2025-12-05T08:21:43.204+0000] {standard_task_runner.py:87} INFO - Running: ['***', 'tasks', 'run', 'email_pipeline_dag', 'validator', 'scheduled__2025-12-04T02:00:00+00:00', '--job-id', '4', '--raw', '--subdir', 'DAGS_FOLDER/email_pipeline_dag.py', '--cfg-path', '/tmp/tmpf12u21eu']
[2025-12-05T08:21:43.213+0000] {standard_task_runner.py:88} INFO - Job 4: Subtask validator
[2025-12-05T08:21:43.402+0000] {task_command.py:423} INFO - Running <TaskInstance: email_pipeline_dag.validator scheduled__2025-12-04T02:00:00+00:00 [running]> on host 2f37ffd1c359
[2025-12-05T08:21:43.523+0000] {taskinstance.py:2480} INFO - Exporting env vars: AIRFLOW_CTX_DAG_OWNER='***' AIRFLOW_CTX_DAG_ID='email_pipeline_dag' AIRFLOW_CTX_TASK_ID='validator' AIRFLOW_CTX_EXECUTION_DATE='2025-12-04T02:00:00+00:00' AIRFLOW_CTX_TRY_NUMBER='1' AIRFLOW_CTX_DAG_RUN_ID='scheduled__2025-12-04T02:00:00+00:00'
[2025-12-05T08:21:43.525+0000] {subprocess.py:63} INFO - Tmp dir root location: /tmp
[2025-12-05T08:21:43.527+0000] {subprocess.py:75} INFO - Running command: ['/usr/bin/bash', '-c', 'python /opt/***/kafka/Consumer/validator.py']
[2025-12-05T08:21:43.542+0000] {subprocess.py:86} INFO - Output:
[2025-12-05T08:21:43.667+0000] {subprocess.py:93} INFO - Traceback (most recent call last):
[2025-12-05T08:21:43.669+0000] {subprocess.py:93} INFO -   File "/opt/***/kafka/Consumer/validator.py", line 4, in <module>
[2025-12-05T08:21:43.672+0000] {subprocess.py:93} INFO -     from kafka import KafkaConsumer, KafkaProducer
[2025-12-05T08:21:43.673+0000] {subprocess.py:93} INFO - ModuleNotFoundError: No module named 'kafka'
[2025-12-05T08:21:43.675+0000] {subprocess.py:97} INFO - Command exited with return code 1
[2025-12-05T08:21:43.701+0000] {taskinstance.py:2698} ERROR - Task failed with exception
Traceback (most recent call last):
  File "/home/airflow/.local/lib/python3.8/site-packages/airflow/models/taskinstance.py", line 433, in _execute_task
    result = execute_callable(context=context, **execute_callable_kwargs)
  File "/home/airflow/.local/lib/python3.8/site-packages/airflow/operators/bash.py", line 212, in execute
    raise AirflowException(
airflow.exceptions.AirflowException: Bash command failed. The command returned a non-zero exit code 1.
[2025-12-05T08:21:43.707+0000] {taskinstance.py:1138} INFO - Marking task as UP_FOR_RETRY. dag_id=email_pipeline_dag, task_id=validator, execution_date=20251204T020000, start_date=20251205T082143, end_date=20251205T082143
[2025-12-05T08:21:43.741+0000] {standard_task_runner.py:107} ERROR - Failed to execute job 4 for task validator (Bash command failed. The command returned a non-zero exit code 1.; 191)
[2025-12-05T08:21:43.783+0000] {local_task_job_runner.py:234} INFO - Task exited with return code 1
[2025-12-05T08:21:43.815+0000] {taskinstance.py:3280} INFO - 0 downstream tasks scheduled from follow-on schedule check
[2025-12-05T14:42:05.519+0000] {taskinstance.py:1956} INFO - Dependencies all met for dep_context=non-requeueable deps ti=<TaskInstance: email_pipeline_dag.validator scheduled__2025-12-04T02:00:00+00:00 [queued]>
[2025-12-05T14:42:05.527+0000] {taskinstance.py:1956} INFO - Dependencies all met for dep_context=requeueable deps ti=<TaskInstance: email_pipeline_dag.validator scheduled__2025-12-04T02:00:00+00:00 [queued]>
[2025-12-05T14:42:05.528+0000] {taskinstance.py:2170} INFO - Starting attempt 1 of 2
[2025-12-05T14:42:05.543+0000] {taskinstance.py:2191} INFO - Executing <Task(BashOperator): validator> on 2025-12-04 02:00:00+00:00
[2025-12-05T14:42:05.548+0000] {standard_task_runner.py:60} INFO - Started process 197 to run task
[2025-12-05T14:42:05.551+0000] {standard_task_runner.py:87} INFO - Running: ['***', 'tasks', 'run', 'email_pipeline_dag', 'validator', 'scheduled__2025-12-04T02:00:00+00:00', '--job-id', '3', '--raw', '--subdir', 'DAGS_FOLDER/email_pipeline_dag.py', '--cfg-path', '/tmp/tmpo9haoqkr']
[2025-12-05T14:42:05.553+0000] {standard_task_runner.py:88} INFO - Job 3: Subtask validator
[2025-12-05T14:42:05.631+0000] {task_command.py:423} INFO - Running <TaskInstance: email_pipeline_dag.validator scheduled__2025-12-04T02:00:00+00:00 [running]> on host cff5fd011f9e
[2025-12-05T14:42:05.706+0000] {taskinstance.py:2480} INFO - Exporting env vars: AIRFLOW_CTX_DAG_OWNER='***' AIRFLOW_CTX_DAG_ID='email_pipeline_dag' AIRFLOW_CTX_TASK_ID='validator' AIRFLOW_CTX_EXECUTION_DATE='2025-12-04T02:00:00+00:00' AIRFLOW_CTX_TRY_NUMBER='1' AIRFLOW_CTX_DAG_RUN_ID='scheduled__2025-12-04T02:00:00+00:00'
[2025-12-05T14:42:05.708+0000] {subprocess.py:63} INFO - Tmp dir root location: /tmp
[2025-12-05T14:42:05.709+0000] {subprocess.py:75} INFO - Running command: ['/usr/bin/bash', '-c', 'python /opt/***/kafka/Consumer/validator.py']
[2025-12-05T14:42:05.720+0000] {subprocess.py:86} INFO - Output:
[2025-12-05T14:42:06.337+0000] {subprocess.py:93} INFO - 2025-12-05 14:42:06,337 - INFO - ðŸ”„ Connecting to Kafka broker: kafka:29092
[2025-12-05T14:42:10.136+0000] {subprocess.py:93} INFO - 2025-12-05 14:42:10,136 - WARNING - DNS lookup failed for kafka:29092, exception was [Errno -2] Name or service not known. Is your advertised.listeners (called advertised.host.name before Kafka 9) correct and resolvable?
[2025-12-05T14:42:10.137+0000] {subprocess.py:93} INFO - 2025-12-05 14:42:10,136 - ERROR - <BrokerConnection client_id=kafka-python-2.3.0, node_id=bootstrap-0 host=kafka:29092 <connecting> [unspecified None]>: DNS lookup failed for kafka:29092 (AddressFamily.AF_UNSPEC)
[2025-12-05T14:42:10.138+0000] {subprocess.py:93} INFO - 2025-12-05 14:42:10,136 - ERROR - <BrokerConnection client_id=kafka-python-2.3.0, node_id=bootstrap-0 host=kafka:29092 <connecting> [unspecified None]>: Closing connection. KafkaConnectionError: DNS failure
[2025-12-05T14:42:10.157+0000] {subprocess.py:93} INFO - Traceback (most recent call last):
[2025-12-05T14:42:10.159+0000] {subprocess.py:93} INFO -   File "/opt/***/kafka/Consumer/validator.py", line 103, in <module>
[2025-12-05T14:42:10.161+0000] {subprocess.py:93} INFO -     main()
[2025-12-05T14:42:10.162+0000] {subprocess.py:93} INFO -   File "/opt/***/kafka/Consumer/validator.py", line 46, in main
[2025-12-05T14:42:10.164+0000] {subprocess.py:93} INFO -     consumer = KafkaConsumer(
[2025-12-05T14:42:10.165+0000] {subprocess.py:93} INFO -   File "/home/***/.local/lib/python3.8/site-packages/kafka/consumer/group.py", line 397, in __init__
[2025-12-05T14:42:10.166+0000] {subprocess.py:93} INFO -     self._client = self.config['kafka_client'](metrics=self._metrics, **self.config)
[2025-12-05T14:42:10.167+0000] {subprocess.py:93} INFO -   File "/home/***/.local/lib/python3.8/site-packages/kafka/client_async.py", line 262, in __init__
[2025-12-05T14:42:10.167+0000] {subprocess.py:93} INFO -     self.config['api_version'] = self.check_version()
[2025-12-05T14:42:10.168+0000] {subprocess.py:93} INFO -   File "/home/***/.local/lib/python3.8/site-packages/kafka/client_async.py", line 1076, in check_version
[2025-12-05T14:42:10.169+0000] {subprocess.py:93} INFO -     raise Errors.NoBrokersAvailable()
[2025-12-05T14:42:10.170+0000] {subprocess.py:93} INFO - kafka.errors.NoBrokersAvailable: NoBrokersAvailable
[2025-12-05T14:42:10.280+0000] {subprocess.py:97} INFO - Command exited with return code 1
[2025-12-05T14:42:10.306+0000] {taskinstance.py:2698} ERROR - Task failed with exception
Traceback (most recent call last):
  File "/home/airflow/.local/lib/python3.8/site-packages/airflow/models/taskinstance.py", line 433, in _execute_task
    result = execute_callable(context=context, **execute_callable_kwargs)
  File "/home/airflow/.local/lib/python3.8/site-packages/airflow/operators/bash.py", line 212, in execute
    raise AirflowException(
airflow.exceptions.AirflowException: Bash command failed. The command returned a non-zero exit code 1.
[2025-12-05T14:42:10.312+0000] {taskinstance.py:1138} INFO - Marking task as UP_FOR_RETRY. dag_id=email_pipeline_dag, task_id=validator, execution_date=20251204T020000, start_date=20251205T144205, end_date=20251205T144210
[2025-12-05T14:42:10.330+0000] {standard_task_runner.py:107} ERROR - Failed to execute job 3 for task validator (Bash command failed. The command returned a non-zero exit code 1.; 197)
[2025-12-05T14:42:10.372+0000] {local_task_job_runner.py:234} INFO - Task exited with return code 1
[2025-12-05T14:42:10.392+0000] {taskinstance.py:3280} INFO - 0 downstream tasks scheduled from follow-on schedule check
