[2025-12-10T13:47:58.042+0000] {taskinstance.py:1956} INFO - Dependencies all met for dep_context=non-requeueable deps ti=<TaskInstance: email_intelligence_pipeline.quality_assurance_gate manual__2025-12-10T13:47:30.451252+00:00 [queued]>
[2025-12-10T13:47:58.052+0000] {taskinstance.py:1956} INFO - Dependencies all met for dep_context=requeueable deps ti=<TaskInstance: email_intelligence_pipeline.quality_assurance_gate manual__2025-12-10T13:47:30.451252+00:00 [queued]>
[2025-12-10T13:47:58.053+0000] {taskinstance.py:2170} INFO - Starting attempt 1 of 1
[2025-12-10T13:47:58.075+0000] {taskinstance.py:2191} INFO - Executing <Task(BashOperator): quality_assurance_gate> on 2025-12-10 13:47:30.451252+00:00
[2025-12-10T13:47:58.088+0000] {standard_task_runner.py:60} INFO - Started process 678 to run task
[2025-12-10T13:47:58.100+0000] {standard_task_runner.py:87} INFO - Running: ['***', 'tasks', 'run', 'email_intelligence_pipeline', 'quality_assurance_gate', 'manual__2025-12-10T13:47:30.451252+00:00', '--job-id', '19', '--raw', '--subdir', 'DAGS_FOLDER/email_pipeline_dag.py', '--cfg-path', '/tmp/tmpa07h9_9h']
[2025-12-10T13:47:58.105+0000] {standard_task_runner.py:88} INFO - Job 19: Subtask quality_assurance_gate
[2025-12-10T13:47:58.243+0000] {task_command.py:423} INFO - Running <TaskInstance: email_intelligence_pipeline.quality_assurance_gate manual__2025-12-10T13:47:30.451252+00:00 [running]> on host d7e466cb886a
[2025-12-10T13:47:58.414+0000] {taskinstance.py:2480} INFO - Exporting env vars: AIRFLOW_CTX_DAG_OWNER='data_team' AIRFLOW_CTX_DAG_ID='email_intelligence_pipeline' AIRFLOW_CTX_TASK_ID='quality_assurance_gate' AIRFLOW_CTX_EXECUTION_DATE='2025-12-10T13:47:30.451252+00:00' AIRFLOW_CTX_TRY_NUMBER='1' AIRFLOW_CTX_DAG_RUN_ID='manual__2025-12-10T13:47:30.451252+00:00'
[2025-12-10T13:47:58.419+0000] {subprocess.py:63} INFO - Tmp dir root location: /tmp
[2025-12-10T13:47:58.425+0000] {subprocess.py:75} INFO - Running command: ['/usr/bin/bash', '-c', '\n        /opt/spark/bin/spark-submit --master local[2] --packages org.apache.hadoop:hadoop-aws:3.3.4             --name QualityAssuranceGate /opt/spark/jobs/data_quality_check.py\n        \n        # V√©rifier le r√©sultat du quality check\n        QUALITY_EXIT_CODE=$?\n        \n        if [ $QUALITY_EXIT_CODE -ne 0 ]; then\n            echo "‚ùå Quality check FAILED (score < 95%)"\n            echo "‚õî Downstream tasks will be SKIPPED"\n            # Toujours retourner 0 pour que quality_gate = SUCCESS\n            exit 0\n        else\n            echo "‚úÖ Quality check PASSED (score >= 95%)"\n            echo "‚úÖ Proceeding to daily aggregation..."\n            exit 0\n        fi\n        ']
[2025-12-10T13:47:58.443+0000] {subprocess.py:86} INFO - Output:
[2025-12-10T13:47:58.459+0000] {subprocess.py:93} INFO - /opt/spark/bin/load-spark-env.sh: line 68: ps: command not found
[2025-12-10T13:48:01.529+0000] {subprocess.py:93} INFO - :: loading settings :: url = jar:file:/opt/spark/jars/ivy-2.5.1.jar!/org/apache/ivy/core/settings/ivysettings.xml
[2025-12-10T13:48:01.615+0000] {subprocess.py:93} INFO - Ivy Default Cache set to: /home/***/.ivy2/cache
[2025-12-10T13:48:01.617+0000] {subprocess.py:93} INFO - The jars for the packages stored in: /home/***/.ivy2/jars
[2025-12-10T13:48:01.623+0000] {subprocess.py:93} INFO - org.apache.hadoop#hadoop-aws added as a dependency
[2025-12-10T13:48:01.630+0000] {subprocess.py:93} INFO - :: resolving dependencies :: org.apache.spark#spark-submit-parent-d930fbde-cae4-45e0-a70b-068843be6827;1.0
[2025-12-10T13:48:01.631+0000] {subprocess.py:93} INFO - 	confs: [default]
[2025-12-10T13:48:01.876+0000] {subprocess.py:93} INFO - 	found org.apache.hadoop#hadoop-aws;3.3.4 in central
[2025-12-10T13:48:01.926+0000] {subprocess.py:93} INFO - 	found com.amazonaws#aws-java-sdk-bundle;1.12.262 in central
[2025-12-10T13:48:01.970+0000] {subprocess.py:93} INFO - 	found org.wildfly.openssl#wildfly-openssl;1.0.7.Final in central
[2025-12-10T13:48:02.004+0000] {subprocess.py:93} INFO - :: resolution report :: resolve 359ms :: artifacts dl 18ms
[2025-12-10T13:48:02.010+0000] {subprocess.py:93} INFO - 	:: modules in use:
[2025-12-10T13:48:02.011+0000] {subprocess.py:93} INFO - 	com.amazonaws#aws-java-sdk-bundle;1.12.262 from central in [default]
[2025-12-10T13:48:02.012+0000] {subprocess.py:93} INFO - 	org.apache.hadoop#hadoop-aws;3.3.4 from central in [default]
[2025-12-10T13:48:02.012+0000] {subprocess.py:93} INFO - 	org.wildfly.openssl#wildfly-openssl;1.0.7.Final from central in [default]
[2025-12-10T13:48:02.013+0000] {subprocess.py:93} INFO - 	---------------------------------------------------------------------
[2025-12-10T13:48:02.014+0000] {subprocess.py:93} INFO - 	|                  |            modules            ||   artifacts   |
[2025-12-10T13:48:02.015+0000] {subprocess.py:93} INFO - 	|       conf       | number| search|dwnlded|evicted|| number|dwnlded|
[2025-12-10T13:48:02.018+0000] {subprocess.py:93} INFO - 	---------------------------------------------------------------------
[2025-12-10T13:48:02.019+0000] {subprocess.py:93} INFO - 	|      default     |   3   |   0   |   0   |   0   ||   3   |   0   |
[2025-12-10T13:48:02.020+0000] {subprocess.py:93} INFO - 	---------------------------------------------------------------------
[2025-12-10T13:48:02.549+0000] {subprocess.py:93} INFO - :: retrieving :: org.apache.spark#spark-submit-parent-d930fbde-cae4-45e0-a70b-068843be6827
[2025-12-10T13:48:02.551+0000] {subprocess.py:93} INFO - 	confs: [default]
[2025-12-10T13:48:02.558+0000] {subprocess.py:93} INFO - 	0 artifacts copied, 3 already retrieved (0kB/7ms)
[2025-12-10T13:48:03.006+0000] {subprocess.py:93} INFO - 25/12/10 13:48:03 WARN NativeCodeLoader: Unable to load native-hadoop library for your platform... using builtin-java classes where applicable
[2025-12-10T13:48:05.068+0000] {subprocess.py:93} INFO - üöÄ Starting Data Quality Check
[2025-12-10T13:48:05.069+0000] {subprocess.py:93} INFO - üìã Required fields: id, from, to, subject, body, date, sender_domain
[2025-12-10T13:48:05.070+0000] {subprocess.py:93} INFO - üìà Quality threshold: 95%
[2025-12-10T13:48:05.071+0000] {subprocess.py:93} INFO - 
[2025-12-10T13:48:05.071+0000] {subprocess.py:93} INFO - üìç Step 1: Creating Spark Session...
[2025-12-10T13:48:05.288+0000] {subprocess.py:93} INFO - 25/12/10 13:48:05 INFO SparkContext: Running Spark version 3.5.0
[2025-12-10T13:48:05.289+0000] {subprocess.py:93} INFO - 25/12/10 13:48:05 INFO SparkContext: OS info Linux, 6.6.87.2-microsoft-standard-WSL2, amd64
[2025-12-10T13:48:05.290+0000] {subprocess.py:93} INFO - 25/12/10 13:48:05 INFO SparkContext: Java version 17.0.17
[2025-12-10T13:48:05.347+0000] {subprocess.py:93} INFO - 25/12/10 13:48:05 INFO ResourceUtils: ==============================================================
[2025-12-10T13:48:05.349+0000] {subprocess.py:93} INFO - 25/12/10 13:48:05 INFO ResourceUtils: No custom resources configured for spark.driver.
[2025-12-10T13:48:05.354+0000] {subprocess.py:93} INFO - 25/12/10 13:48:05 INFO ResourceUtils: ==============================================================
[2025-12-10T13:48:05.355+0000] {subprocess.py:93} INFO - 25/12/10 13:48:05 INFO SparkContext: Submitted application: DataQualityCheck
[2025-12-10T13:48:05.441+0000] {subprocess.py:93} INFO - 25/12/10 13:48:05 INFO ResourceProfile: Default ResourceProfile created, executor resources: Map(cores -> name: cores, amount: 1, script: , vendor: , memory -> name: memory, amount: 1024, script: , vendor: , offHeap -> name: offHeap, amount: 0, script: , vendor: ), task resources: Map(cpus -> name: cpus, amount: 1.0)
[2025-12-10T13:48:05.461+0000] {subprocess.py:93} INFO - 25/12/10 13:48:05 INFO ResourceProfile: Limiting resource is cpu
[2025-12-10T13:48:05.466+0000] {subprocess.py:93} INFO - 25/12/10 13:48:05 INFO ResourceProfileManager: Added ResourceProfile id: 0
[2025-12-10T13:48:05.682+0000] {subprocess.py:93} INFO - 25/12/10 13:48:05 INFO SecurityManager: Changing view acls to: ***
[2025-12-10T13:48:05.686+0000] {subprocess.py:93} INFO - 25/12/10 13:48:05 INFO SecurityManager: Changing modify acls to: ***
[2025-12-10T13:48:05.694+0000] {subprocess.py:93} INFO - 25/12/10 13:48:05 INFO SecurityManager: Changing view acls groups to:
[2025-12-10T13:48:05.695+0000] {subprocess.py:93} INFO - 25/12/10 13:48:05 INFO SecurityManager: Changing modify acls groups to:
[2025-12-10T13:48:05.697+0000] {subprocess.py:93} INFO - 25/12/10 13:48:05 INFO SecurityManager: SecurityManager: authentication disabled; ui acls disabled; users with view permissions: ***; groups with view permissions: EMPTY; users with modify permissions: ***; groups with modify permissions: EMPTY
[2025-12-10T13:48:06.280+0000] {subprocess.py:93} INFO - 25/12/10 13:48:06 INFO Utils: Successfully started service 'sparkDriver' on port 45157.
[2025-12-10T13:48:06.396+0000] {subprocess.py:93} INFO - 25/12/10 13:48:06 INFO SparkEnv: Registering MapOutputTracker
[2025-12-10T13:48:06.480+0000] {subprocess.py:93} INFO - 25/12/10 13:48:06 INFO SparkEnv: Registering BlockManagerMaster
[2025-12-10T13:48:06.546+0000] {subprocess.py:93} INFO - 25/12/10 13:48:06 INFO BlockManagerMasterEndpoint: Using org.apache.spark.storage.DefaultTopologyMapper for getting topology information
[2025-12-10T13:48:06.548+0000] {subprocess.py:93} INFO - 25/12/10 13:48:06 INFO BlockManagerMasterEndpoint: BlockManagerMasterEndpoint up
[2025-12-10T13:48:06.570+0000] {subprocess.py:93} INFO - 25/12/10 13:48:06 INFO SparkEnv: Registering BlockManagerMasterHeartbeat
[2025-12-10T13:48:06.616+0000] {subprocess.py:93} INFO - 25/12/10 13:48:06 INFO DiskBlockManager: Created local directory at /tmp/blockmgr-303f3cb8-5ae9-426c-9989-0b7f1a5a7819
[2025-12-10T13:48:06.645+0000] {subprocess.py:93} INFO - 25/12/10 13:48:06 INFO MemoryStore: MemoryStore started with capacity 434.4 MiB
[2025-12-10T13:48:06.686+0000] {subprocess.py:93} INFO - 25/12/10 13:48:06 INFO SparkEnv: Registering OutputCommitCoordinator
[2025-12-10T13:48:07.288+0000] {subprocess.py:93} INFO - 25/12/10 13:48:07 INFO JettyUtils: Start Jetty 0.0.0.0:4040 for SparkUI
[2025-12-10T13:48:07.506+0000] {subprocess.py:93} INFO - 25/12/10 13:48:07 WARN Utils: Service 'SparkUI' could not bind on port 4040. Attempting port 4041.
[2025-12-10T13:48:07.530+0000] {subprocess.py:93} INFO - 25/12/10 13:48:07 INFO Utils: Successfully started service 'SparkUI' on port 4041.
[2025-12-10T13:48:07.597+0000] {subprocess.py:93} INFO - 25/12/10 13:48:07 INFO SparkContext: Added JAR file:///home/***/.ivy2/jars/org.apache.hadoop_hadoop-aws-3.3.4.jar at spark://d7e466cb886a:45157/jars/org.apache.hadoop_hadoop-aws-3.3.4.jar with timestamp 1765374485279
[2025-12-10T13:48:07.598+0000] {subprocess.py:93} INFO - 25/12/10 13:48:07 INFO SparkContext: Added JAR file:///home/***/.ivy2/jars/com.amazonaws_aws-java-sdk-bundle-1.12.262.jar at spark://d7e466cb886a:45157/jars/com.amazonaws_aws-java-sdk-bundle-1.12.262.jar with timestamp 1765374485279
[2025-12-10T13:48:07.599+0000] {subprocess.py:93} INFO - 25/12/10 13:48:07 INFO SparkContext: Added JAR file:///home/***/.ivy2/jars/org.wildfly.openssl_wildfly-openssl-1.0.7.Final.jar at spark://d7e466cb886a:45157/jars/org.wildfly.openssl_wildfly-openssl-1.0.7.Final.jar with timestamp 1765374485279
[2025-12-10T13:48:07.601+0000] {subprocess.py:93} INFO - 25/12/10 13:48:07 INFO SparkContext: Added file file:///home/***/.ivy2/jars/org.apache.hadoop_hadoop-aws-3.3.4.jar at file:///home/***/.ivy2/jars/org.apache.hadoop_hadoop-aws-3.3.4.jar with timestamp 1765374485279
[2025-12-10T13:48:07.604+0000] {subprocess.py:93} INFO - 25/12/10 13:48:07 INFO Utils: Copying /home/***/.ivy2/jars/org.apache.hadoop_hadoop-aws-3.3.4.jar to /tmp/spark-499453e2-62b1-4c9e-b820-74f5eee01ffc/userFiles-9c1a2694-59da-4615-9e96-63c4e2c4dc5e/org.apache.hadoop_hadoop-aws-3.3.4.jar
[2025-12-10T13:48:07.802+0000] {subprocess.py:93} INFO - 25/12/10 13:48:07 INFO SparkContext: Added file file:///home/***/.ivy2/jars/com.amazonaws_aws-java-sdk-bundle-1.12.262.jar at file:///home/***/.ivy2/jars/com.amazonaws_aws-java-sdk-bundle-1.12.262.jar with timestamp 1765374485279
[2025-12-10T13:48:07.805+0000] {subprocess.py:93} INFO - 25/12/10 13:48:07 INFO Utils: Copying /home/***/.ivy2/jars/com.amazonaws_aws-java-sdk-bundle-1.12.262.jar to /tmp/spark-499453e2-62b1-4c9e-b820-74f5eee01ffc/userFiles-9c1a2694-59da-4615-9e96-63c4e2c4dc5e/com.amazonaws_aws-java-sdk-bundle-1.12.262.jar
[2025-12-10T13:48:07.856+0000] {local_task_job_runner.py:121} ERROR - Received SIGTERM. Terminating subprocesses
[2025-12-10T13:48:07.964+0000] {process_utils.py:131} INFO - Sending 15 to group 678. PIDs of all processes in the group: [685, 686, 744, 678]
[2025-12-10T13:48:07.974+0000] {process_utils.py:86} INFO - Sending the signal 15 to group 678
[2025-12-10T13:48:07.979+0000] {taskinstance.py:2450} ERROR - Received SIGTERM. Terminating subprocesses.
[2025-12-10T13:48:07.981+0000] {subprocess.py:104} INFO - Sending SIGTERM signal to process group
[2025-12-10T13:48:08.206+0000] {taskinstance.py:2698} ERROR - Task failed with exception
Traceback (most recent call last):
  File "/home/airflow/.local/lib/python3.8/site-packages/airflow/models/taskinstance.py", line 428, in _execute_task
    result = execute_callable(context=context, **execute_callable_kwargs)
  File "/home/airflow/.local/lib/python3.8/site-packages/airflow/operators/bash.py", line 203, in execute
    result = self.subprocess_hook.run_command(
  File "/home/airflow/.local/lib/python3.8/site-packages/airflow/hooks/subprocess.py", line 91, in run_command
    for raw_line in iter(self.sub_process.stdout.readline, b""):
  File "/home/airflow/.local/lib/python3.8/site-packages/airflow/models/taskinstance.py", line 2452, in signal_handler
    raise AirflowException("Task received SIGTERM signal")
airflow.exceptions.AirflowException: Task received SIGTERM signal
[2025-12-10T13:48:08.254+0000] {taskinstance.py:1138} INFO - Marking task as FAILED. dag_id=email_intelligence_pipeline, task_id=quality_assurance_gate, execution_date=20251210T134730, start_date=20251210T134758, end_date=20251210T134808
[2025-12-10T13:48:08.352+0000] {standard_task_runner.py:107} ERROR - Failed to execute job 19 for task quality_assurance_gate (Task received SIGTERM signal; 678)
[2025-12-10T13:48:08.431+0000] {process_utils.py:79} INFO - Process psutil.Process(pid=678, status='terminated', exitcode=1, started='13:47:57') (678) terminated with exit code 1
[2025-12-10T13:48:08.727+0000] {process_utils.py:79} INFO - Process psutil.Process(pid=686, status='terminated', started='13:47:57') (686) terminated with exit code None
[2025-12-10T13:48:08.729+0000] {process_utils.py:79} INFO - Process psutil.Process(pid=744, status='terminated', started='13:48:03') (744) terminated with exit code None
[2025-12-10T13:48:08.730+0000] {process_utils.py:79} INFO - Process psutil.Process(pid=685, status='terminated', started='13:47:57') (685) terminated with exit code None
[2025-12-10T13:48:08.731+0000] {local_task_job_runner.py:234} INFO - Task exited with return code 143
[2025-12-10T13:48:08.772+0000] {taskinstance.py:3280} INFO - 0 downstream tasks scheduled from follow-on schedule check
