[2025-12-08T08:19:47.053+0000] {taskinstance.py:1956} INFO - Dependencies all met for dep_context=non-requeueable deps ti=<TaskInstance: email_intelligence_pipeline.quality_assurance_gate scheduled__2025-12-07T02:00:00+00:00 [queued]>
[2025-12-08T08:19:47.118+0000] {taskinstance.py:1956} INFO - Dependencies all met for dep_context=requeueable deps ti=<TaskInstance: email_intelligence_pipeline.quality_assurance_gate scheduled__2025-12-07T02:00:00+00:00 [queued]>
[2025-12-08T08:19:47.126+0000] {taskinstance.py:2170} INFO - Starting attempt 1 of 1
[2025-12-08T08:19:47.202+0000] {taskinstance.py:2191} INFO - Executing <Task(BashOperator): quality_assurance_gate> on 2025-12-07 02:00:00+00:00
[2025-12-08T08:19:47.236+0000] {standard_task_runner.py:60} INFO - Started process 401 to run task
[2025-12-08T08:19:47.258+0000] {standard_task_runner.py:87} INFO - Running: ['***', 'tasks', 'run', 'email_intelligence_pipeline', 'quality_assurance_gate', 'scheduled__2025-12-07T02:00:00+00:00', '--job-id', '219', '--raw', '--subdir', 'DAGS_FOLDER/email_pipeline_dag.py', '--cfg-path', '/tmp/tmpt3gzz9aw']
[2025-12-08T08:19:47.273+0000] {standard_task_runner.py:88} INFO - Job 219: Subtask quality_assurance_gate
[2025-12-08T08:19:47.719+0000] {task_command.py:423} INFO - Running <TaskInstance: email_intelligence_pipeline.quality_assurance_gate scheduled__2025-12-07T02:00:00+00:00 [running]> on host 3db08845f297
[2025-12-08T08:19:48.252+0000] {taskinstance.py:2480} INFO - Exporting env vars: AIRFLOW_CTX_DAG_OWNER='data_team' AIRFLOW_CTX_DAG_ID='email_intelligence_pipeline' AIRFLOW_CTX_TASK_ID='quality_assurance_gate' AIRFLOW_CTX_EXECUTION_DATE='2025-12-07T02:00:00+00:00' AIRFLOW_CTX_TRY_NUMBER='1' AIRFLOW_CTX_DAG_RUN_ID='scheduled__2025-12-07T02:00:00+00:00'
[2025-12-08T08:19:48.261+0000] {subprocess.py:63} INFO - Tmp dir root location: /tmp
[2025-12-08T08:19:48.267+0000] {subprocess.py:75} INFO - Running command: ['/usr/bin/bash', '-c', '\n        /opt/spark/bin/spark-submit --master local[2] --packages org.apache.hadoop:hadoop-aws:3.3.4             --name QualityAssuranceGate /opt/spark/jobs/data_quality_check.py\n        \n        # V√©rifier le r√©sultat du quality check\n        QUALITY_EXIT_CODE=$?\n        \n        if [ $QUALITY_EXIT_CODE -ne 0 ]; then\n            echo "‚ùå Quality check FAILED (score < 95%)"\n            echo "‚õî Downstream tasks will be SKIPPED"\n            # Toujours retourner 0 pour que quality_gate = SUCCESS\n            exit 0\n        else\n            echo "‚úÖ Quality check PASSED (score >= 95%)"\n            echo "‚úÖ Proceeding to daily aggregation..."\n            exit 0\n        fi\n        ']
[2025-12-08T08:19:48.375+0000] {subprocess.py:86} INFO - Output:
[2025-12-08T08:19:48.477+0000] {subprocess.py:93} INFO - /opt/spark/bin/load-spark-env.sh: line 68: ps: command not found
[2025-12-08T08:20:02.242+0000] {subprocess.py:93} INFO - :: loading settings :: url = jar:file:/opt/spark/jars/ivy-2.5.1.jar!/org/apache/ivy/core/settings/ivysettings.xml
[2025-12-08T08:20:02.643+0000] {subprocess.py:93} INFO - Ivy Default Cache set to: /home/***/.ivy2/cache
[2025-12-08T08:20:02.654+0000] {subprocess.py:93} INFO - The jars for the packages stored in: /home/***/.ivy2/jars
[2025-12-08T08:20:02.663+0000] {subprocess.py:93} INFO - org.apache.hadoop#hadoop-aws added as a dependency
[2025-12-08T08:20:02.668+0000] {subprocess.py:93} INFO - :: resolving dependencies :: org.apache.spark#spark-submit-parent-e4cb407e-d1ad-43cf-89b0-810513ece300;1.0
[2025-12-08T08:20:02.669+0000] {subprocess.py:93} INFO - 	confs: [default]
[2025-12-08T08:20:03.499+0000] {subprocess.py:93} INFO - 	found org.apache.hadoop#hadoop-aws;3.3.4 in central
[2025-12-08T08:20:03.598+0000] {subprocess.py:93} INFO - 	found com.amazonaws#aws-java-sdk-bundle;1.12.262 in central
[2025-12-08T08:20:03.688+0000] {subprocess.py:93} INFO - 	found org.wildfly.openssl#wildfly-openssl;1.0.7.Final in central
[2025-12-08T08:20:03.819+0000] {subprocess.py:93} INFO - :: resolution report :: resolve 1086ms :: artifacts dl 61ms
[2025-12-08T08:20:03.827+0000] {subprocess.py:93} INFO - 	:: modules in use:
[2025-12-08T08:20:03.835+0000] {subprocess.py:93} INFO - 	com.amazonaws#aws-java-sdk-bundle;1.12.262 from central in [default]
[2025-12-08T08:20:03.837+0000] {subprocess.py:93} INFO - 	org.apache.hadoop#hadoop-aws;3.3.4 from central in [default]
[2025-12-08T08:20:03.840+0000] {subprocess.py:93} INFO - 	org.wildfly.openssl#wildfly-openssl;1.0.7.Final from central in [default]
[2025-12-08T08:20:03.843+0000] {subprocess.py:93} INFO - 	---------------------------------------------------------------------
[2025-12-08T08:20:03.846+0000] {subprocess.py:93} INFO - 	|                  |            modules            ||   artifacts   |
[2025-12-08T08:20:03.849+0000] {subprocess.py:93} INFO - 	|       conf       | number| search|dwnlded|evicted|| number|dwnlded|
[2025-12-08T08:20:03.852+0000] {subprocess.py:93} INFO - 	---------------------------------------------------------------------
[2025-12-08T08:20:03.855+0000] {subprocess.py:93} INFO - 	|      default     |   3   |   0   |   0   |   0   ||   3   |   0   |
[2025-12-08T08:20:03.863+0000] {subprocess.py:93} INFO - 	---------------------------------------------------------------------
[2025-12-08T08:20:03.865+0000] {subprocess.py:93} INFO - :: retrieving :: org.apache.spark#spark-submit-parent-e4cb407e-d1ad-43cf-89b0-810513ece300
[2025-12-08T08:20:03.866+0000] {subprocess.py:93} INFO - 	confs: [default]
[2025-12-08T08:20:03.871+0000] {subprocess.py:93} INFO - 	0 artifacts copied, 3 already retrieved (0kB/25ms)
[2025-12-08T08:20:05.269+0000] {subprocess.py:93} INFO - 25/12/08 08:20:05 WARN NativeCodeLoader: Unable to load native-hadoop library for your platform... using builtin-java classes where applicable
[2025-12-08T08:20:12.544+0000] {subprocess.py:93} INFO - üöÄ Starting Data Quality Check
[2025-12-08T08:20:12.558+0000] {subprocess.py:93} INFO - üìã Required fields: id, from, to, subject, body, date, sender_domain
[2025-12-08T08:20:12.559+0000] {subprocess.py:93} INFO - üìà Quality threshold: 95%
[2025-12-08T08:20:12.560+0000] {subprocess.py:93} INFO - 
[2025-12-08T08:20:12.561+0000] {subprocess.py:93} INFO - üìç Step 1: Creating Spark Session...
[2025-12-08T08:20:14.466+0000] {subprocess.py:93} INFO - 25/12/08 08:20:14 INFO SparkContext: Running Spark version 3.5.0
[2025-12-08T08:20:14.468+0000] {subprocess.py:93} INFO - 25/12/08 08:20:14 INFO SparkContext: OS info Linux, 6.6.87.2-microsoft-standard-WSL2, amd64
[2025-12-08T08:20:14.470+0000] {subprocess.py:93} INFO - 25/12/08 08:20:14 INFO SparkContext: Java version 17.0.17
[2025-12-08T08:20:14.568+0000] {subprocess.py:93} INFO - 25/12/08 08:20:14 INFO ResourceUtils: ==============================================================
[2025-12-08T08:20:14.571+0000] {subprocess.py:93} INFO - 25/12/08 08:20:14 INFO ResourceUtils: No custom resources configured for spark.driver.
[2025-12-08T08:20:14.572+0000] {subprocess.py:93} INFO - 25/12/08 08:20:14 INFO ResourceUtils: ==============================================================
[2025-12-08T08:20:14.574+0000] {subprocess.py:93} INFO - 25/12/08 08:20:14 INFO SparkContext: Submitted application: DataQualityCheck
[2025-12-08T08:20:14.704+0000] {subprocess.py:93} INFO - 25/12/08 08:20:14 INFO ResourceProfile: Default ResourceProfile created, executor resources: Map(cores -> name: cores, amount: 1, script: , vendor: , memory -> name: memory, amount: 1024, script: , vendor: , offHeap -> name: offHeap, amount: 0, script: , vendor: ), task resources: Map(cpus -> name: cpus, amount: 1.0)
[2025-12-08T08:20:14.722+0000] {subprocess.py:93} INFO - 25/12/08 08:20:14 INFO ResourceProfile: Limiting resource is cpu
[2025-12-08T08:20:14.724+0000] {subprocess.py:93} INFO - 25/12/08 08:20:14 INFO ResourceProfileManager: Added ResourceProfile id: 0
[2025-12-08T08:20:14.909+0000] {subprocess.py:93} INFO - 25/12/08 08:20:14 INFO SecurityManager: Changing view acls to: ***
[2025-12-08T08:20:14.913+0000] {subprocess.py:93} INFO - 25/12/08 08:20:14 INFO SecurityManager: Changing modify acls to: ***
[2025-12-08T08:20:14.915+0000] {subprocess.py:93} INFO - 25/12/08 08:20:14 INFO SecurityManager: Changing view acls groups to:
[2025-12-08T08:20:14.916+0000] {subprocess.py:93} INFO - 25/12/08 08:20:14 INFO SecurityManager: Changing modify acls groups to:
[2025-12-08T08:20:14.918+0000] {subprocess.py:93} INFO - 25/12/08 08:20:14 INFO SecurityManager: SecurityManager: authentication disabled; ui acls disabled; users with view permissions: ***; groups with view permissions: EMPTY; users with modify permissions: ***; groups with modify permissions: EMPTY
[2025-12-08T08:20:16.808+0000] {subprocess.py:93} INFO - 25/12/08 08:20:16 INFO Utils: Successfully started service 'sparkDriver' on port 46661.
[2025-12-08T08:20:17.051+0000] {subprocess.py:93} INFO - 25/12/08 08:20:17 INFO SparkEnv: Registering MapOutputTracker
[2025-12-08T08:20:17.289+0000] {subprocess.py:93} INFO - 25/12/08 08:20:17 INFO SparkEnv: Registering BlockManagerMaster
[2025-12-08T08:20:17.425+0000] {subprocess.py:93} INFO - 25/12/08 08:20:17 INFO BlockManagerMasterEndpoint: Using org.apache.spark.storage.DefaultTopologyMapper for getting topology information
[2025-12-08T08:20:17.429+0000] {subprocess.py:93} INFO - 25/12/08 08:20:17 INFO BlockManagerMasterEndpoint: BlockManagerMasterEndpoint up
[2025-12-08T08:20:17.452+0000] {subprocess.py:93} INFO - 25/12/08 08:20:17 INFO SparkEnv: Registering BlockManagerMasterHeartbeat
[2025-12-08T08:20:17.636+0000] {subprocess.py:93} INFO - 25/12/08 08:20:17 INFO DiskBlockManager: Created local directory at /tmp/blockmgr-a787b7ad-11a8-4b45-b9d2-84bf400f748f
[2025-12-08T08:20:18.225+0000] {subprocess.py:93} INFO - 25/12/08 08:20:18 INFO MemoryStore: MemoryStore started with capacity 434.4 MiB
[2025-12-08T08:20:18.332+0000] {subprocess.py:93} INFO - 25/12/08 08:20:18 INFO SparkEnv: Registering OutputCommitCoordinator
[2025-12-08T08:20:19.558+0000] {subprocess.py:93} INFO - 25/12/08 08:20:19 INFO JettyUtils: Start Jetty 0.0.0.0:4040 for SparkUI
[2025-12-08T08:20:19.785+0000] {subprocess.py:93} INFO - 25/12/08 08:20:19 WARN Utils: Service 'SparkUI' could not bind on port 4040. Attempting port 4041.
[2025-12-08T08:20:19.787+0000] {subprocess.py:93} INFO - 25/12/08 08:20:19 WARN Utils: Service 'SparkUI' could not bind on port 4041. Attempting port 4042.
[2025-12-08T08:20:19.804+0000] {subprocess.py:93} INFO - 25/12/08 08:20:19 INFO Utils: Successfully started service 'SparkUI' on port 4042.
[2025-12-08T08:20:19.961+0000] {subprocess.py:93} INFO - 25/12/08 08:20:19 INFO SparkContext: Added JAR file:///home/***/.ivy2/jars/org.apache.hadoop_hadoop-aws-3.3.4.jar at spark://3db08845f297:46661/jars/org.apache.hadoop_hadoop-aws-3.3.4.jar with timestamp 1765182014427
[2025-12-08T08:20:19.971+0000] {subprocess.py:93} INFO - 25/12/08 08:20:19 INFO SparkContext: Added JAR file:///home/***/.ivy2/jars/com.amazonaws_aws-java-sdk-bundle-1.12.262.jar at spark://3db08845f297:46661/jars/com.amazonaws_aws-java-sdk-bundle-1.12.262.jar with timestamp 1765182014427
[2025-12-08T08:20:19.973+0000] {subprocess.py:93} INFO - 25/12/08 08:20:19 INFO SparkContext: Added JAR file:///home/***/.ivy2/jars/org.wildfly.openssl_wildfly-openssl-1.0.7.Final.jar at spark://3db08845f297:46661/jars/org.wildfly.openssl_wildfly-openssl-1.0.7.Final.jar with timestamp 1765182014427
[2025-12-08T08:20:19.987+0000] {subprocess.py:93} INFO - 25/12/08 08:20:19 INFO SparkContext: Added file file:///home/***/.ivy2/jars/org.apache.hadoop_hadoop-aws-3.3.4.jar at file:///home/***/.ivy2/jars/org.apache.hadoop_hadoop-aws-3.3.4.jar with timestamp 1765182014427
[2025-12-08T08:20:19.996+0000] {subprocess.py:93} INFO - 25/12/08 08:20:19 INFO Utils: Copying /home/***/.ivy2/jars/org.apache.hadoop_hadoop-aws-3.3.4.jar to /tmp/spark-32df9554-2207-4363-a485-6cecea8b353c/userFiles-595d6a72-a491-4d65-84fe-c38942ab08ab/org.apache.hadoop_hadoop-aws-3.3.4.jar
[2025-12-08T08:20:20.160+0000] {subprocess.py:93} INFO - 25/12/08 08:20:20 INFO SparkContext: Added file file:///home/***/.ivy2/jars/com.amazonaws_aws-java-sdk-bundle-1.12.262.jar at file:///home/***/.ivy2/jars/com.amazonaws_aws-java-sdk-bundle-1.12.262.jar with timestamp 1765182014427
[2025-12-08T08:20:20.163+0000] {subprocess.py:93} INFO - 25/12/08 08:20:20 INFO Utils: Copying /home/***/.ivy2/jars/com.amazonaws_aws-java-sdk-bundle-1.12.262.jar to /tmp/spark-32df9554-2207-4363-a485-6cecea8b353c/userFiles-595d6a72-a491-4d65-84fe-c38942ab08ab/com.amazonaws_aws-java-sdk-bundle-1.12.262.jar
[2025-12-08T08:20:29.184+0000] {subprocess.py:93} INFO - 25/12/08 08:20:29 INFO SparkContext: Added file file:///home/***/.ivy2/jars/org.wildfly.openssl_wildfly-openssl-1.0.7.Final.jar at file:///home/***/.ivy2/jars/org.wildfly.openssl_wildfly-openssl-1.0.7.Final.jar with timestamp 1765182014427
[2025-12-08T08:20:29.212+0000] {subprocess.py:93} INFO - 25/12/08 08:20:29 INFO Utils: Copying /home/***/.ivy2/jars/org.wildfly.openssl_wildfly-openssl-1.0.7.Final.jar to /tmp/spark-32df9554-2207-4363-a485-6cecea8b353c/userFiles-595d6a72-a491-4d65-84fe-c38942ab08ab/org.wildfly.openssl_wildfly-openssl-1.0.7.Final.jar
[2025-12-08T08:20:30.711+0000] {subprocess.py:93} INFO - 25/12/08 08:20:30 INFO Executor: Starting executor ID driver on host 3db08845f297
[2025-12-08T08:20:30.713+0000] {subprocess.py:93} INFO - 25/12/08 08:20:30 INFO Executor: OS info Linux, 6.6.87.2-microsoft-standard-WSL2, amd64
[2025-12-08T08:20:30.715+0000] {subprocess.py:93} INFO - 25/12/08 08:20:30 INFO Executor: Java version 17.0.17
[2025-12-08T08:20:30.775+0000] {subprocess.py:93} INFO - 25/12/08 08:20:30 INFO Executor: Starting executor with user classpath (userClassPathFirst = false): ''
[2025-12-08T08:20:30.793+0000] {subprocess.py:93} INFO - 25/12/08 08:20:30 INFO Executor: Created or updated repl class loader org.apache.spark.util.MutableURLClassLoader@27ef2167 for default.
[2025-12-08T08:20:30.911+0000] {subprocess.py:93} INFO - 25/12/08 08:20:30 INFO Executor: Fetching file:///home/***/.ivy2/jars/com.amazonaws_aws-java-sdk-bundle-1.12.262.jar with timestamp 1765182014427
[2025-12-08T08:20:33.714+0000] {subprocess.py:93} INFO - 25/12/08 08:20:33 INFO Utils: /home/***/.ivy2/jars/com.amazonaws_aws-java-sdk-bundle-1.12.262.jar has been previously copied to /tmp/spark-32df9554-2207-4363-a485-6cecea8b353c/userFiles-595d6a72-a491-4d65-84fe-c38942ab08ab/com.amazonaws_aws-java-sdk-bundle-1.12.262.jar
[2025-12-08T08:20:33.760+0000] {subprocess.py:93} INFO - 25/12/08 08:20:33 INFO Executor: Fetching file:///home/***/.ivy2/jars/org.wildfly.openssl_wildfly-openssl-1.0.7.Final.jar with timestamp 1765182014427
[2025-12-08T08:20:33.768+0000] {subprocess.py:93} INFO - 25/12/08 08:20:33 INFO Utils: /home/***/.ivy2/jars/org.wildfly.openssl_wildfly-openssl-1.0.7.Final.jar has been previously copied to /tmp/spark-32df9554-2207-4363-a485-6cecea8b353c/userFiles-595d6a72-a491-4d65-84fe-c38942ab08ab/org.wildfly.openssl_wildfly-openssl-1.0.7.Final.jar
[2025-12-08T08:20:33.783+0000] {subprocess.py:93} INFO - 25/12/08 08:20:33 INFO Executor: Fetching file:///home/***/.ivy2/jars/org.apache.hadoop_hadoop-aws-3.3.4.jar with timestamp 1765182014427
[2025-12-08T08:20:33.795+0000] {subprocess.py:93} INFO - 25/12/08 08:20:33 INFO Utils: /home/***/.ivy2/jars/org.apache.hadoop_hadoop-aws-3.3.4.jar has been previously copied to /tmp/spark-32df9554-2207-4363-a485-6cecea8b353c/userFiles-595d6a72-a491-4d65-84fe-c38942ab08ab/org.apache.hadoop_hadoop-aws-3.3.4.jar
[2025-12-08T08:20:33.827+0000] {subprocess.py:93} INFO - 25/12/08 08:20:33 INFO Executor: Fetching spark://3db08845f297:46661/jars/org.apache.hadoop_hadoop-aws-3.3.4.jar with timestamp 1765182014427
[2025-12-08T08:20:34.157+0000] {subprocess.py:93} INFO - 25/12/08 08:20:34 INFO TransportClientFactory: Successfully created connection to 3db08845f297/172.20.0.9:46661 after 166 ms (0 ms spent in bootstraps)
[2025-12-08T08:20:34.202+0000] {subprocess.py:93} INFO - 25/12/08 08:20:34 INFO Utils: Fetching spark://3db08845f297:46661/jars/org.apache.hadoop_hadoop-aws-3.3.4.jar to /tmp/spark-32df9554-2207-4363-a485-6cecea8b353c/userFiles-595d6a72-a491-4d65-84fe-c38942ab08ab/fetchFileTemp15648611090998619308.tmp
[2025-12-08T08:20:34.319+0000] {subprocess.py:93} INFO - 25/12/08 08:20:34 INFO Utils: /tmp/spark-32df9554-2207-4363-a485-6cecea8b353c/userFiles-595d6a72-a491-4d65-84fe-c38942ab08ab/fetchFileTemp15648611090998619308.tmp has been previously copied to /tmp/spark-32df9554-2207-4363-a485-6cecea8b353c/userFiles-595d6a72-a491-4d65-84fe-c38942ab08ab/org.apache.hadoop_hadoop-aws-3.3.4.jar
[2025-12-08T08:20:34.336+0000] {subprocess.py:93} INFO - 25/12/08 08:20:34 INFO Executor: Adding file:/tmp/spark-32df9554-2207-4363-a485-6cecea8b353c/userFiles-595d6a72-a491-4d65-84fe-c38942ab08ab/org.apache.hadoop_hadoop-aws-3.3.4.jar to class loader default
[2025-12-08T08:20:34.338+0000] {subprocess.py:93} INFO - 25/12/08 08:20:34 INFO Executor: Fetching spark://3db08845f297:46661/jars/com.amazonaws_aws-java-sdk-bundle-1.12.262.jar with timestamp 1765182014427
[2025-12-08T08:20:34.345+0000] {subprocess.py:93} INFO - 25/12/08 08:20:34 INFO Utils: Fetching spark://3db08845f297:46661/jars/com.amazonaws_aws-java-sdk-bundle-1.12.262.jar to /tmp/spark-32df9554-2207-4363-a485-6cecea8b353c/userFiles-595d6a72-a491-4d65-84fe-c38942ab08ab/fetchFileTemp5916587283520806702.tmp
[2025-12-08T08:20:36.222+0000] {subprocess.py:93} INFO - 25/12/08 08:20:36 INFO Utils: /tmp/spark-32df9554-2207-4363-a485-6cecea8b353c/userFiles-595d6a72-a491-4d65-84fe-c38942ab08ab/fetchFileTemp5916587283520806702.tmp has been previously copied to /tmp/spark-32df9554-2207-4363-a485-6cecea8b353c/userFiles-595d6a72-a491-4d65-84fe-c38942ab08ab/com.amazonaws_aws-java-sdk-bundle-1.12.262.jar
[2025-12-08T08:20:36.297+0000] {subprocess.py:93} INFO - 25/12/08 08:20:36 INFO Executor: Adding file:/tmp/spark-32df9554-2207-4363-a485-6cecea8b353c/userFiles-595d6a72-a491-4d65-84fe-c38942ab08ab/com.amazonaws_aws-java-sdk-bundle-1.12.262.jar to class loader default
[2025-12-08T08:20:36.299+0000] {subprocess.py:93} INFO - 25/12/08 08:20:36 INFO Executor: Fetching spark://3db08845f297:46661/jars/org.wildfly.openssl_wildfly-openssl-1.0.7.Final.jar with timestamp 1765182014427
[2025-12-08T08:20:36.302+0000] {subprocess.py:93} INFO - 25/12/08 08:20:36 INFO Utils: Fetching spark://3db08845f297:46661/jars/org.wildfly.openssl_wildfly-openssl-1.0.7.Final.jar to /tmp/spark-32df9554-2207-4363-a485-6cecea8b353c/userFiles-595d6a72-a491-4d65-84fe-c38942ab08ab/fetchFileTemp8135022672987184747.tmp
[2025-12-08T08:20:36.319+0000] {subprocess.py:93} INFO - 25/12/08 08:20:36 INFO Utils: /tmp/spark-32df9554-2207-4363-a485-6cecea8b353c/userFiles-595d6a72-a491-4d65-84fe-c38942ab08ab/fetchFileTemp8135022672987184747.tmp has been previously copied to /tmp/spark-32df9554-2207-4363-a485-6cecea8b353c/userFiles-595d6a72-a491-4d65-84fe-c38942ab08ab/org.wildfly.openssl_wildfly-openssl-1.0.7.Final.jar
[2025-12-08T08:20:36.333+0000] {subprocess.py:93} INFO - 25/12/08 08:20:36 INFO Executor: Adding file:/tmp/spark-32df9554-2207-4363-a485-6cecea8b353c/userFiles-595d6a72-a491-4d65-84fe-c38942ab08ab/org.wildfly.openssl_wildfly-openssl-1.0.7.Final.jar to class loader default
[2025-12-08T08:20:36.375+0000] {subprocess.py:93} INFO - 25/12/08 08:20:36 INFO Utils: Successfully started service 'org.apache.spark.network.netty.NettyBlockTransferService' on port 46721.
[2025-12-08T08:20:36.376+0000] {subprocess.py:93} INFO - 25/12/08 08:20:36 INFO NettyBlockTransferService: Server created on 3db08845f297:46721
[2025-12-08T08:20:36.387+0000] {subprocess.py:93} INFO - 25/12/08 08:20:36 INFO BlockManager: Using org.apache.spark.storage.RandomBlockReplicationPolicy for block replication policy
[2025-12-08T08:20:36.443+0000] {subprocess.py:93} INFO - 25/12/08 08:20:36 INFO BlockManagerMaster: Registering BlockManager BlockManagerId(driver, 3db08845f297, 46721, None)
[2025-12-08T08:20:36.465+0000] {subprocess.py:93} INFO - 25/12/08 08:20:36 INFO BlockManagerMasterEndpoint: Registering block manager 3db08845f297:46721 with 434.4 MiB RAM, BlockManagerId(driver, 3db08845f297, 46721, None)
[2025-12-08T08:20:36.481+0000] {subprocess.py:93} INFO - 25/12/08 08:20:36 INFO BlockManagerMaster: Registered BlockManager BlockManagerId(driver, 3db08845f297, 46721, None)
[2025-12-08T08:20:36.486+0000] {subprocess.py:93} INFO - 25/12/08 08:20:36 INFO BlockManager: Initialized BlockManager: BlockManagerId(driver, 3db08845f297, 46721, None)
[2025-12-08T08:20:38.487+0000] {subprocess.py:93} INFO - ‚úÖ Spark Session created successfully!
[2025-12-08T08:20:38.488+0000] {subprocess.py:93} INFO - 
[2025-12-08T08:20:38.496+0000] {subprocess.py:93} INFO - üìç Step 2: Reading Bronze Layer...
[2025-12-08T08:20:38.498+0000] {subprocess.py:93} INFO - üìÇ Reading from: s3a://datalake/bronze/emails/
[2025-12-08T08:20:38.521+0000] {subprocess.py:93} INFO - 25/12/08 08:20:38 INFO SharedState: Setting hive.metastore.warehouse.dir ('null') to the value of spark.sql.warehouse.dir.
[2025-12-08T08:20:38.529+0000] {subprocess.py:93} INFO - 25/12/08 08:20:38 INFO SharedState: Warehouse path is 'file:/tmp/***tmppvxv8s7c/spark-warehouse'.
[2025-12-08T08:20:41.235+0000] {subprocess.py:93} INFO - 25/12/08 08:20:41 WARN MetricsConfig: Cannot locate configuration: tried hadoop-metrics2-s3a-file-system.properties,hadoop-metrics2.properties
[2025-12-08T08:20:41.284+0000] {subprocess.py:93} INFO - 25/12/08 08:20:41 INFO MetricsSystemImpl: Scheduled Metric snapshot period at 10 second(s).
[2025-12-08T08:20:41.285+0000] {subprocess.py:93} INFO - 25/12/08 08:20:41 INFO MetricsSystemImpl: s3a-file-system metrics system started
[2025-12-08T08:20:43.979+0000] {subprocess.py:93} INFO - 25/12/08 08:20:43 INFO MetadataLogFileIndex: Reading streaming file log from s3a://datalake/bronze/emails/_spark_metadata
[2025-12-08T08:20:44.190+0000] {subprocess.py:93} INFO - 25/12/08 08:20:44 INFO FileStreamSinkLog: BatchIds found from listing: 0, 1, 2, 3, 4, 5, 6
[2025-12-08T08:20:44.247+0000] {subprocess.py:93} INFO - 25/12/08 08:20:44 INFO FileStreamSinkLog: Set the compact interval to 10 [defaultCompactInterval: 10]
[2025-12-08T08:20:44.264+0000] {subprocess.py:93} INFO - 25/12/08 08:20:44 INFO deprecation: org.apache.hadoop.shaded.io.bytes.per.checksum is deprecated. Instead, use dfs.bytes-per-checksum
[2025-12-08T08:20:45.917+0000] {subprocess.py:93} INFO - 25/12/08 08:20:45 INFO SparkContext: Starting job: parquet at NativeMethodAccessorImpl.java:0
[2025-12-08T08:20:45.960+0000] {subprocess.py:93} INFO - 25/12/08 08:20:45 INFO DAGScheduler: Got job 0 (parquet at NativeMethodAccessorImpl.java:0) with 1 output partitions
[2025-12-08T08:20:45.961+0000] {subprocess.py:93} INFO - 25/12/08 08:20:45 INFO DAGScheduler: Final stage: ResultStage 0 (parquet at NativeMethodAccessorImpl.java:0)
[2025-12-08T08:20:45.962+0000] {subprocess.py:93} INFO - 25/12/08 08:20:45 INFO DAGScheduler: Parents of final stage: List()
[2025-12-08T08:20:45.964+0000] {subprocess.py:93} INFO - 25/12/08 08:20:45 INFO DAGScheduler: Missing parents: List()
[2025-12-08T08:20:45.968+0000] {subprocess.py:93} INFO - 25/12/08 08:20:45 INFO DAGScheduler: Submitting ResultStage 0 (MapPartitionsRDD[1] at parquet at NativeMethodAccessorImpl.java:0), which has no missing parents
[2025-12-08T08:20:46.179+0000] {subprocess.py:93} INFO - 25/12/08 08:20:46 INFO MemoryStore: Block broadcast_0 stored as values in memory (estimated size 105.5 KiB, free 434.3 MiB)
[2025-12-08T08:20:46.269+0000] {subprocess.py:93} INFO - 25/12/08 08:20:46 INFO MemoryStore: Block broadcast_0_piece0 stored as bytes in memory (estimated size 38.2 KiB, free 434.3 MiB)
[2025-12-08T08:20:46.277+0000] {subprocess.py:93} INFO - 25/12/08 08:20:46 INFO BlockManagerInfo: Added broadcast_0_piece0 in memory on 3db08845f297:46721 (size: 38.2 KiB, free: 434.4 MiB)
[2025-12-08T08:20:46.287+0000] {subprocess.py:93} INFO - 25/12/08 08:20:46 INFO SparkContext: Created broadcast 0 from broadcast at DAGScheduler.scala:1580
[2025-12-08T08:20:46.314+0000] {subprocess.py:93} INFO - 25/12/08 08:20:46 INFO DAGScheduler: Submitting 1 missing tasks from ResultStage 0 (MapPartitionsRDD[1] at parquet at NativeMethodAccessorImpl.java:0) (first 15 tasks are for partitions Vector(0))
[2025-12-08T08:20:46.316+0000] {subprocess.py:93} INFO - 25/12/08 08:20:46 INFO TaskSchedulerImpl: Adding task set 0.0 with 1 tasks resource profile 0
[2025-12-08T08:20:46.420+0000] {subprocess.py:93} INFO - 25/12/08 08:20:46 INFO TaskSetManager: Starting task 0.0 in stage 0.0 (TID 0) (3db08845f297, executor driver, partition 0, PROCESS_LOCAL, 8496 bytes)
[2025-12-08T08:20:46.463+0000] {subprocess.py:93} INFO - 25/12/08 08:20:46 INFO Executor: Running task 0.0 in stage 0.0 (TID 0)
[2025-12-08T08:20:46.903+0000] {subprocess.py:93} INFO - 25/12/08 08:20:46 INFO S3AInputStream: Switching to Random IO seek policy
[2025-12-08T08:20:48.106+0000] {subprocess.py:93} INFO - 25/12/08 08:20:48 INFO Executor: Finished task 0.0 in stage 0.0 (TID 0). 2212 bytes result sent to driver
[2025-12-08T08:20:48.152+0000] {subprocess.py:93} INFO - 25/12/08 08:20:48 INFO TaskSetManager: Finished task 0.0 in stage 0.0 (TID 0) in 1768 ms on 3db08845f297 (executor driver) (1/1)
[2025-12-08T08:20:48.162+0000] {subprocess.py:93} INFO - 25/12/08 08:20:48 INFO TaskSchedulerImpl: Removed TaskSet 0.0, whose tasks have all completed, from pool
[2025-12-08T08:20:48.177+0000] {subprocess.py:93} INFO - 25/12/08 08:20:48 INFO DAGScheduler: ResultStage 0 (parquet at NativeMethodAccessorImpl.java:0) finished in 2.183 s
[2025-12-08T08:20:48.189+0000] {subprocess.py:93} INFO - 25/12/08 08:20:48 INFO DAGScheduler: Job 0 is finished. Cancelling potential speculative or zombie tasks for this job
[2025-12-08T08:20:48.191+0000] {subprocess.py:93} INFO - 25/12/08 08:20:48 INFO TaskSchedulerImpl: Killing all running tasks in stage 0: Stage finished
[2025-12-08T08:20:48.197+0000] {subprocess.py:93} INFO - 25/12/08 08:20:48 INFO DAGScheduler: Job 0 finished: parquet at NativeMethodAccessorImpl.java:0, took 2.278195 s
[2025-12-08T08:20:50.701+0000] {subprocess.py:93} INFO - 25/12/08 08:20:50 INFO BlockManagerInfo: Removed broadcast_0_piece0 on 3db08845f297:46721 in memory (size: 38.2 KiB, free: 434.4 MiB)
[2025-12-08T08:20:53.016+0000] {subprocess.py:93} INFO - 25/12/08 08:20:53 INFO FileSourceStrategy: Pushed Filters:
[2025-12-08T08:20:53.028+0000] {subprocess.py:93} INFO - 25/12/08 08:20:53 INFO FileSourceStrategy: Post-Scan Filters:
[2025-12-08T08:21:02.243+0000] {subprocess.py:93} INFO - 25/12/08 08:21:02 INFO CodeGenerator: Code generated in 4716.858082 ms
[2025-12-08T08:21:02.660+0000] {subprocess.py:93} INFO - 25/12/08 08:21:02 INFO MemoryStore: Block broadcast_1 stored as values in memory (estimated size 204.5 KiB, free 434.2 MiB)
[2025-12-08T08:21:03.021+0000] {subprocess.py:93} INFO - 25/12/08 08:21:02 INFO MemoryStore: Block broadcast_1_piece0 stored as bytes in memory (estimated size 35.6 KiB, free 434.2 MiB)
[2025-12-08T08:21:03.103+0000] {subprocess.py:93} INFO - 25/12/08 08:21:03 INFO BlockManagerInfo: Added broadcast_1_piece0 in memory on 3db08845f297:46721 (size: 35.6 KiB, free: 434.4 MiB)
[2025-12-08T08:21:03.112+0000] {subprocess.py:93} INFO - 25/12/08 08:21:03 INFO SparkContext: Created broadcast 1 from count at NativeMethodAccessorImpl.java:0
[2025-12-08T08:21:05.281+0000] {job.py:213} ERROR - Job heartbeat got an exception
Traceback (most recent call last):
  File "/home/airflow/.local/lib/python3.8/site-packages/sqlalchemy/engine/base.py", line 3371, in _wrap_pool_connect
    return fn()
  File "/home/airflow/.local/lib/python3.8/site-packages/sqlalchemy/pool/base.py", line 327, in connect
    return _ConnectionFairy._checkout(self)
  File "/home/airflow/.local/lib/python3.8/site-packages/sqlalchemy/pool/base.py", line 894, in _checkout
    fairy = _ConnectionRecord.checkout(pool)
  File "/home/airflow/.local/lib/python3.8/site-packages/sqlalchemy/pool/base.py", line 493, in checkout
    rec = pool._do_get()
  File "/home/airflow/.local/lib/python3.8/site-packages/sqlalchemy/pool/impl.py", line 256, in _do_get
    return self._create_connection()
  File "/home/airflow/.local/lib/python3.8/site-packages/sqlalchemy/pool/base.py", line 273, in _create_connection
    return _ConnectionRecord(self)
  File "/home/airflow/.local/lib/python3.8/site-packages/sqlalchemy/pool/base.py", line 388, in __init__
    self.__connect()
  File "/home/airflow/.local/lib/python3.8/site-packages/sqlalchemy/pool/base.py", line 691, in __connect
    pool.logger.debug("Error on connect(): %s", e)
  File "/home/airflow/.local/lib/python3.8/site-packages/sqlalchemy/util/langhelpers.py", line 70, in __exit__
    compat.raise_(
  File "/home/airflow/.local/lib/python3.8/site-packages/sqlalchemy/util/compat.py", line 211, in raise_
    raise exception
  File "/home/airflow/.local/lib/python3.8/site-packages/sqlalchemy/pool/base.py", line 686, in __connect
    self.dbapi_connection = connection = pool._invoke_creator(self)
  File "/home/airflow/.local/lib/python3.8/site-packages/sqlalchemy/engine/create.py", line 574, in connect
    return dialect.connect(*cargs, **cparams)
  File "/home/airflow/.local/lib/python3.8/site-packages/sqlalchemy/engine/default.py", line 598, in connect
    return self.dbapi.connect(*cargs, **cparams)
  File "/home/airflow/.local/lib/python3.8/site-packages/psycopg2/__init__.py", line 122, in connect
    conn = _connect(dsn, connection_factory=connection_factory, **kwasync)
psycopg2.OperationalError: could not translate host name "postgres" to address: Temporary failure in name resolution


The above exception was the direct cause of the following exception:

Traceback (most recent call last):
  File "/home/airflow/.local/lib/python3.8/site-packages/airflow/jobs/job.py", line 187, in heartbeat
    self._merge_from(Job._fetch_from_db(self, session))
  File "/home/airflow/.local/lib/python3.8/site-packages/airflow/api_internal/internal_api_call.py", line 114, in wrapper
    return func(*args, **kwargs)
  File "/home/airflow/.local/lib/python3.8/site-packages/airflow/utils/session.py", line 76, in wrapper
    return func(*args, **kwargs)
  File "/home/airflow/.local/lib/python3.8/site-packages/airflow/jobs/job.py", line 308, in _fetch_from_db
    session.merge(job)
  File "/home/airflow/.local/lib/python3.8/site-packages/sqlalchemy/orm/session.py", line 3056, in merge
    return self._merge(
  File "/home/airflow/.local/lib/python3.8/site-packages/sqlalchemy/orm/session.py", line 3136, in _merge
    merged = self.get(
  File "/home/airflow/.local/lib/python3.8/site-packages/sqlalchemy/orm/session.py", line 2853, in get
    return self._get_impl(
  File "/home/airflow/.local/lib/python3.8/site-packages/sqlalchemy/orm/session.py", line 2975, in _get_impl
    return db_load_fn(
  File "/home/airflow/.local/lib/python3.8/site-packages/sqlalchemy/orm/loading.py", line 530, in load_on_pk_identity
    session.execute(
  File "/home/airflow/.local/lib/python3.8/site-packages/sqlalchemy/orm/session.py", line 1716, in execute
    conn = self._connection_for_bind(bind)
  File "/home/airflow/.local/lib/python3.8/site-packages/sqlalchemy/orm/session.py", line 1555, in _connection_for_bind
    return self._transaction._connection_for_bind(
  File "/home/airflow/.local/lib/python3.8/site-packages/sqlalchemy/orm/session.py", line 750, in _connection_for_bind
    conn = bind.connect()
  File "/home/airflow/.local/lib/python3.8/site-packages/sqlalchemy/future/engine.py", line 412, in connect
    return super(Engine, self).connect()
  File "/home/airflow/.local/lib/python3.8/site-packages/sqlalchemy/engine/base.py", line 3325, in connect
    return self._connection_cls(self, close_with_result=close_with_result)
  File "/home/airflow/.local/lib/python3.8/site-packages/sqlalchemy/engine/base.py", line 96, in __init__
    else engine.raw_connection()
  File "/home/airflow/.local/lib/python3.8/site-packages/sqlalchemy/engine/base.py", line 3404, in raw_connection
    return self._wrap_pool_connect(self.pool.connect, _connection)
  File "/home/airflow/.local/lib/python3.8/site-packages/sqlalchemy/engine/base.py", line 3374, in _wrap_pool_connect
    Connection._handle_dbapi_exception_noconnection(
  File "/home/airflow/.local/lib/python3.8/site-packages/sqlalchemy/engine/base.py", line 2208, in _handle_dbapi_exception_noconnection
    util.raise_(
  File "/home/airflow/.local/lib/python3.8/site-packages/sqlalchemy/util/compat.py", line 211, in raise_
    raise exception
  File "/home/airflow/.local/lib/python3.8/site-packages/sqlalchemy/engine/base.py", line 3371, in _wrap_pool_connect
    return fn()
  File "/home/airflow/.local/lib/python3.8/site-packages/sqlalchemy/pool/base.py", line 327, in connect
    return _ConnectionFairy._checkout(self)
  File "/home/airflow/.local/lib/python3.8/site-packages/sqlalchemy/pool/base.py", line 894, in _checkout
    fairy = _ConnectionRecord.checkout(pool)
  File "/home/airflow/.local/lib/python3.8/site-packages/sqlalchemy/pool/base.py", line 493, in checkout
    rec = pool._do_get()
  File "/home/airflow/.local/lib/python3.8/site-packages/sqlalchemy/pool/impl.py", line 256, in _do_get
    return self._create_connection()
  File "/home/airflow/.local/lib/python3.8/site-packages/sqlalchemy/pool/base.py", line 273, in _create_connection
    return _ConnectionRecord(self)
  File "/home/airflow/.local/lib/python3.8/site-packages/sqlalchemy/pool/base.py", line 388, in __init__
    self.__connect()
  File "/home/airflow/.local/lib/python3.8/site-packages/sqlalchemy/pool/base.py", line 691, in __connect
    pool.logger.debug("Error on connect(): %s", e)
  File "/home/airflow/.local/lib/python3.8/site-packages/sqlalchemy/util/langhelpers.py", line 70, in __exit__
    compat.raise_(
  File "/home/airflow/.local/lib/python3.8/site-packages/sqlalchemy/util/compat.py", line 211, in raise_
    raise exception
  File "/home/airflow/.local/lib/python3.8/site-packages/sqlalchemy/pool/base.py", line 686, in __connect
    self.dbapi_connection = connection = pool._invoke_creator(self)
  File "/home/airflow/.local/lib/python3.8/site-packages/sqlalchemy/engine/create.py", line 574, in connect
    return dialect.connect(*cargs, **cparams)
  File "/home/airflow/.local/lib/python3.8/site-packages/sqlalchemy/engine/default.py", line 598, in connect
    return self.dbapi.connect(*cargs, **cparams)
  File "/home/airflow/.local/lib/python3.8/site-packages/psycopg2/__init__.py", line 122, in connect
    conn = _connect(dsn, connection_factory=connection_factory, **kwasync)
sqlalchemy.exc.OperationalError: (psycopg2.OperationalError) could not translate host name "postgres" to address: Temporary failure in name resolution

(Background on this error at: https://sqlalche.me/e/14/e3q8)
[2025-12-08T08:25:05.309+0000] {job.py:221} ERROR - Job heartbeat failed with error. Scheduler is in unhealthy state
[2025-12-08T08:26:29.747+0000] {job.py:221} ERROR - Job heartbeat failed with error. Scheduler is in unhealthy state
[2025-12-08T08:27:29.375+0000] {local_task_job_runner.py:211} ERROR - Heartbeat time limit exceeded!
[2025-12-08T08:26:57.853+0000] {subprocess.py:93} INFO - 25/12/08 08:26:52 WARN HeartbeatReceiver: Removing executor driver with no recent heartbeats: 141998 ms exceeds timeout 120000 ms
[2025-12-08T08:27:34.022+0000] {process_utils.py:131} INFO - Sending 15 to group 401. PIDs of all processes in the group: [425, 426, 537, 401]
[2025-12-08T08:27:35.398+0000] {process_utils.py:86} INFO - Sending the signal 15 to group 401
[2025-12-08T08:27:36.220+0000] {taskinstance.py:2450} ERROR - Received SIGTERM. Terminating subprocesses.
[2025-12-08T08:27:38.177+0000] {subprocess.py:104} INFO - Sending SIGTERM signal to process group
[2025-12-08T08:27:39.933+0000] {process_utils.py:79} INFO - Process psutil.Process(pid=537, status='terminated', started='08:20:07') (537) terminated with exit code None
[2025-12-08T08:27:47.944+0000] {process_utils.py:79} INFO - Process psutil.Process(pid=426, status='terminated', started='08:19:48') (426) terminated with exit code None
[2025-12-08T08:27:48.595+0000] {taskinstance.py:2698} ERROR - Task failed with exception
Traceback (most recent call last):
  File "/home/airflow/.local/lib/python3.8/site-packages/airflow/models/taskinstance.py", line 428, in _execute_task
    result = execute_callable(context=context, **execute_callable_kwargs)
  File "/home/airflow/.local/lib/python3.8/site-packages/airflow/operators/bash.py", line 203, in execute
    result = self.subprocess_hook.run_command(
  File "/home/airflow/.local/lib/python3.8/site-packages/airflow/hooks/subprocess.py", line 91, in run_command
    for raw_line in iter(self.sub_process.stdout.readline, b""):
  File "/home/airflow/.local/lib/python3.8/site-packages/airflow/models/taskinstance.py", line 2452, in signal_handler
    raise AirflowException("Task received SIGTERM signal")
airflow.exceptions.AirflowException: Task received SIGTERM signal
[2025-12-08T08:27:48.811+0000] {taskinstance.py:1138} INFO - Marking task as FAILED. dag_id=email_intelligence_pipeline, task_id=quality_assurance_gate, execution_date=20251207T020000, start_date=20251208T081947, end_date=20251208T082748
[2025-12-08T08:27:51.187+0000] {standard_task_runner.py:107} ERROR - Failed to execute job 219 for task quality_assurance_gate (Task received SIGTERM signal; 401)
[2025-12-08T08:27:49.098+0000] {process_utils.py:79} INFO - Process psutil.Process(pid=401, status='terminated', exitcode=1, started='08:19:47') (401) terminated with exit code 1
[2025-12-08T08:27:49.115+0000] {process_utils.py:79} INFO - Process psutil.Process(pid=425, status='terminated', started='08:19:48') (425) terminated with exit code None
