[2025-12-05T08:22:30.130+0000] {taskinstance.py:1956} INFO - Dependencies all met for dep_context=non-requeueable deps ti=<TaskInstance: email_pipeline_dag.validator manual__2025-12-05T08:22:27.646711+00:00 [queued]>
[2025-12-05T08:22:30.139+0000] {taskinstance.py:1956} INFO - Dependencies all met for dep_context=requeueable deps ti=<TaskInstance: email_pipeline_dag.validator manual__2025-12-05T08:22:27.646711+00:00 [queued]>
[2025-12-05T08:22:30.140+0000] {taskinstance.py:2170} INFO - Starting attempt 1 of 2
[2025-12-05T08:22:30.155+0000] {taskinstance.py:2191} INFO - Executing <Task(BashOperator): validator> on 2025-12-05 08:22:27.646711+00:00
[2025-12-05T08:22:30.160+0000] {standard_task_runner.py:60} INFO - Started process 217 to run task
[2025-12-05T08:22:30.162+0000] {standard_task_runner.py:87} INFO - Running: ['***', 'tasks', 'run', 'email_pipeline_dag', 'validator', 'manual__2025-12-05T08:22:27.646711+00:00', '--job-id', '9', '--raw', '--subdir', 'DAGS_FOLDER/email_pipeline_dag.py', '--cfg-path', '/tmp/tmpnlgw_i9u']
[2025-12-05T08:22:30.166+0000] {standard_task_runner.py:88} INFO - Job 9: Subtask validator
[2025-12-05T08:22:30.253+0000] {task_command.py:423} INFO - Running <TaskInstance: email_pipeline_dag.validator manual__2025-12-05T08:22:27.646711+00:00 [running]> on host 2f37ffd1c359
[2025-12-05T08:22:30.326+0000] {taskinstance.py:2480} INFO - Exporting env vars: AIRFLOW_CTX_DAG_OWNER='***' AIRFLOW_CTX_DAG_ID='email_pipeline_dag' AIRFLOW_CTX_TASK_ID='validator' AIRFLOW_CTX_EXECUTION_DATE='2025-12-05T08:22:27.646711+00:00' AIRFLOW_CTX_TRY_NUMBER='1' AIRFLOW_CTX_DAG_RUN_ID='manual__2025-12-05T08:22:27.646711+00:00'
[2025-12-05T08:22:30.327+0000] {subprocess.py:63} INFO - Tmp dir root location: /tmp
[2025-12-05T08:22:30.328+0000] {subprocess.py:75} INFO - Running command: ['/usr/bin/bash', '-c', 'python /opt/***/kafka/Consumer/validator.py']
[2025-12-05T08:22:30.336+0000] {subprocess.py:86} INFO - Output:
[2025-12-05T08:22:30.414+0000] {subprocess.py:93} INFO - Traceback (most recent call last):
[2025-12-05T08:22:30.415+0000] {subprocess.py:93} INFO -   File "/opt/***/kafka/Consumer/validator.py", line 4, in <module>
[2025-12-05T08:22:30.416+0000] {subprocess.py:93} INFO -     from kafka import KafkaConsumer, KafkaProducer
[2025-12-05T08:22:30.416+0000] {subprocess.py:93} INFO - ModuleNotFoundError: No module named 'kafka'
[2025-12-05T08:22:30.418+0000] {subprocess.py:97} INFO - Command exited with return code 1
[2025-12-05T08:22:30.427+0000] {taskinstance.py:2698} ERROR - Task failed with exception
Traceback (most recent call last):
  File "/home/airflow/.local/lib/python3.8/site-packages/airflow/models/taskinstance.py", line 433, in _execute_task
    result = execute_callable(context=context, **execute_callable_kwargs)
  File "/home/airflow/.local/lib/python3.8/site-packages/airflow/operators/bash.py", line 212, in execute
    raise AirflowException(
airflow.exceptions.AirflowException: Bash command failed. The command returned a non-zero exit code 1.
[2025-12-05T08:22:30.429+0000] {taskinstance.py:1138} INFO - Marking task as UP_FOR_RETRY. dag_id=email_pipeline_dag, task_id=validator, execution_date=20251205T082227, start_date=20251205T082230, end_date=20251205T082230
[2025-12-05T08:22:30.440+0000] {standard_task_runner.py:107} ERROR - Failed to execute job 9 for task validator (Bash command failed. The command returned a non-zero exit code 1.; 217)
[2025-12-05T08:22:30.464+0000] {local_task_job_runner.py:234} INFO - Task exited with return code 1
[2025-12-05T08:22:30.479+0000] {taskinstance.py:3280} INFO - 0 downstream tasks scheduled from follow-on schedule check
