[2025-12-05T08:21:43.126+0000] {taskinstance.py:1956} INFO - Dependencies all met for dep_context=non-requeueable deps ti=<TaskInstance: email_pipeline_dag.validator manual__2025-12-05T08:21:38.784705+00:00 [queued]>
[2025-12-05T08:21:43.151+0000] {taskinstance.py:1956} INFO - Dependencies all met for dep_context=requeueable deps ti=<TaskInstance: email_pipeline_dag.validator manual__2025-12-05T08:21:38.784705+00:00 [queued]>
[2025-12-05T08:21:43.154+0000] {taskinstance.py:2170} INFO - Starting attempt 1 of 2
[2025-12-05T08:21:43.199+0000] {taskinstance.py:2191} INFO - Executing <Task(BashOperator): validator> on 2025-12-05 08:21:38.784705+00:00
[2025-12-05T08:21:43.212+0000] {standard_task_runner.py:60} INFO - Started process 192 to run task
[2025-12-05T08:21:43.227+0000] {standard_task_runner.py:87} INFO - Running: ['***', 'tasks', 'run', 'email_pipeline_dag', 'validator', 'manual__2025-12-05T08:21:38.784705+00:00', '--job-id', '5', '--raw', '--subdir', 'DAGS_FOLDER/email_pipeline_dag.py', '--cfg-path', '/tmp/tmp2b57eq59']
[2025-12-05T08:21:43.234+0000] {standard_task_runner.py:88} INFO - Job 5: Subtask validator
[2025-12-05T08:21:43.400+0000] {task_command.py:423} INFO - Running <TaskInstance: email_pipeline_dag.validator manual__2025-12-05T08:21:38.784705+00:00 [running]> on host 2f37ffd1c359
[2025-12-05T08:21:43.518+0000] {taskinstance.py:2480} INFO - Exporting env vars: AIRFLOW_CTX_DAG_OWNER='***' AIRFLOW_CTX_DAG_ID='email_pipeline_dag' AIRFLOW_CTX_TASK_ID='validator' AIRFLOW_CTX_EXECUTION_DATE='2025-12-05T08:21:38.784705+00:00' AIRFLOW_CTX_TRY_NUMBER='1' AIRFLOW_CTX_DAG_RUN_ID='manual__2025-12-05T08:21:38.784705+00:00'
[2025-12-05T08:21:43.520+0000] {subprocess.py:63} INFO - Tmp dir root location: /tmp
[2025-12-05T08:21:43.522+0000] {subprocess.py:75} INFO - Running command: ['/usr/bin/bash', '-c', 'python /opt/***/kafka/Consumer/validator.py']
[2025-12-05T08:21:43.535+0000] {subprocess.py:86} INFO - Output:
[2025-12-05T08:21:43.651+0000] {subprocess.py:93} INFO - Traceback (most recent call last):
[2025-12-05T08:21:43.653+0000] {subprocess.py:93} INFO -   File "/opt/***/kafka/Consumer/validator.py", line 4, in <module>
[2025-12-05T08:21:43.655+0000] {subprocess.py:93} INFO -     from kafka import KafkaConsumer, KafkaProducer
[2025-12-05T08:21:43.657+0000] {subprocess.py:93} INFO - ModuleNotFoundError: No module named 'kafka'
[2025-12-05T08:21:43.665+0000] {subprocess.py:97} INFO - Command exited with return code 1
[2025-12-05T08:21:43.689+0000] {taskinstance.py:2698} ERROR - Task failed with exception
Traceback (most recent call last):
  File "/home/airflow/.local/lib/python3.8/site-packages/airflow/models/taskinstance.py", line 433, in _execute_task
    result = execute_callable(context=context, **execute_callable_kwargs)
  File "/home/airflow/.local/lib/python3.8/site-packages/airflow/operators/bash.py", line 212, in execute
    raise AirflowException(
airflow.exceptions.AirflowException: Bash command failed. The command returned a non-zero exit code 1.
[2025-12-05T08:21:43.696+0000] {taskinstance.py:1138} INFO - Marking task as UP_FOR_RETRY. dag_id=email_pipeline_dag, task_id=validator, execution_date=20251205T082138, start_date=20251205T082143, end_date=20251205T082143
[2025-12-05T08:21:43.722+0000] {standard_task_runner.py:107} ERROR - Failed to execute job 5 for task validator (Bash command failed. The command returned a non-zero exit code 1.; 192)
[2025-12-05T08:21:43.761+0000] {local_task_job_runner.py:234} INFO - Task exited with return code 1
[2025-12-05T08:21:43.786+0000] {taskinstance.py:3280} INFO - 0 downstream tasks scheduled from follow-on schedule check
