[2025-12-05T12:54:59.966+0000] {taskinstance.py:1956} INFO - Dependencies all met for dep_context=non-requeueable deps ti=<TaskInstance: email_pipeline_dag.validator manual__2025-12-05T12:54:12.065571+00:00 [queued]>
[2025-12-05T12:55:00.047+0000] {taskinstance.py:1956} INFO - Dependencies all met for dep_context=requeueable deps ti=<TaskInstance: email_pipeline_dag.validator manual__2025-12-05T12:54:12.065571+00:00 [queued]>
[2025-12-05T12:55:00.049+0000] {taskinstance.py:2170} INFO - Starting attempt 1 of 2
[2025-12-05T12:55:00.200+0000] {taskinstance.py:2191} INFO - Executing <Task(BashOperator): validator> on 2025-12-05 12:54:12.065571+00:00
[2025-12-05T12:55:00.233+0000] {standard_task_runner.py:60} INFO - Started process 669 to run task
[2025-12-05T12:55:00.259+0000] {standard_task_runner.py:87} INFO - Running: ['***', 'tasks', 'run', 'email_pipeline_dag', 'validator', 'manual__2025-12-05T12:54:12.065571+00:00', '--job-id', '72', '--raw', '--subdir', 'DAGS_FOLDER/email_pipeline_dag.py', '--cfg-path', '/tmp/tmpa3a1cjb0']
[2025-12-05T12:55:00.267+0000] {standard_task_runner.py:88} INFO - Job 72: Subtask validator
[2025-12-05T12:55:02.977+0000] {task_command.py:423} INFO - Running <TaskInstance: email_pipeline_dag.validator manual__2025-12-05T12:54:12.065571+00:00 [running]> on host 2f37ffd1c359
[2025-12-05T12:55:06.000+0000] {taskinstance.py:2480} INFO - Exporting env vars: AIRFLOW_CTX_DAG_OWNER='***' AIRFLOW_CTX_DAG_ID='email_pipeline_dag' AIRFLOW_CTX_TASK_ID='validator' AIRFLOW_CTX_EXECUTION_DATE='2025-12-05T12:54:12.065571+00:00' AIRFLOW_CTX_TRY_NUMBER='1' AIRFLOW_CTX_DAG_RUN_ID='manual__2025-12-05T12:54:12.065571+00:00'
[2025-12-05T12:55:06.098+0000] {subprocess.py:63} INFO - Tmp dir root location: /tmp
[2025-12-05T12:55:06.121+0000] {subprocess.py:75} INFO - Running command: ['/usr/bin/bash', '-c', 'python /opt/***/kafka/Consumer/validator.py']
[2025-12-05T12:55:06.242+0000] {subprocess.py:86} INFO - Output:
[2025-12-05T12:55:10.297+0000] {subprocess.py:93} INFO - 2025-12-05 12:55:10,283 - INFO - ðŸ”„ Connecting to Kafka broker: kafka:29092
[2025-12-05T12:55:15.012+0000] {subprocess.py:93} INFO - 2025-12-05 12:55:15,007 - INFO - <BrokerConnection client_id=kafka-python-2.3.0, node_id=bootstrap-0 host=kafka:29092 <connecting> [IPv4 ('172.20.0.7', 29092)]>: connecting to kafka:29092 [('172.20.0.7', 29092) IPv4]
[2025-12-05T12:55:15.058+0000] {subprocess.py:93} INFO - Traceback (most recent call last):
[2025-12-05T12:55:15.060+0000] {subprocess.py:93} INFO -   File "/opt/***/kafka/Consumer/validator.py", line 103, in <module>
[2025-12-05T12:55:15.065+0000] {subprocess.py:93} INFO -     main()
[2025-12-05T12:55:15.067+0000] {subprocess.py:93} INFO -   File "/opt/***/kafka/Consumer/validator.py", line 46, in main
[2025-12-05T12:55:15.069+0000] {subprocess.py:93} INFO -     consumer = KafkaConsumer(
[2025-12-05T12:55:15.071+0000] {subprocess.py:93} INFO -   File "/home/***/.local/lib/python3.8/site-packages/kafka/consumer/group.py", line 397, in __init__
[2025-12-05T12:55:15.073+0000] {subprocess.py:93} INFO -     self._client = self.config['kafka_client'](metrics=self._metrics, **self.config)
[2025-12-05T12:55:15.075+0000] {subprocess.py:93} INFO -   File "/home/***/.local/lib/python3.8/site-packages/kafka/client_async.py", line 262, in __init__
[2025-12-05T12:55:15.077+0000] {subprocess.py:93} INFO -     self.config['api_version'] = self.check_version()
[2025-12-05T12:55:15.079+0000] {subprocess.py:93} INFO -   File "/home/***/.local/lib/python3.8/site-packages/kafka/client_async.py", line 1076, in check_version
[2025-12-05T12:55:15.082+0000] {subprocess.py:93} INFO -     raise Errors.NoBrokersAvailable()
[2025-12-05T12:55:15.085+0000] {subprocess.py:93} INFO - kafka.errors.NoBrokersAvailable: NoBrokersAvailable
[2025-12-05T12:55:15.342+0000] {subprocess.py:97} INFO - Command exited with return code 1
[2025-12-05T12:55:15.793+0000] {taskinstance.py:2698} ERROR - Task failed with exception
Traceback (most recent call last):
  File "/home/airflow/.local/lib/python3.8/site-packages/airflow/models/taskinstance.py", line 433, in _execute_task
    result = execute_callable(context=context, **execute_callable_kwargs)
  File "/home/airflow/.local/lib/python3.8/site-packages/airflow/operators/bash.py", line 212, in execute
    raise AirflowException(
airflow.exceptions.AirflowException: Bash command failed. The command returned a non-zero exit code 1.
[2025-12-05T12:55:15.847+0000] {taskinstance.py:1138} INFO - Marking task as UP_FOR_RETRY. dag_id=email_pipeline_dag, task_id=validator, execution_date=20251205T125412, start_date=20251205T125459, end_date=20251205T125515
[2025-12-05T12:55:15.886+0000] {standard_task_runner.py:107} ERROR - Failed to execute job 72 for task validator (Bash command failed. The command returned a non-zero exit code 1.; 669)
[2025-12-05T12:55:15.961+0000] {local_task_job_runner.py:234} INFO - Task exited with return code 1
[2025-12-05T12:55:16.301+0000] {taskinstance.py:3280} INFO - 0 downstream tasks scheduled from follow-on schedule check
