[2025-12-07T15:54:18.953+0000] {taskinstance.py:1956} INFO - Dependencies all met for dep_context=non-requeueable deps ti=<TaskInstance: email_intelligence_pipeline.quality_assurance_gate manual__2025-12-07T15:53:46.547280+00:00 [queued]>
[2025-12-07T15:54:18.981+0000] {taskinstance.py:1956} INFO - Dependencies all met for dep_context=requeueable deps ti=<TaskInstance: email_intelligence_pipeline.quality_assurance_gate manual__2025-12-07T15:53:46.547280+00:00 [queued]>
[2025-12-07T15:54:18.983+0000] {taskinstance.py:2170} INFO - Starting attempt 1 of 1
[2025-12-07T15:54:19.012+0000] {taskinstance.py:2191} INFO - Executing <Task(BashOperator): quality_assurance_gate> on 2025-12-07 15:53:46.547280+00:00
[2025-12-07T15:54:19.026+0000] {standard_task_runner.py:60} INFO - Started process 10208 to run task
[2025-12-07T15:54:19.036+0000] {standard_task_runner.py:87} INFO - Running: ['***', 'tasks', 'run', 'email_intelligence_pipeline', 'quality_assurance_gate', 'manual__2025-12-07T15:53:46.547280+00:00', '--job-id', '142', '--raw', '--subdir', 'DAGS_FOLDER/email_pipeline_dag.py', '--cfg-path', '/tmp/tmpl8mz3pjt']
[2025-12-07T15:54:19.046+0000] {standard_task_runner.py:88} INFO - Job 142: Subtask quality_assurance_gate
[2025-12-07T15:54:19.244+0000] {task_command.py:423} INFO - Running <TaskInstance: email_intelligence_pipeline.quality_assurance_gate manual__2025-12-07T15:53:46.547280+00:00 [running]> on host 3db08845f297
[2025-12-07T15:54:19.408+0000] {taskinstance.py:2480} INFO - Exporting env vars: AIRFLOW_CTX_DAG_OWNER='data_team' AIRFLOW_CTX_DAG_ID='email_intelligence_pipeline' AIRFLOW_CTX_TASK_ID='quality_assurance_gate' AIRFLOW_CTX_EXECUTION_DATE='2025-12-07T15:53:46.547280+00:00' AIRFLOW_CTX_TRY_NUMBER='1' AIRFLOW_CTX_DAG_RUN_ID='manual__2025-12-07T15:53:46.547280+00:00'
[2025-12-07T15:54:19.411+0000] {subprocess.py:63} INFO - Tmp dir root location: /tmp
[2025-12-07T15:54:19.416+0000] {subprocess.py:75} INFO - Running command: ['/usr/bin/bash', '-c', '\n        /opt/spark/bin/spark-submit --master local[2] --packages org.apache.hadoop:hadoop-aws:3.3.4             --name QualityAssuranceGate /opt/spark/jobs/data_quality_check.py\n        \n        # V√©rifier le r√©sultat du quality check\n        QUALITY_EXIT_CODE=$?\n        \n        if [ $QUALITY_EXIT_CODE -ne 0 ]; then\n            echo "‚ùå Quality check FAILED (score < 95%)"\n            echo "‚õî Downstream tasks will be SKIPPED"\n            # Toujours retourner 0 pour que quality_gate = SUCCESS\n            exit 0\n        else\n            echo "‚úÖ Quality check PASSED (score >= 95%)"\n            echo "‚úÖ Proceeding to daily aggregation..."\n            exit 0\n        fi\n        ']
[2025-12-07T15:54:19.434+0000] {subprocess.py:86} INFO - Output:
[2025-12-07T15:54:19.483+0000] {subprocess.py:93} INFO - /opt/spark/bin/load-spark-env.sh: line 68: ps: command not found
[2025-12-07T15:54:23.115+0000] {subprocess.py:93} INFO - :: loading settings :: url = jar:file:/opt/spark/jars/ivy-2.5.1.jar!/org/apache/ivy/core/settings/ivysettings.xml
[2025-12-07T15:54:23.269+0000] {subprocess.py:93} INFO - Ivy Default Cache set to: /home/***/.ivy2/cache
[2025-12-07T15:54:23.271+0000] {subprocess.py:93} INFO - The jars for the packages stored in: /home/***/.ivy2/jars
[2025-12-07T15:54:23.275+0000] {subprocess.py:93} INFO - org.apache.hadoop#hadoop-aws added as a dependency
[2025-12-07T15:54:23.276+0000] {subprocess.py:93} INFO - :: resolving dependencies :: org.apache.spark#spark-submit-parent-993fd0a2-e57c-4cb6-930c-a7aea660e870;1.0
[2025-12-07T15:54:23.278+0000] {subprocess.py:93} INFO - 	confs: [default]
[2025-12-07T15:54:23.522+0000] {subprocess.py:93} INFO - 	found org.apache.hadoop#hadoop-aws;3.3.4 in central
[2025-12-07T15:54:23.553+0000] {subprocess.py:93} INFO - 	found com.amazonaws#aws-java-sdk-bundle;1.12.262 in central
[2025-12-07T15:54:23.586+0000] {subprocess.py:93} INFO - 	found org.wildfly.openssl#wildfly-openssl;1.0.7.Final in central
[2025-12-07T15:54:23.615+0000] {subprocess.py:93} INFO - :: resolution report :: resolve 326ms :: artifacts dl 13ms
[2025-12-07T15:54:23.617+0000] {subprocess.py:93} INFO - 	:: modules in use:
[2025-12-07T15:54:23.618+0000] {subprocess.py:93} INFO - 	com.amazonaws#aws-java-sdk-bundle;1.12.262 from central in [default]
[2025-12-07T15:54:23.619+0000] {subprocess.py:93} INFO - 	org.apache.hadoop#hadoop-aws;3.3.4 from central in [default]
[2025-12-07T15:54:23.620+0000] {subprocess.py:93} INFO - 	org.wildfly.openssl#wildfly-openssl;1.0.7.Final from central in [default]
[2025-12-07T15:54:23.620+0000] {subprocess.py:93} INFO - 	---------------------------------------------------------------------
[2025-12-07T15:54:23.622+0000] {subprocess.py:93} INFO - 	|                  |            modules            ||   artifacts   |
[2025-12-07T15:54:23.624+0000] {subprocess.py:93} INFO - 	|       conf       | number| search|dwnlded|evicted|| number|dwnlded|
[2025-12-07T15:54:23.625+0000] {subprocess.py:93} INFO - 	---------------------------------------------------------------------
[2025-12-07T15:54:23.625+0000] {subprocess.py:93} INFO - 	|      default     |   3   |   0   |   0   |   0   ||   3   |   0   |
[2025-12-07T15:54:23.626+0000] {subprocess.py:93} INFO - 	---------------------------------------------------------------------
[2025-12-07T15:54:23.627+0000] {subprocess.py:93} INFO - :: retrieving :: org.apache.spark#spark-submit-parent-993fd0a2-e57c-4cb6-930c-a7aea660e870
[2025-12-07T15:54:23.627+0000] {subprocess.py:93} INFO - 	confs: [default]
[2025-12-07T15:54:23.636+0000] {subprocess.py:93} INFO - 	0 artifacts copied, 3 already retrieved (0kB/11ms)
[2025-12-07T15:54:24.147+0000] {subprocess.py:93} INFO - 25/12/07 15:54:24 WARN NativeCodeLoader: Unable to load native-hadoop library for your platform... using builtin-java classes where applicable
[2025-12-07T15:54:26.029+0000] {subprocess.py:93} INFO - üöÄ Starting Data Quality Check
[2025-12-07T15:54:26.031+0000] {subprocess.py:93} INFO - üìã Required fields: id, from, to, subject, body, date, sender_domain
[2025-12-07T15:54:26.031+0000] {subprocess.py:93} INFO - üìà Quality threshold: 95%
[2025-12-07T15:54:26.032+0000] {subprocess.py:93} INFO - 
[2025-12-07T15:54:26.033+0000] {subprocess.py:93} INFO - üìç Step 1: Creating Spark Session...
[2025-12-07T15:54:26.356+0000] {subprocess.py:93} INFO - 25/12/07 15:54:26 INFO SparkContext: Running Spark version 3.5.0
[2025-12-07T15:54:26.358+0000] {subprocess.py:93} INFO - 25/12/07 15:54:26 INFO SparkContext: OS info Linux, 6.6.87.2-microsoft-standard-WSL2, amd64
[2025-12-07T15:54:26.359+0000] {subprocess.py:93} INFO - 25/12/07 15:54:26 INFO SparkContext: Java version 17.0.17
[2025-12-07T15:54:26.403+0000] {subprocess.py:93} INFO - 25/12/07 15:54:26 INFO ResourceUtils: ==============================================================
[2025-12-07T15:54:26.404+0000] {subprocess.py:93} INFO - 25/12/07 15:54:26 INFO ResourceUtils: No custom resources configured for spark.driver.
[2025-12-07T15:54:26.405+0000] {subprocess.py:93} INFO - 25/12/07 15:54:26 INFO ResourceUtils: ==============================================================
[2025-12-07T15:54:26.405+0000] {subprocess.py:93} INFO - 25/12/07 15:54:26 INFO SparkContext: Submitted application: DataQualityCheck
[2025-12-07T15:54:26.466+0000] {subprocess.py:93} INFO - 25/12/07 15:54:26 INFO ResourceProfile: Default ResourceProfile created, executor resources: Map(cores -> name: cores, amount: 1, script: , vendor: , memory -> name: memory, amount: 1024, script: , vendor: , offHeap -> name: offHeap, amount: 0, script: , vendor: ), task resources: Map(cpus -> name: cpus, amount: 1.0)
[2025-12-07T15:54:26.489+0000] {subprocess.py:93} INFO - 25/12/07 15:54:26 INFO ResourceProfile: Limiting resource is cpu
[2025-12-07T15:54:26.491+0000] {subprocess.py:93} INFO - 25/12/07 15:54:26 INFO ResourceProfileManager: Added ResourceProfile id: 0
[2025-12-07T15:54:26.658+0000] {subprocess.py:93} INFO - 25/12/07 15:54:26 INFO SecurityManager: Changing view acls to: ***
[2025-12-07T15:54:26.659+0000] {subprocess.py:93} INFO - 25/12/07 15:54:26 INFO SecurityManager: Changing modify acls to: ***
[2025-12-07T15:54:26.660+0000] {subprocess.py:93} INFO - 25/12/07 15:54:26 INFO SecurityManager: Changing view acls groups to:
[2025-12-07T15:54:26.661+0000] {subprocess.py:93} INFO - 25/12/07 15:54:26 INFO SecurityManager: Changing modify acls groups to:
[2025-12-07T15:54:26.662+0000] {subprocess.py:93} INFO - 25/12/07 15:54:26 INFO SecurityManager: SecurityManager: authentication disabled; ui acls disabled; users with view permissions: ***; groups with view permissions: EMPTY; users with modify permissions: ***; groups with modify permissions: EMPTY
[2025-12-07T15:54:27.413+0000] {subprocess.py:93} INFO - 25/12/07 15:54:27 INFO Utils: Successfully started service 'sparkDriver' on port 33007.
[2025-12-07T15:54:27.513+0000] {subprocess.py:93} INFO - 25/12/07 15:54:27 INFO SparkEnv: Registering MapOutputTracker
[2025-12-07T15:54:27.640+0000] {subprocess.py:93} INFO - 25/12/07 15:54:27 INFO SparkEnv: Registering BlockManagerMaster
[2025-12-07T15:54:27.722+0000] {subprocess.py:93} INFO - 25/12/07 15:54:27 INFO BlockManagerMasterEndpoint: Using org.apache.spark.storage.DefaultTopologyMapper for getting topology information
[2025-12-07T15:54:27.730+0000] {subprocess.py:93} INFO - 25/12/07 15:54:27 INFO BlockManagerMasterEndpoint: BlockManagerMasterEndpoint up
[2025-12-07T15:54:27.734+0000] {subprocess.py:93} INFO - 25/12/07 15:54:27 INFO SparkEnv: Registering BlockManagerMasterHeartbeat
[2025-12-07T15:54:27.820+0000] {subprocess.py:93} INFO - 25/12/07 15:54:27 INFO DiskBlockManager: Created local directory at /tmp/blockmgr-9c1228dc-225e-40fe-89a4-16496be9751e
[2025-12-07T15:54:27.851+0000] {subprocess.py:93} INFO - 25/12/07 15:54:27 INFO MemoryStore: MemoryStore started with capacity 434.4 MiB
[2025-12-07T15:54:27.880+0000] {subprocess.py:93} INFO - 25/12/07 15:54:27 INFO SparkEnv: Registering OutputCommitCoordinator
[2025-12-07T15:54:28.158+0000] {subprocess.py:93} INFO - 25/12/07 15:54:28 INFO JettyUtils: Start Jetty 0.0.0.0:4040 for SparkUI
[2025-12-07T15:54:28.271+0000] {subprocess.py:93} INFO - 25/12/07 15:54:28 WARN Utils: Service 'SparkUI' could not bind on port 4040. Attempting port 4041.
[2025-12-07T15:54:28.284+0000] {subprocess.py:93} INFO - 25/12/07 15:54:28 INFO Utils: Successfully started service 'SparkUI' on port 4041.
[2025-12-07T15:54:28.347+0000] {subprocess.py:93} INFO - 25/12/07 15:54:28 INFO SparkContext: Added JAR file:///home/***/.ivy2/jars/org.apache.hadoop_hadoop-aws-3.3.4.jar at spark://3db08845f297:33007/jars/org.apache.hadoop_hadoop-aws-3.3.4.jar with timestamp 1765122866338
[2025-12-07T15:54:28.348+0000] {subprocess.py:93} INFO - 25/12/07 15:54:28 INFO SparkContext: Added JAR file:///home/***/.ivy2/jars/com.amazonaws_aws-java-sdk-bundle-1.12.262.jar at spark://3db08845f297:33007/jars/com.amazonaws_aws-java-sdk-bundle-1.12.262.jar with timestamp 1765122866338
[2025-12-07T15:54:28.349+0000] {subprocess.py:93} INFO - 25/12/07 15:54:28 INFO SparkContext: Added JAR file:///home/***/.ivy2/jars/org.wildfly.openssl_wildfly-openssl-1.0.7.Final.jar at spark://3db08845f297:33007/jars/org.wildfly.openssl_wildfly-openssl-1.0.7.Final.jar with timestamp 1765122866338
[2025-12-07T15:54:28.355+0000] {subprocess.py:93} INFO - 25/12/07 15:54:28 INFO SparkContext: Added file file:///home/***/.ivy2/jars/org.apache.hadoop_hadoop-aws-3.3.4.jar at file:///home/***/.ivy2/jars/org.apache.hadoop_hadoop-aws-3.3.4.jar with timestamp 1765122866338
[2025-12-07T15:54:28.365+0000] {subprocess.py:93} INFO - 25/12/07 15:54:28 INFO Utils: Copying /home/***/.ivy2/jars/org.apache.hadoop_hadoop-aws-3.3.4.jar to /tmp/spark-08600e10-f6e8-42f1-b877-8ecc9992f810/userFiles-86520fab-7aa6-4dbd-aaf0-26b0c41eff83/org.apache.hadoop_hadoop-aws-3.3.4.jar
[2025-12-07T15:54:28.432+0000] {subprocess.py:93} INFO - 25/12/07 15:54:28 INFO SparkContext: Added file file:///home/***/.ivy2/jars/com.amazonaws_aws-java-sdk-bundle-1.12.262.jar at file:///home/***/.ivy2/jars/com.amazonaws_aws-java-sdk-bundle-1.12.262.jar with timestamp 1765122866338
[2025-12-07T15:54:28.433+0000] {subprocess.py:93} INFO - 25/12/07 15:54:28 INFO Utils: Copying /home/***/.ivy2/jars/com.amazonaws_aws-java-sdk-bundle-1.12.262.jar to /tmp/spark-08600e10-f6e8-42f1-b877-8ecc9992f810/userFiles-86520fab-7aa6-4dbd-aaf0-26b0c41eff83/com.amazonaws_aws-java-sdk-bundle-1.12.262.jar
[2025-12-07T15:54:29.753+0000] {subprocess.py:93} INFO - 25/12/07 15:54:29 INFO SparkContext: Added file file:///home/***/.ivy2/jars/org.wildfly.openssl_wildfly-openssl-1.0.7.Final.jar at file:///home/***/.ivy2/jars/org.wildfly.openssl_wildfly-openssl-1.0.7.Final.jar with timestamp 1765122866338
[2025-12-07T15:54:29.762+0000] {subprocess.py:93} INFO - 25/12/07 15:54:29 INFO Utils: Copying /home/***/.ivy2/jars/org.wildfly.openssl_wildfly-openssl-1.0.7.Final.jar to /tmp/spark-08600e10-f6e8-42f1-b877-8ecc9992f810/userFiles-86520fab-7aa6-4dbd-aaf0-26b0c41eff83/org.wildfly.openssl_wildfly-openssl-1.0.7.Final.jar
[2025-12-07T15:54:29.964+0000] {subprocess.py:93} INFO - 25/12/07 15:54:29 INFO Executor: Starting executor ID driver on host 3db08845f297
[2025-12-07T15:54:29.966+0000] {subprocess.py:93} INFO - 25/12/07 15:54:29 INFO Executor: OS info Linux, 6.6.87.2-microsoft-standard-WSL2, amd64
[2025-12-07T15:54:29.967+0000] {subprocess.py:93} INFO - 25/12/07 15:54:29 INFO Executor: Java version 17.0.17
[2025-12-07T15:54:29.981+0000] {subprocess.py:93} INFO - 25/12/07 15:54:29 INFO Executor: Starting executor with user classpath (userClassPathFirst = false): ''
[2025-12-07T15:54:29.982+0000] {subprocess.py:93} INFO - 25/12/07 15:54:29 INFO Executor: Created or updated repl class loader org.apache.spark.util.MutableURLClassLoader@27ef2167 for default.
[2025-12-07T15:54:30.010+0000] {subprocess.py:93} INFO - 25/12/07 15:54:30 INFO Executor: Fetching file:///home/***/.ivy2/jars/com.amazonaws_aws-java-sdk-bundle-1.12.262.jar with timestamp 1765122866338
[2025-12-07T15:54:31.823+0000] {subprocess.py:93} INFO - 25/12/07 15:54:31 INFO Utils: /home/***/.ivy2/jars/com.amazonaws_aws-java-sdk-bundle-1.12.262.jar has been previously copied to /tmp/spark-08600e10-f6e8-42f1-b877-8ecc9992f810/userFiles-86520fab-7aa6-4dbd-aaf0-26b0c41eff83/com.amazonaws_aws-java-sdk-bundle-1.12.262.jar
[2025-12-07T15:54:31.875+0000] {subprocess.py:93} INFO - 25/12/07 15:54:31 INFO Executor: Fetching file:///home/***/.ivy2/jars/org.wildfly.openssl_wildfly-openssl-1.0.7.Final.jar with timestamp 1765122866338
[2025-12-07T15:54:31.884+0000] {subprocess.py:93} INFO - 25/12/07 15:54:31 INFO Utils: /home/***/.ivy2/jars/org.wildfly.openssl_wildfly-openssl-1.0.7.Final.jar has been previously copied to /tmp/spark-08600e10-f6e8-42f1-b877-8ecc9992f810/userFiles-86520fab-7aa6-4dbd-aaf0-26b0c41eff83/org.wildfly.openssl_wildfly-openssl-1.0.7.Final.jar
[2025-12-07T15:54:31.901+0000] {subprocess.py:93} INFO - 25/12/07 15:54:31 INFO Executor: Fetching file:///home/***/.ivy2/jars/org.apache.hadoop_hadoop-aws-3.3.4.jar with timestamp 1765122866338
[2025-12-07T15:54:31.913+0000] {subprocess.py:93} INFO - 25/12/07 15:54:31 INFO Utils: /home/***/.ivy2/jars/org.apache.hadoop_hadoop-aws-3.3.4.jar has been previously copied to /tmp/spark-08600e10-f6e8-42f1-b877-8ecc9992f810/userFiles-86520fab-7aa6-4dbd-aaf0-26b0c41eff83/org.apache.hadoop_hadoop-aws-3.3.4.jar
[2025-12-07T15:54:31.930+0000] {subprocess.py:93} INFO - 25/12/07 15:54:31 INFO Executor: Fetching spark://3db08845f297:33007/jars/com.amazonaws_aws-java-sdk-bundle-1.12.262.jar with timestamp 1765122866338
[2025-12-07T15:54:32.097+0000] {subprocess.py:93} INFO - 25/12/07 15:54:32 INFO TransportClientFactory: Successfully created connection to 3db08845f297/172.20.0.8:33007 after 112 ms (0 ms spent in bootstraps)
[2025-12-07T15:54:32.138+0000] {subprocess.py:93} INFO - 25/12/07 15:54:32 INFO Utils: Fetching spark://3db08845f297:33007/jars/com.amazonaws_aws-java-sdk-bundle-1.12.262.jar to /tmp/spark-08600e10-f6e8-42f1-b877-8ecc9992f810/userFiles-86520fab-7aa6-4dbd-aaf0-26b0c41eff83/fetchFileTemp9888119666193587895.tmp
[2025-12-07T15:54:36.038+0000] {subprocess.py:93} INFO - 25/12/07 15:54:36 INFO Utils: /tmp/spark-08600e10-f6e8-42f1-b877-8ecc9992f810/userFiles-86520fab-7aa6-4dbd-aaf0-26b0c41eff83/fetchFileTemp9888119666193587895.tmp has been previously copied to /tmp/spark-08600e10-f6e8-42f1-b877-8ecc9992f810/userFiles-86520fab-7aa6-4dbd-aaf0-26b0c41eff83/com.amazonaws_aws-java-sdk-bundle-1.12.262.jar
[2025-12-07T15:54:36.192+0000] {subprocess.py:93} INFO - 25/12/07 15:54:36 INFO Executor: Adding file:/tmp/spark-08600e10-f6e8-42f1-b877-8ecc9992f810/userFiles-86520fab-7aa6-4dbd-aaf0-26b0c41eff83/com.amazonaws_aws-java-sdk-bundle-1.12.262.jar to class loader default
[2025-12-07T15:54:36.194+0000] {subprocess.py:93} INFO - 25/12/07 15:54:36 INFO Executor: Fetching spark://3db08845f297:33007/jars/org.apache.hadoop_hadoop-aws-3.3.4.jar with timestamp 1765122866338
[2025-12-07T15:54:36.199+0000] {subprocess.py:93} INFO - 25/12/07 15:54:36 INFO Utils: Fetching spark://3db08845f297:33007/jars/org.apache.hadoop_hadoop-aws-3.3.4.jar to /tmp/spark-08600e10-f6e8-42f1-b877-8ecc9992f810/userFiles-86520fab-7aa6-4dbd-aaf0-26b0c41eff83/fetchFileTemp15315717978583582763.tmp
[2025-12-07T15:54:36.219+0000] {subprocess.py:93} INFO - 25/12/07 15:54:36 INFO Utils: /tmp/spark-08600e10-f6e8-42f1-b877-8ecc9992f810/userFiles-86520fab-7aa6-4dbd-aaf0-26b0c41eff83/fetchFileTemp15315717978583582763.tmp has been previously copied to /tmp/spark-08600e10-f6e8-42f1-b877-8ecc9992f810/userFiles-86520fab-7aa6-4dbd-aaf0-26b0c41eff83/org.apache.hadoop_hadoop-aws-3.3.4.jar
[2025-12-07T15:54:36.228+0000] {subprocess.py:93} INFO - 25/12/07 15:54:36 INFO Executor: Adding file:/tmp/spark-08600e10-f6e8-42f1-b877-8ecc9992f810/userFiles-86520fab-7aa6-4dbd-aaf0-26b0c41eff83/org.apache.hadoop_hadoop-aws-3.3.4.jar to class loader default
[2025-12-07T15:54:36.229+0000] {subprocess.py:93} INFO - 25/12/07 15:54:36 INFO Executor: Fetching spark://3db08845f297:33007/jars/org.wildfly.openssl_wildfly-openssl-1.0.7.Final.jar with timestamp 1765122866338
[2025-12-07T15:54:36.230+0000] {subprocess.py:93} INFO - 25/12/07 15:54:36 INFO Utils: Fetching spark://3db08845f297:33007/jars/org.wildfly.openssl_wildfly-openssl-1.0.7.Final.jar to /tmp/spark-08600e10-f6e8-42f1-b877-8ecc9992f810/userFiles-86520fab-7aa6-4dbd-aaf0-26b0c41eff83/fetchFileTemp13940951400037094959.tmp
[2025-12-07T15:54:36.239+0000] {subprocess.py:93} INFO - 25/12/07 15:54:36 INFO Utils: /tmp/spark-08600e10-f6e8-42f1-b877-8ecc9992f810/userFiles-86520fab-7aa6-4dbd-aaf0-26b0c41eff83/fetchFileTemp13940951400037094959.tmp has been previously copied to /tmp/spark-08600e10-f6e8-42f1-b877-8ecc9992f810/userFiles-86520fab-7aa6-4dbd-aaf0-26b0c41eff83/org.wildfly.openssl_wildfly-openssl-1.0.7.Final.jar
[2025-12-07T15:54:36.246+0000] {subprocess.py:93} INFO - 25/12/07 15:54:36 INFO Executor: Adding file:/tmp/spark-08600e10-f6e8-42f1-b877-8ecc9992f810/userFiles-86520fab-7aa6-4dbd-aaf0-26b0c41eff83/org.wildfly.openssl_wildfly-openssl-1.0.7.Final.jar to class loader default
[2025-12-07T15:54:36.272+0000] {subprocess.py:93} INFO - 25/12/07 15:54:36 INFO Utils: Successfully started service 'org.apache.spark.network.netty.NettyBlockTransferService' on port 42303.
[2025-12-07T15:54:36.275+0000] {subprocess.py:93} INFO - 25/12/07 15:54:36 INFO NettyBlockTransferService: Server created on 3db08845f297:42303
[2025-12-07T15:54:36.279+0000] {subprocess.py:93} INFO - 25/12/07 15:54:36 INFO BlockManager: Using org.apache.spark.storage.RandomBlockReplicationPolicy for block replication policy
[2025-12-07T15:54:36.298+0000] {subprocess.py:93} INFO - 25/12/07 15:54:36 INFO BlockManagerMaster: Registering BlockManager BlockManagerId(driver, 3db08845f297, 42303, None)
[2025-12-07T15:54:36.308+0000] {subprocess.py:93} INFO - 25/12/07 15:54:36 INFO BlockManagerMasterEndpoint: Registering block manager 3db08845f297:42303 with 434.4 MiB RAM, BlockManagerId(driver, 3db08845f297, 42303, None)
[2025-12-07T15:54:36.315+0000] {subprocess.py:93} INFO - 25/12/07 15:54:36 INFO BlockManagerMaster: Registered BlockManager BlockManagerId(driver, 3db08845f297, 42303, None)
[2025-12-07T15:54:36.318+0000] {subprocess.py:93} INFO - 25/12/07 15:54:36 INFO BlockManager: Initialized BlockManager: BlockManagerId(driver, 3db08845f297, 42303, None)
[2025-12-07T15:54:37.483+0000] {subprocess.py:93} INFO - ‚úÖ Spark Session created successfully!
[2025-12-07T15:54:37.499+0000] {subprocess.py:93} INFO - 
[2025-12-07T15:54:37.506+0000] {subprocess.py:93} INFO - üìç Step 2: Reading Bronze Layer...
[2025-12-07T15:54:37.508+0000] {subprocess.py:93} INFO - üìÇ Reading from: s3a://datalake/bronze/emails/
[2025-12-07T15:54:37.518+0000] {subprocess.py:93} INFO - 25/12/07 15:54:37 INFO SharedState: Setting hive.metastore.warehouse.dir ('null') to the value of spark.sql.warehouse.dir.
[2025-12-07T15:54:37.525+0000] {subprocess.py:93} INFO - 25/12/07 15:54:37 INFO SharedState: Warehouse path is 'file:/tmp/***tmpppiimcyj/spark-warehouse'.
[2025-12-07T15:54:48.758+0000] {job.py:213} ERROR - Job heartbeat got an exception
Traceback (most recent call last):
  File "/home/airflow/.local/lib/python3.8/site-packages/sqlalchemy/engine/base.py", line 3371, in _wrap_pool_connect
    return fn()
  File "/home/airflow/.local/lib/python3.8/site-packages/sqlalchemy/pool/base.py", line 327, in connect
    return _ConnectionFairy._checkout(self)
  File "/home/airflow/.local/lib/python3.8/site-packages/sqlalchemy/pool/base.py", line 894, in _checkout
    fairy = _ConnectionRecord.checkout(pool)
  File "/home/airflow/.local/lib/python3.8/site-packages/sqlalchemy/pool/base.py", line 493, in checkout
    rec = pool._do_get()
  File "/home/airflow/.local/lib/python3.8/site-packages/sqlalchemy/pool/impl.py", line 256, in _do_get
    return self._create_connection()
  File "/home/airflow/.local/lib/python3.8/site-packages/sqlalchemy/pool/base.py", line 273, in _create_connection
    return _ConnectionRecord(self)
  File "/home/airflow/.local/lib/python3.8/site-packages/sqlalchemy/pool/base.py", line 388, in __init__
    self.__connect()
  File "/home/airflow/.local/lib/python3.8/site-packages/sqlalchemy/pool/base.py", line 691, in __connect
    pool.logger.debug("Error on connect(): %s", e)
  File "/home/airflow/.local/lib/python3.8/site-packages/sqlalchemy/util/langhelpers.py", line 70, in __exit__
    compat.raise_(
  File "/home/airflow/.local/lib/python3.8/site-packages/sqlalchemy/util/compat.py", line 211, in raise_
    raise exception
  File "/home/airflow/.local/lib/python3.8/site-packages/sqlalchemy/pool/base.py", line 686, in __connect
    self.dbapi_connection = connection = pool._invoke_creator(self)
  File "/home/airflow/.local/lib/python3.8/site-packages/sqlalchemy/engine/create.py", line 574, in connect
    return dialect.connect(*cargs, **cparams)
  File "/home/airflow/.local/lib/python3.8/site-packages/sqlalchemy/engine/default.py", line 598, in connect
    return self.dbapi.connect(*cargs, **cparams)
  File "/home/airflow/.local/lib/python3.8/site-packages/psycopg2/__init__.py", line 122, in connect
    conn = _connect(dsn, connection_factory=connection_factory, **kwasync)
psycopg2.OperationalError: could not translate host name "postgres" to address: Temporary failure in name resolution


The above exception was the direct cause of the following exception:

Traceback (most recent call last):
  File "/home/airflow/.local/lib/python3.8/site-packages/airflow/jobs/job.py", line 187, in heartbeat
    self._merge_from(Job._fetch_from_db(self, session))
  File "/home/airflow/.local/lib/python3.8/site-packages/airflow/api_internal/internal_api_call.py", line 114, in wrapper
    return func(*args, **kwargs)
  File "/home/airflow/.local/lib/python3.8/site-packages/airflow/utils/session.py", line 76, in wrapper
    return func(*args, **kwargs)
  File "/home/airflow/.local/lib/python3.8/site-packages/airflow/jobs/job.py", line 308, in _fetch_from_db
    session.merge(job)
  File "/home/airflow/.local/lib/python3.8/site-packages/sqlalchemy/orm/session.py", line 3056, in merge
    return self._merge(
  File "/home/airflow/.local/lib/python3.8/site-packages/sqlalchemy/orm/session.py", line 3136, in _merge
    merged = self.get(
  File "/home/airflow/.local/lib/python3.8/site-packages/sqlalchemy/orm/session.py", line 2853, in get
    return self._get_impl(
  File "/home/airflow/.local/lib/python3.8/site-packages/sqlalchemy/orm/session.py", line 2975, in _get_impl
    return db_load_fn(
  File "/home/airflow/.local/lib/python3.8/site-packages/sqlalchemy/orm/loading.py", line 530, in load_on_pk_identity
    session.execute(
  File "/home/airflow/.local/lib/python3.8/site-packages/sqlalchemy/orm/session.py", line 1716, in execute
    conn = self._connection_for_bind(bind)
  File "/home/airflow/.local/lib/python3.8/site-packages/sqlalchemy/orm/session.py", line 1555, in _connection_for_bind
    return self._transaction._connection_for_bind(
  File "/home/airflow/.local/lib/python3.8/site-packages/sqlalchemy/orm/session.py", line 750, in _connection_for_bind
    conn = bind.connect()
  File "/home/airflow/.local/lib/python3.8/site-packages/sqlalchemy/future/engine.py", line 412, in connect
    return super(Engine, self).connect()
  File "/home/airflow/.local/lib/python3.8/site-packages/sqlalchemy/engine/base.py", line 3325, in connect
    return self._connection_cls(self, close_with_result=close_with_result)
  File "/home/airflow/.local/lib/python3.8/site-packages/sqlalchemy/engine/base.py", line 96, in __init__
    else engine.raw_connection()
  File "/home/airflow/.local/lib/python3.8/site-packages/sqlalchemy/engine/base.py", line 3404, in raw_connection
    return self._wrap_pool_connect(self.pool.connect, _connection)
  File "/home/airflow/.local/lib/python3.8/site-packages/sqlalchemy/engine/base.py", line 3374, in _wrap_pool_connect
    Connection._handle_dbapi_exception_noconnection(
  File "/home/airflow/.local/lib/python3.8/site-packages/sqlalchemy/engine/base.py", line 2208, in _handle_dbapi_exception_noconnection
    util.raise_(
  File "/home/airflow/.local/lib/python3.8/site-packages/sqlalchemy/util/compat.py", line 211, in raise_
    raise exception
  File "/home/airflow/.local/lib/python3.8/site-packages/sqlalchemy/engine/base.py", line 3371, in _wrap_pool_connect
    return fn()
  File "/home/airflow/.local/lib/python3.8/site-packages/sqlalchemy/pool/base.py", line 327, in connect
    return _ConnectionFairy._checkout(self)
  File "/home/airflow/.local/lib/python3.8/site-packages/sqlalchemy/pool/base.py", line 894, in _checkout
    fairy = _ConnectionRecord.checkout(pool)
  File "/home/airflow/.local/lib/python3.8/site-packages/sqlalchemy/pool/base.py", line 493, in checkout
    rec = pool._do_get()
  File "/home/airflow/.local/lib/python3.8/site-packages/sqlalchemy/pool/impl.py", line 256, in _do_get
    return self._create_connection()
  File "/home/airflow/.local/lib/python3.8/site-packages/sqlalchemy/pool/base.py", line 273, in _create_connection
    return _ConnectionRecord(self)
  File "/home/airflow/.local/lib/python3.8/site-packages/sqlalchemy/pool/base.py", line 388, in __init__
    self.__connect()
  File "/home/airflow/.local/lib/python3.8/site-packages/sqlalchemy/pool/base.py", line 691, in __connect
    pool.logger.debug("Error on connect(): %s", e)
  File "/home/airflow/.local/lib/python3.8/site-packages/sqlalchemy/util/langhelpers.py", line 70, in __exit__
    compat.raise_(
  File "/home/airflow/.local/lib/python3.8/site-packages/sqlalchemy/util/compat.py", line 211, in raise_
    raise exception
  File "/home/airflow/.local/lib/python3.8/site-packages/sqlalchemy/pool/base.py", line 686, in __connect
    self.dbapi_connection = connection = pool._invoke_creator(self)
  File "/home/airflow/.local/lib/python3.8/site-packages/sqlalchemy/engine/create.py", line 574, in connect
    return dialect.connect(*cargs, **cparams)
  File "/home/airflow/.local/lib/python3.8/site-packages/sqlalchemy/engine/default.py", line 598, in connect
    return self.dbapi.connect(*cargs, **cparams)
  File "/home/airflow/.local/lib/python3.8/site-packages/psycopg2/__init__.py", line 122, in connect
    conn = _connect(dsn, connection_factory=connection_factory, **kwasync)
sqlalchemy.exc.OperationalError: (psycopg2.OperationalError) could not translate host name "postgres" to address: Temporary failure in name resolution

(Background on this error at: https://sqlalche.me/e/14/e3q8)
[2025-12-07T15:54:48.930+0000] {job.py:221} ERROR - Job heartbeat failed with error. Scheduler is in unhealthy state
[2025-12-07T15:55:04.028+0000] {job.py:221} ERROR - Job heartbeat failed with error. Scheduler is in unhealthy state
[2025-12-07T15:55:15.899+0000] {subprocess.py:93} INFO - 25/12/07 15:55:15 WARN MetricsConfig: Cannot locate configuration: tried hadoop-metrics2-s3a-file-system.properties,hadoop-metrics2.properties
[2025-12-07T15:55:16.346+0000] {subprocess.py:93} INFO - 25/12/07 15:55:16 INFO MetricsSystemImpl: Scheduled Metric snapshot period at 10 second(s).
[2025-12-07T15:55:16.375+0000] {subprocess.py:93} INFO - 25/12/07 15:55:16 INFO MetricsSystemImpl: s3a-file-system metrics system started
[2025-12-07T15:55:17.394+0000] {job.py:221} ERROR - Job heartbeat failed with error. Scheduler is in unhealthy state
[2025-12-07T15:55:25.064+0000] {subprocess.py:93} INFO - 25/12/07 15:55:25 INFO MetadataLogFileIndex: Reading streaming file log from s3a://datalake/bronze/emails/_spark_metadata
[2025-12-07T15:55:26.067+0000] {subprocess.py:93} INFO - 25/12/07 15:55:26 INFO FileStreamSinkLog: BatchIds found from listing: 0, 1, 2, 3, 4
[2025-12-07T15:55:26.327+0000] {subprocess.py:93} INFO - 25/12/07 15:55:26 INFO FileStreamSinkLog: Set the compact interval to 10 [defaultCompactInterval: 10]
[2025-12-07T15:55:26.500+0000] {subprocess.py:93} INFO - 25/12/07 15:55:26 INFO deprecation: org.apache.hadoop.shaded.io.bytes.per.checksum is deprecated. Instead, use dfs.bytes-per-checksum
[2025-12-07T15:55:38.753+0000] {subprocess.py:93} INFO - 25/12/07 15:55:38 INFO SparkContext: Starting job: parquet at NativeMethodAccessorImpl.java:0
[2025-12-07T15:55:39.057+0000] {subprocess.py:93} INFO - 25/12/07 15:55:39 INFO DAGScheduler: Got job 0 (parquet at NativeMethodAccessorImpl.java:0) with 1 output partitions
[2025-12-07T15:55:39.073+0000] {subprocess.py:93} INFO - 25/12/07 15:55:39 INFO DAGScheduler: Final stage: ResultStage 0 (parquet at NativeMethodAccessorImpl.java:0)
[2025-12-07T15:55:39.074+0000] {subprocess.py:93} INFO - 25/12/07 15:55:39 INFO DAGScheduler: Parents of final stage: List()
[2025-12-07T15:55:39.075+0000] {subprocess.py:93} INFO - 25/12/07 15:55:39 INFO DAGScheduler: Missing parents: List()
[2025-12-07T15:55:39.104+0000] {subprocess.py:93} INFO - 25/12/07 15:55:39 INFO DAGScheduler: Submitting ResultStage 0 (MapPartitionsRDD[1] at parquet at NativeMethodAccessorImpl.java:0), which has no missing parents
[2025-12-07T15:55:44.412+0000] {subprocess.py:93} INFO - 25/12/07 15:55:44 INFO MemoryStore: Block broadcast_0 stored as values in memory (estimated size 105.5 KiB, free 434.3 MiB)
[2025-12-07T15:55:46.094+0000] {job.py:221} ERROR - Job heartbeat failed with error. Scheduler is in unhealthy state
[2025-12-07T15:55:59.842+0000] {job.py:221} ERROR - Job heartbeat failed with error. Scheduler is in unhealthy state
