[2025-12-05T08:11:27.559+0000] {taskinstance.py:1956} INFO - Dependencies all met for dep_context=non-requeueable deps ti=<TaskInstance: email_pipeline_dag.validator manual__2025-12-04T15:18:56.795577+00:00 [queued]>
[2025-12-05T08:11:27.602+0000] {taskinstance.py:1956} INFO - Dependencies all met for dep_context=requeueable deps ti=<TaskInstance: email_pipeline_dag.validator manual__2025-12-04T15:18:56.795577+00:00 [queued]>
[2025-12-05T08:11:27.604+0000] {taskinstance.py:2170} INFO - Starting attempt 1 of 2
[2025-12-05T08:11:27.678+0000] {taskinstance.py:2191} INFO - Executing <Task(BashOperator): validator> on 2025-12-04 15:18:56.795577+00:00
[2025-12-05T08:11:27.726+0000] {standard_task_runner.py:60} INFO - Started process 256 to run task
[2025-12-05T08:11:27.789+0000] {standard_task_runner.py:87} INFO - Running: ['***', 'tasks', 'run', 'email_pipeline_dag', 'validator', 'manual__2025-12-04T15:18:56.795577+00:00', '--job-id', '146', '--raw', '--subdir', 'DAGS_FOLDER/email_pipeline_dag.py', '--cfg-path', '/tmp/tmpoahutjpl']
[2025-12-05T08:11:27.811+0000] {standard_task_runner.py:88} INFO - Job 146: Subtask validator
[2025-12-05T08:11:28.141+0000] {task_command.py:423} INFO - Running <TaskInstance: email_pipeline_dag.validator manual__2025-12-04T15:18:56.795577+00:00 [running]> on host 17d26709f247
[2025-12-05T08:11:28.592+0000] {taskinstance.py:2480} INFO - Exporting env vars: AIRFLOW_CTX_DAG_OWNER='***' AIRFLOW_CTX_DAG_ID='email_pipeline_dag' AIRFLOW_CTX_TASK_ID='validator' AIRFLOW_CTX_EXECUTION_DATE='2025-12-04T15:18:56.795577+00:00' AIRFLOW_CTX_TRY_NUMBER='1' AIRFLOW_CTX_DAG_RUN_ID='manual__2025-12-04T15:18:56.795577+00:00'
[2025-12-05T08:11:28.599+0000] {subprocess.py:63} INFO - Tmp dir root location: /tmp
[2025-12-05T08:11:28.609+0000] {subprocess.py:75} INFO - Running command: ['/usr/bin/bash', '-c', 'python /opt/***/kafka/Consumer/validator.py']
[2025-12-05T08:11:28.650+0000] {subprocess.py:86} INFO - Output:
[2025-12-05T08:11:30.056+0000] {subprocess.py:93} INFO - 2025-12-05 08:11:30,056 - INFO - ðŸ”„ Connecting to Kafka broker: kafka:29092
[2025-12-05T08:11:31.926+0000] {subprocess.py:93} INFO - 2025-12-05 08:11:31,925 - WARNING - DNS lookup failed for kafka:29092, exception was [Errno -2] Name or service not known. Is your advertised.listeners (called advertised.host.name before Kafka 9) correct and resolvable?
[2025-12-05T08:11:31.928+0000] {subprocess.py:93} INFO - 2025-12-05 08:11:31,925 - ERROR - <BrokerConnection client_id=kafka-python-2.3.0, node_id=bootstrap-0 host=kafka:29092 <connecting> [unspecified None]>: DNS lookup failed for kafka:29092 (AddressFamily.AF_UNSPEC)
[2025-12-05T08:11:31.929+0000] {subprocess.py:93} INFO - 2025-12-05 08:11:31,926 - ERROR - <BrokerConnection client_id=kafka-python-2.3.0, node_id=bootstrap-0 host=kafka:29092 <connecting> [unspecified None]>: Closing connection. KafkaConnectionError: DNS failure
[2025-12-05T08:11:33.794+0000] {subprocess.py:93} INFO - 2025-12-05 08:11:33,790 - WARNING - DNS lookup failed for kafka:29092, exception was [Errno -2] Name or service not known. Is your advertised.listeners (called advertised.host.name before Kafka 9) correct and resolvable?
[2025-12-05T08:11:33.797+0000] {subprocess.py:93} INFO - 2025-12-05 08:11:33,791 - ERROR - <BrokerConnection client_id=kafka-python-2.3.0, node_id=bootstrap-0 host=kafka:29092 <connecting> [unspecified None]>: DNS lookup failed for kafka:29092 (AddressFamily.AF_UNSPEC)
[2025-12-05T08:11:33.803+0000] {subprocess.py:93} INFO - 2025-12-05 08:11:33,791 - ERROR - <BrokerConnection client_id=kafka-python-2.3.0, node_id=bootstrap-0 host=kafka:29092 <connecting> [unspecified None]>: Closing connection. KafkaConnectionError: DNS failure
[2025-12-05T08:11:33.826+0000] {subprocess.py:93} INFO - Traceback (most recent call last):
[2025-12-05T08:11:33.829+0000] {subprocess.py:93} INFO -   File "/opt/***/kafka/Consumer/validator.py", line 103, in <module>
[2025-12-05T08:11:33.834+0000] {subprocess.py:93} INFO -     main()
[2025-12-05T08:11:33.837+0000] {subprocess.py:93} INFO -   File "/opt/***/kafka/Consumer/validator.py", line 46, in main
[2025-12-05T08:11:33.842+0000] {subprocess.py:93} INFO -     consumer = KafkaConsumer(
[2025-12-05T08:11:33.845+0000] {subprocess.py:93} INFO -   File "/home/***/.local/lib/python3.8/site-packages/kafka/consumer/group.py", line 397, in __init__
[2025-12-05T08:11:33.850+0000] {subprocess.py:93} INFO -     self._client = self.config['kafka_client'](metrics=self._metrics, **self.config)
[2025-12-05T08:11:33.854+0000] {subprocess.py:93} INFO -   File "/home/***/.local/lib/python3.8/site-packages/kafka/client_async.py", line 262, in __init__
[2025-12-05T08:11:33.878+0000] {subprocess.py:93} INFO -     self.config['api_version'] = self.check_version()
[2025-12-05T08:11:33.891+0000] {subprocess.py:93} INFO -   File "/home/***/.local/lib/python3.8/site-packages/kafka/client_async.py", line 1076, in check_version
[2025-12-05T08:11:33.898+0000] {subprocess.py:93} INFO -     raise Errors.NoBrokersAvailable()
[2025-12-05T08:11:33.906+0000] {subprocess.py:93} INFO - kafka.errors.NoBrokersAvailable: NoBrokersAvailable
[2025-12-05T08:11:34.164+0000] {subprocess.py:97} INFO - Command exited with return code 1
[2025-12-05T08:11:34.203+0000] {taskinstance.py:2698} ERROR - Task failed with exception
Traceback (most recent call last):
  File "/home/airflow/.local/lib/python3.8/site-packages/airflow/models/taskinstance.py", line 433, in _execute_task
    result = execute_callable(context=context, **execute_callable_kwargs)
  File "/home/airflow/.local/lib/python3.8/site-packages/airflow/operators/bash.py", line 212, in execute
    raise AirflowException(
airflow.exceptions.AirflowException: Bash command failed. The command returned a non-zero exit code 1.
[2025-12-05T08:11:34.211+0000] {taskinstance.py:1138} INFO - Marking task as UP_FOR_RETRY. dag_id=email_pipeline_dag, task_id=validator, execution_date=20251204T151856, start_date=20251205T081127, end_date=20251205T081134
[2025-12-05T08:11:34.268+0000] {standard_task_runner.py:107} ERROR - Failed to execute job 146 for task validator (Bash command failed. The command returned a non-zero exit code 1.; 256)
[2025-12-05T08:11:34.361+0000] {local_task_job_runner.py:234} INFO - Task exited with return code 1
[2025-12-05T08:11:34.412+0000] {taskinstance.py:3280} INFO - 0 downstream tasks scheduled from follow-on schedule check
