[2025-12-07T13:14:09.260+0000] {taskinstance.py:1956} INFO - Dependencies all met for dep_context=non-requeueable deps ti=<TaskInstance: email_intelligence_pipeline.email_validation manual__2025-12-07T13:07:25.191288+00:00 [queued]>
[2025-12-07T13:14:09.292+0000] {taskinstance.py:1956} INFO - Dependencies all met for dep_context=requeueable deps ti=<TaskInstance: email_intelligence_pipeline.email_validation manual__2025-12-07T13:07:25.191288+00:00 [queued]>
[2025-12-07T13:14:09.294+0000] {taskinstance.py:2170} INFO - Starting attempt 2 of 3
[2025-12-07T13:14:09.348+0000] {taskinstance.py:2191} INFO - Executing <Task(BashOperator): email_validation> on 2025-12-07 13:07:25.191288+00:00
[2025-12-07T13:14:09.360+0000] {standard_task_runner.py:60} INFO - Started process 180 to run task
[2025-12-07T13:14:09.384+0000] {standard_task_runner.py:87} INFO - Running: ['***', 'tasks', 'run', 'email_intelligence_pipeline', 'email_validation', 'manual__2025-12-07T13:07:25.191288+00:00', '--job-id', '55', '--raw', '--subdir', 'DAGS_FOLDER/email_pipeline_dag.py', '--cfg-path', '/tmp/tmp2vgf9l5x']
[2025-12-07T13:14:09.391+0000] {standard_task_runner.py:88} INFO - Job 55: Subtask email_validation
[2025-12-07T13:14:09.593+0000] {task_command.py:423} INFO - Running <TaskInstance: email_intelligence_pipeline.email_validation manual__2025-12-07T13:07:25.191288+00:00 [running]> on host e61fdba10dc3
[2025-12-07T13:14:09.752+0000] {taskinstance.py:2480} INFO - Exporting env vars: AIRFLOW_CTX_DAG_OWNER='data_team' AIRFLOW_CTX_DAG_ID='email_intelligence_pipeline' AIRFLOW_CTX_TASK_ID='email_validation' AIRFLOW_CTX_EXECUTION_DATE='2025-12-07T13:07:25.191288+00:00' AIRFLOW_CTX_TRY_NUMBER='2' AIRFLOW_CTX_DAG_RUN_ID='manual__2025-12-07T13:07:25.191288+00:00'
[2025-12-07T13:14:09.757+0000] {subprocess.py:63} INFO - Tmp dir root location: /tmp
[2025-12-07T13:14:09.761+0000] {subprocess.py:75} INFO - Running command: ['/usr/bin/bash', '-c', 'python /opt/***/kafka/Consumer/validator.py']
[2025-12-07T13:14:09.782+0000] {subprocess.py:86} INFO - Output:
[2025-12-07T13:14:11.163+0000] {subprocess.py:93} INFO - 2025-12-07 13:14:11,163 - INFO - ðŸ”„ Connecting to Kafka broker: kafka:29092
[2025-12-07T13:14:12.871+0000] {subprocess.py:93} INFO - 2025-12-07 13:14:12,870 - WARNING - DNS lookup failed for kafka:29092, exception was [Errno -5] No address associated with hostname. Is your advertised.listeners (called advertised.host.name before Kafka 9) correct and resolvable?
[2025-12-07T13:14:12.872+0000] {subprocess.py:93} INFO - 2025-12-07 13:14:12,871 - ERROR - <BrokerConnection client_id=kafka-python-2.3.0, node_id=bootstrap-0 host=kafka:29092 <connecting> [unspecified None]>: DNS lookup failed for kafka:29092 (AddressFamily.AF_UNSPEC)
[2025-12-07T13:14:12.874+0000] {subprocess.py:93} INFO - 2025-12-07 13:14:12,871 - ERROR - <BrokerConnection client_id=kafka-python-2.3.0, node_id=bootstrap-0 host=kafka:29092 <connecting> [unspecified None]>: Closing connection. KafkaConnectionError: DNS failure
[2025-12-07T13:14:16.878+0000] {subprocess.py:93} INFO - 2025-12-07 13:14:16,877 - WARNING - DNS lookup failed for kafka:29092, exception was [Errno -5] No address associated with hostname. Is your advertised.listeners (called advertised.host.name before Kafka 9) correct and resolvable?
[2025-12-07T13:14:16.879+0000] {subprocess.py:93} INFO - 2025-12-07 13:14:16,878 - ERROR - <BrokerConnection client_id=kafka-python-2.3.0, node_id=bootstrap-0 host=kafka:29092 <connecting> [unspecified None]>: DNS lookup failed for kafka:29092 (AddressFamily.AF_UNSPEC)
[2025-12-07T13:14:16.881+0000] {subprocess.py:93} INFO - 2025-12-07 13:14:16,878 - ERROR - <BrokerConnection client_id=kafka-python-2.3.0, node_id=bootstrap-0 host=kafka:29092 <connecting> [unspecified None]>: Closing connection. KafkaConnectionError: DNS failure
[2025-12-07T13:14:16.889+0000] {subprocess.py:93} INFO - Traceback (most recent call last):
[2025-12-07T13:14:16.890+0000] {subprocess.py:93} INFO -   File "/opt/***/kafka/Consumer/validator.py", line 103, in <module>
[2025-12-07T13:14:16.891+0000] {subprocess.py:93} INFO -     main()
[2025-12-07T13:14:16.892+0000] {subprocess.py:93} INFO -   File "/opt/***/kafka/Consumer/validator.py", line 46, in main
[2025-12-07T13:14:16.892+0000] {subprocess.py:93} INFO -     consumer = KafkaConsumer(
[2025-12-07T13:14:16.893+0000] {subprocess.py:93} INFO -   File "/home/***/.local/lib/python3.8/site-packages/kafka/consumer/group.py", line 397, in __init__
[2025-12-07T13:14:16.894+0000] {subprocess.py:93} INFO -     self._client = self.config['kafka_client'](metrics=self._metrics, **self.config)
[2025-12-07T13:14:16.896+0000] {subprocess.py:93} INFO -   File "/home/***/.local/lib/python3.8/site-packages/kafka/client_async.py", line 262, in __init__
[2025-12-07T13:14:16.897+0000] {subprocess.py:93} INFO -     self.config['api_version'] = self.check_version()
[2025-12-07T13:14:16.899+0000] {subprocess.py:93} INFO -   File "/home/***/.local/lib/python3.8/site-packages/kafka/client_async.py", line 1076, in check_version
[2025-12-07T13:14:16.900+0000] {subprocess.py:93} INFO -     raise Errors.NoBrokersAvailable()
[2025-12-07T13:14:16.901+0000] {subprocess.py:93} INFO - kafka.errors.NoBrokersAvailable: NoBrokersAvailable
[2025-12-07T13:14:16.981+0000] {subprocess.py:97} INFO - Command exited with return code 1
[2025-12-07T13:14:17.004+0000] {taskinstance.py:2698} ERROR - Task failed with exception
Traceback (most recent call last):
  File "/home/airflow/.local/lib/python3.8/site-packages/airflow/models/taskinstance.py", line 433, in _execute_task
    result = execute_callable(context=context, **execute_callable_kwargs)
  File "/home/airflow/.local/lib/python3.8/site-packages/airflow/operators/bash.py", line 212, in execute
    raise AirflowException(
airflow.exceptions.AirflowException: Bash command failed. The command returned a non-zero exit code 1.
[2025-12-07T13:14:17.010+0000] {taskinstance.py:1138} INFO - Marking task as UP_FOR_RETRY. dag_id=email_intelligence_pipeline, task_id=email_validation, execution_date=20251207T130725, start_date=20251207T131409, end_date=20251207T131417
[2025-12-07T13:14:17.033+0000] {standard_task_runner.py:107} ERROR - Failed to execute job 55 for task email_validation (Bash command failed. The command returned a non-zero exit code 1.; 180)
[2025-12-07T13:14:17.068+0000] {local_task_job_runner.py:234} INFO - Task exited with return code 1
[2025-12-07T13:14:17.110+0000] {taskinstance.py:3280} INFO - 0 downstream tasks scheduled from follow-on schedule check
