[2025-12-10T13:50:51.655+0000] {taskinstance.py:1956} INFO - Dependencies all met for dep_context=non-requeueable deps ti=<TaskInstance: email_intelligence_pipeline.quality_assurance_gate manual__2025-12-10T13:50:19.669066+00:00 [queued]>
[2025-12-10T13:50:51.678+0000] {taskinstance.py:1956} INFO - Dependencies all met for dep_context=requeueable deps ti=<TaskInstance: email_intelligence_pipeline.quality_assurance_gate manual__2025-12-10T13:50:19.669066+00:00 [queued]>
[2025-12-10T13:50:51.679+0000] {taskinstance.py:2170} INFO - Starting attempt 1 of 1
[2025-12-10T13:50:51.700+0000] {taskinstance.py:2191} INFO - Executing <Task(BashOperator): quality_assurance_gate> on 2025-12-10 13:50:19.669066+00:00
[2025-12-10T13:50:51.709+0000] {standard_task_runner.py:60} INFO - Started process 413 to run task
[2025-12-10T13:50:51.713+0000] {standard_task_runner.py:87} INFO - Running: ['***', 'tasks', 'run', 'email_intelligence_pipeline', 'quality_assurance_gate', 'manual__2025-12-10T13:50:19.669066+00:00', '--job-id', '28', '--raw', '--subdir', 'DAGS_FOLDER/email_pipeline_dag.py', '--cfg-path', '/tmp/tmp1la29fzf']
[2025-12-10T13:50:51.720+0000] {standard_task_runner.py:88} INFO - Job 28: Subtask quality_assurance_gate
[2025-12-10T13:50:51.840+0000] {task_command.py:423} INFO - Running <TaskInstance: email_intelligence_pipeline.quality_assurance_gate manual__2025-12-10T13:50:19.669066+00:00 [running]> on host 9019e2759dbb
[2025-12-10T13:50:52.026+0000] {taskinstance.py:2480} INFO - Exporting env vars: AIRFLOW_CTX_DAG_OWNER='data_team' AIRFLOW_CTX_DAG_ID='email_intelligence_pipeline' AIRFLOW_CTX_TASK_ID='quality_assurance_gate' AIRFLOW_CTX_EXECUTION_DATE='2025-12-10T13:50:19.669066+00:00' AIRFLOW_CTX_TRY_NUMBER='1' AIRFLOW_CTX_DAG_RUN_ID='manual__2025-12-10T13:50:19.669066+00:00'
[2025-12-10T13:50:52.029+0000] {subprocess.py:63} INFO - Tmp dir root location: /tmp
[2025-12-10T13:50:52.031+0000] {subprocess.py:75} INFO - Running command: ['/usr/bin/bash', '-c', '\n        /opt/spark/bin/spark-submit --master local[2] --packages org.apache.hadoop:hadoop-aws:3.3.4             --name QualityAssuranceGate /opt/spark/jobs/data_quality_check.py\n        \n        # Vérifier le résultat du quality check\n        QUALITY_EXIT_CODE=$?\n        \n        if [ $QUALITY_EXIT_CODE -ne 0 ]; then\n            echo "❌ Quality check FAILED (score < 95%)"\n            echo "⛔ Downstream tasks will be SKIPPED"\n            # Toujours retourner 0 pour que quality_gate = SUCCESS\n            exit 0\n        else\n            echo "✅ Quality check PASSED (score >= 95%)"\n            echo "✅ Proceeding to daily aggregation..."\n            exit 0\n        fi\n        ']
[2025-12-10T13:50:52.058+0000] {subprocess.py:86} INFO - Output:
[2025-12-10T13:50:52.075+0000] {subprocess.py:93} INFO - /opt/spark/bin/load-spark-env.sh: line 68: ps: command not found
[2025-12-10T13:50:55.306+0000] {subprocess.py:93} INFO - :: loading settings :: url = jar:file:/opt/spark/jars/ivy-2.5.1.jar!/org/apache/ivy/core/settings/ivysettings.xml
[2025-12-10T13:50:55.448+0000] {subprocess.py:93} INFO - Ivy Default Cache set to: /home/***/.ivy2/cache
[2025-12-10T13:50:55.449+0000] {subprocess.py:93} INFO - The jars for the packages stored in: /home/***/.ivy2/jars
[2025-12-10T13:50:55.455+0000] {subprocess.py:93} INFO - org.apache.hadoop#hadoop-aws added as a dependency
[2025-12-10T13:50:55.456+0000] {subprocess.py:93} INFO - :: resolving dependencies :: org.apache.spark#spark-submit-parent-8054477f-8105-4a54-904d-a33c1efa12c7;1.0
[2025-12-10T13:50:55.457+0000] {subprocess.py:93} INFO - 	confs: [default]
[2025-12-10T13:50:55.669+0000] {subprocess.py:93} INFO - 	found org.apache.hadoop#hadoop-aws;3.3.4 in central
[2025-12-10T13:50:55.704+0000] {subprocess.py:93} INFO - 	found com.amazonaws#aws-java-sdk-bundle;1.12.262 in central
[2025-12-10T13:50:55.732+0000] {subprocess.py:93} INFO - 	found org.wildfly.openssl#wildfly-openssl;1.0.7.Final in central
[2025-12-10T13:50:56.649+0000] {subprocess.py:93} INFO - downloading https://repo1.maven.org/maven2/com/amazonaws/aws-java-sdk-bundle/1.12.262/aws-java-sdk-bundle-1.12.262.jar ...
[2025-12-10T13:51:48.473+0000] {subprocess.py:93} INFO - :: resolution report :: resolve 297ms :: artifacts dl 52719ms
[2025-12-10T13:51:48.479+0000] {subprocess.py:93} INFO - 	:: modules in use:
[2025-12-10T13:51:48.480+0000] {subprocess.py:93} INFO - 	com.amazonaws#aws-java-sdk-bundle;1.12.262 from central in [default]
[2025-12-10T13:51:48.480+0000] {subprocess.py:93} INFO - 	org.apache.hadoop#hadoop-aws;3.3.4 from central in [default]
[2025-12-10T13:51:48.480+0000] {subprocess.py:93} INFO - 	org.wildfly.openssl#wildfly-openssl;1.0.7.Final from central in [default]
[2025-12-10T13:51:48.481+0000] {subprocess.py:93} INFO - 	---------------------------------------------------------------------
[2025-12-10T13:51:48.482+0000] {subprocess.py:93} INFO - 	|                  |            modules            ||   artifacts   |
[2025-12-10T13:51:48.482+0000] {subprocess.py:93} INFO - 	|       conf       | number| search|dwnlded|evicted|| number|dwnlded|
[2025-12-10T13:51:48.483+0000] {subprocess.py:93} INFO - 	---------------------------------------------------------------------
[2025-12-10T13:51:48.484+0000] {subprocess.py:93} INFO - 	|      default     |   3   |   0   |   0   |   0   ||   3   |   0   |
[2025-12-10T13:51:48.485+0000] {subprocess.py:93} INFO - 	---------------------------------------------------------------------
[2025-12-10T13:51:48.486+0000] {subprocess.py:93} INFO - 
[2025-12-10T13:51:48.486+0000] {subprocess.py:93} INFO - :: problems summary ::
[2025-12-10T13:51:48.487+0000] {subprocess.py:93} INFO - :::: WARNINGS
[2025-12-10T13:51:48.487+0000] {subprocess.py:93} INFO - 		[FAILED     ] com.amazonaws#aws-java-sdk-bundle;1.12.262!aws-java-sdk-bundle.jar: Downloaded file size (0) doesn't match expected Content Length (280645251) for https://repo1.maven.org/maven2/com/amazonaws/aws-java-sdk-bundle/1.12.262/aws-java-sdk-bundle-1.12.262.jar. Please retry. (52700ms)
[2025-12-10T13:51:48.488+0000] {subprocess.py:93} INFO - 
[2025-12-10T13:51:48.488+0000] {subprocess.py:93} INFO - 		[FAILED     ] com.amazonaws#aws-java-sdk-bundle;1.12.262!aws-java-sdk-bundle.jar: Downloaded file size (0) doesn't match expected Content Length (280645251) for https://repo1.maven.org/maven2/com/amazonaws/aws-java-sdk-bundle/1.12.262/aws-java-sdk-bundle-1.12.262.jar. Please retry. (52700ms)
[2025-12-10T13:51:48.489+0000] {subprocess.py:93} INFO - 
[2025-12-10T13:51:48.489+0000] {subprocess.py:93} INFO - 	==== central: tried
[2025-12-10T13:51:48.489+0000] {subprocess.py:93} INFO - 
[2025-12-10T13:51:48.490+0000] {subprocess.py:93} INFO - 	  https://repo1.maven.org/maven2/com/amazonaws/aws-java-sdk-bundle/1.12.262/aws-java-sdk-bundle-1.12.262.jar
[2025-12-10T13:51:48.490+0000] {subprocess.py:93} INFO - 
[2025-12-10T13:51:48.491+0000] {subprocess.py:93} INFO - 		::::::::::::::::::::::::::::::::::::::::::::::
[2025-12-10T13:51:48.491+0000] {subprocess.py:93} INFO - 
[2025-12-10T13:51:48.491+0000] {subprocess.py:93} INFO - 		::              FAILED DOWNLOADS            ::
[2025-12-10T13:51:48.492+0000] {subprocess.py:93} INFO - 
[2025-12-10T13:51:48.492+0000] {subprocess.py:93} INFO - 		:: ^ see resolution messages for details  ^ ::
[2025-12-10T13:51:48.493+0000] {subprocess.py:93} INFO - 
[2025-12-10T13:51:48.493+0000] {subprocess.py:93} INFO - 		::::::::::::::::::::::::::::::::::::::::::::::
[2025-12-10T13:51:48.493+0000] {subprocess.py:93} INFO - 
[2025-12-10T13:51:48.494+0000] {subprocess.py:93} INFO - 		:: com.amazonaws#aws-java-sdk-bundle;1.12.262!aws-java-sdk-bundle.jar
[2025-12-10T13:51:48.494+0000] {subprocess.py:93} INFO - 
[2025-12-10T13:51:48.494+0000] {subprocess.py:93} INFO - 		::::::::::::::::::::::::::::::::::::::::::::::
[2025-12-10T13:51:48.495+0000] {subprocess.py:93} INFO - 
[2025-12-10T13:51:48.495+0000] {subprocess.py:93} INFO - 
[2025-12-10T13:51:48.496+0000] {subprocess.py:93} INFO - 
[2025-12-10T13:51:48.496+0000] {subprocess.py:93} INFO - :: USE VERBOSE OR DEBUG MESSAGE LEVEL FOR MORE DETAILS
[2025-12-10T13:51:48.496+0000] {subprocess.py:93} INFO - Exception in thread "main" java.lang.RuntimeException: [download failed: com.amazonaws#aws-java-sdk-bundle;1.12.262!aws-java-sdk-bundle.jar]
[2025-12-10T13:51:48.497+0000] {subprocess.py:93} INFO - 	at org.apache.spark.deploy.SparkSubmitUtils$.resolveMavenCoordinates(SparkSubmit.scala:1537)
[2025-12-10T13:51:48.497+0000] {subprocess.py:93} INFO - 	at org.apache.spark.util.DependencyUtils$.resolveMavenDependencies(DependencyUtils.scala:185)
[2025-12-10T13:51:48.498+0000] {subprocess.py:93} INFO - 	at org.apache.spark.deploy.SparkSubmit.prepareSubmitEnvironment(SparkSubmit.scala:334)
[2025-12-10T13:51:48.498+0000] {subprocess.py:93} INFO - 	at org.apache.spark.deploy.SparkSubmit.org$apache$spark$deploy$SparkSubmit$$runMain(SparkSubmit.scala:964)
[2025-12-10T13:51:48.499+0000] {subprocess.py:93} INFO - 	at org.apache.spark.deploy.SparkSubmit.doRunMain$1(SparkSubmit.scala:194)
[2025-12-10T13:51:48.500+0000] {subprocess.py:93} INFO - 	at org.apache.spark.deploy.SparkSubmit.submit(SparkSubmit.scala:217)
[2025-12-10T13:51:48.500+0000] {subprocess.py:93} INFO - 	at org.apache.spark.deploy.SparkSubmit.doSubmit(SparkSubmit.scala:91)
[2025-12-10T13:51:48.500+0000] {subprocess.py:93} INFO - 	at org.apache.spark.deploy.SparkSubmit$$anon$2.doSubmit(SparkSubmit.scala:1120)
[2025-12-10T13:51:48.501+0000] {subprocess.py:93} INFO - 	at org.apache.spark.deploy.SparkSubmit$.main(SparkSubmit.scala:1129)
[2025-12-10T13:51:48.501+0000] {subprocess.py:93} INFO - 	at org.apache.spark.deploy.SparkSubmit.main(SparkSubmit.scala)
[2025-12-10T13:51:48.520+0000] {subprocess.py:93} INFO - ❌ Quality check FAILED (score < 95%)
[2025-12-10T13:51:48.521+0000] {subprocess.py:93} INFO - ⛔ Downstream tasks will be SKIPPED
[2025-12-10T13:51:48.523+0000] {subprocess.py:97} INFO - Command exited with return code 0
[2025-12-10T13:51:48.565+0000] {taskinstance.py:1138} INFO - Marking task as SUCCESS. dag_id=email_intelligence_pipeline, task_id=quality_assurance_gate, execution_date=20251210T135019, start_date=20251210T135051, end_date=20251210T135148
[2025-12-10T13:51:48.631+0000] {local_task_job_runner.py:234} INFO - Task exited with return code 0
[2025-12-10T13:51:48.678+0000] {taskinstance.py:3280} INFO - 0 downstream tasks scheduled from follow-on schedule check
