[2025-12-08T11:44:47.375+0000] {taskinstance.py:1956} INFO - Dependencies all met for dep_context=non-requeueable deps ti=<TaskInstance: email_intelligence_pipeline.quality_assurance_gate manual__2025-12-08T11:44:04.588666+00:00 [queued]>
[2025-12-08T11:44:47.387+0000] {taskinstance.py:1956} INFO - Dependencies all met for dep_context=requeueable deps ti=<TaskInstance: email_intelligence_pipeline.quality_assurance_gate manual__2025-12-08T11:44:04.588666+00:00 [queued]>
[2025-12-08T11:44:47.388+0000] {taskinstance.py:2170} INFO - Starting attempt 1 of 1
[2025-12-08T11:44:47.402+0000] {taskinstance.py:2191} INFO - Executing <Task(BashOperator): quality_assurance_gate> on 2025-12-08 11:44:04.588666+00:00
[2025-12-08T11:44:47.409+0000] {standard_task_runner.py:60} INFO - Started process 1321 to run task
[2025-12-08T11:44:47.413+0000] {standard_task_runner.py:87} INFO - Running: ['***', 'tasks', 'run', 'email_intelligence_pipeline', 'quality_assurance_gate', 'manual__2025-12-08T11:44:04.588666+00:00', '--job-id', '249', '--raw', '--subdir', 'DAGS_FOLDER/email_pipeline_dag.py', '--cfg-path', '/tmp/tmpvsglhi6o']
[2025-12-08T11:44:47.416+0000] {standard_task_runner.py:88} INFO - Job 249: Subtask quality_assurance_gate
[2025-12-08T11:44:47.521+0000] {task_command.py:423} INFO - Running <TaskInstance: email_intelligence_pipeline.quality_assurance_gate manual__2025-12-08T11:44:04.588666+00:00 [running]> on host e1d30f150489
[2025-12-08T11:44:47.691+0000] {taskinstance.py:2480} INFO - Exporting env vars: AIRFLOW_CTX_DAG_OWNER='data_team' AIRFLOW_CTX_DAG_ID='email_intelligence_pipeline' AIRFLOW_CTX_TASK_ID='quality_assurance_gate' AIRFLOW_CTX_EXECUTION_DATE='2025-12-08T11:44:04.588666+00:00' AIRFLOW_CTX_TRY_NUMBER='1' AIRFLOW_CTX_DAG_RUN_ID='manual__2025-12-08T11:44:04.588666+00:00'
[2025-12-08T11:44:47.693+0000] {subprocess.py:63} INFO - Tmp dir root location: /tmp
[2025-12-08T11:44:47.695+0000] {subprocess.py:75} INFO - Running command: ['/usr/bin/bash', '-c', '\n        /opt/spark/bin/spark-submit --master local[2] --packages org.apache.hadoop:hadoop-aws:3.3.4             --name QualityAssuranceGate /opt/spark/jobs/data_quality_check.py\n        \n        # Vérifier le résultat du quality check\n        QUALITY_EXIT_CODE=$?\n        \n        if [ $QUALITY_EXIT_CODE -ne 0 ]; then\n            echo "❌ Quality check FAILED (score < 95%)"\n            echo "⛔ Downstream tasks will be SKIPPED"\n            # Toujours retourner 0 pour que quality_gate = SUCCESS\n            exit 0\n        else\n            echo "✅ Quality check PASSED (score >= 95%)"\n            echo "✅ Proceeding to daily aggregation..."\n            exit 0\n        fi\n        ']
[2025-12-08T11:44:47.711+0000] {subprocess.py:86} INFO - Output:
[2025-12-08T11:44:47.732+0000] {subprocess.py:93} INFO - /opt/spark/bin/load-spark-env.sh: line 68: ps: command not found
[2025-12-08T11:44:50.080+0000] {subprocess.py:93} INFO - :: loading settings :: url = jar:file:/opt/spark/jars/ivy-2.5.1.jar!/org/apache/ivy/core/settings/ivysettings.xml
[2025-12-08T11:44:50.158+0000] {subprocess.py:93} INFO - Ivy Default Cache set to: /home/***/.ivy2/cache
[2025-12-08T11:44:50.159+0000] {subprocess.py:93} INFO - The jars for the packages stored in: /home/***/.ivy2/jars
[2025-12-08T11:44:50.168+0000] {subprocess.py:93} INFO - org.apache.hadoop#hadoop-aws added as a dependency
[2025-12-08T11:44:50.171+0000] {subprocess.py:93} INFO - :: resolving dependencies :: org.apache.spark#spark-submit-parent-e304f042-5d05-44cf-bd94-4fdd0ed6b8b6;1.0
[2025-12-08T11:44:50.172+0000] {subprocess.py:93} INFO - 	confs: [default]
[2025-12-08T11:44:50.410+0000] {subprocess.py:93} INFO - 	found org.apache.hadoop#hadoop-aws;3.3.4 in central
[2025-12-08T11:44:50.469+0000] {subprocess.py:93} INFO - 	found com.amazonaws#aws-java-sdk-bundle;1.12.262 in central
[2025-12-08T11:44:50.528+0000] {subprocess.py:93} INFO - 	found org.wildfly.openssl#wildfly-openssl;1.0.7.Final in central
[2025-12-08T11:44:51.218+0000] {subprocess.py:93} INFO - downloading https://repo1.maven.org/maven2/org/apache/hadoop/hadoop-aws/3.3.4/hadoop-aws-3.3.4.jar ...
[2025-12-08T11:44:51.487+0000] {subprocess.py:93} INFO - 	[SUCCESSFUL ] org.apache.hadoop#hadoop-aws;3.3.4!hadoop-aws.jar (923ms)
[2025-12-08T11:44:51.571+0000] {subprocess.py:93} INFO - downloading https://repo1.maven.org/maven2/com/amazonaws/aws-java-sdk-bundle/1.12.262/aws-java-sdk-bundle-1.12.262.jar ...
[2025-12-08T11:45:51.112+0000] {subprocess.py:93} INFO - :: resolution report :: resolve 389ms :: artifacts dl 60507ms
[2025-12-08T11:45:51.247+0000] {subprocess.py:93} INFO - 	:: modules in use:
[2025-12-08T11:45:51.248+0000] {subprocess.py:93} INFO - 	com.amazonaws#aws-java-sdk-bundle;1.12.262 from central in [default]
[2025-12-08T11:45:51.249+0000] {subprocess.py:93} INFO - 	org.apache.hadoop#hadoop-aws;3.3.4 from central in [default]
[2025-12-08T11:45:51.254+0000] {subprocess.py:93} INFO - 	org.wildfly.openssl#wildfly-openssl;1.0.7.Final from central in [default]
[2025-12-08T11:45:51.259+0000] {subprocess.py:93} INFO - 	---------------------------------------------------------------------
[2025-12-08T11:45:51.260+0000] {subprocess.py:93} INFO - 	|                  |            modules            ||   artifacts   |
[2025-12-08T11:45:51.263+0000] {subprocess.py:93} INFO - 	|       conf       | number| search|dwnlded|evicted|| number|dwnlded|
[2025-12-08T11:45:51.269+0000] {subprocess.py:93} INFO - 	---------------------------------------------------------------------
[2025-12-08T11:45:51.279+0000] {subprocess.py:93} INFO - 	|      default     |   3   |   0   |   0   |   0   ||   3   |   1   |
[2025-12-08T11:45:51.281+0000] {subprocess.py:93} INFO - 	---------------------------------------------------------------------
[2025-12-08T11:45:51.359+0000] {subprocess.py:93} INFO - 
[2025-12-08T11:45:51.361+0000] {subprocess.py:93} INFO - :: problems summary ::
[2025-12-08T11:45:51.362+0000] {subprocess.py:93} INFO - :::: WARNINGS
[2025-12-08T11:45:51.363+0000] {subprocess.py:93} INFO - 		[FAILED     ] com.amazonaws#aws-java-sdk-bundle;1.12.262!aws-java-sdk-bundle.jar: Downloaded file size (0) doesn't match expected Content Length (280645251) for https://repo1.maven.org/maven2/com/amazonaws/aws-java-sdk-bundle/1.12.262/aws-java-sdk-bundle-1.12.262.jar. Please retry. (59235ms)
[2025-12-08T11:45:51.369+0000] {subprocess.py:93} INFO - 
[2025-12-08T11:45:51.372+0000] {subprocess.py:93} INFO - 		[FAILED     ] com.amazonaws#aws-java-sdk-bundle;1.12.262!aws-java-sdk-bundle.jar: Downloaded file size (0) doesn't match expected Content Length (280645251) for https://repo1.maven.org/maven2/com/amazonaws/aws-java-sdk-bundle/1.12.262/aws-java-sdk-bundle-1.12.262.jar. Please retry. (59235ms)
[2025-12-08T11:45:51.374+0000] {subprocess.py:93} INFO - 
[2025-12-08T11:45:51.376+0000] {subprocess.py:93} INFO - 	==== central: tried
[2025-12-08T11:45:51.377+0000] {subprocess.py:93} INFO - 
[2025-12-08T11:45:51.379+0000] {subprocess.py:93} INFO - 	  https://repo1.maven.org/maven2/com/amazonaws/aws-java-sdk-bundle/1.12.262/aws-java-sdk-bundle-1.12.262.jar
[2025-12-08T11:45:51.380+0000] {subprocess.py:93} INFO - 
[2025-12-08T11:45:51.381+0000] {subprocess.py:93} INFO - 		::::::::::::::::::::::::::::::::::::::::::::::
[2025-12-08T11:45:51.381+0000] {subprocess.py:93} INFO - 
[2025-12-08T11:45:51.382+0000] {subprocess.py:93} INFO - 		::              FAILED DOWNLOADS            ::
[2025-12-08T11:45:51.384+0000] {subprocess.py:93} INFO - 
[2025-12-08T11:45:51.389+0000] {subprocess.py:93} INFO - 		:: ^ see resolution messages for details  ^ ::
[2025-12-08T11:45:51.391+0000] {subprocess.py:93} INFO - 
[2025-12-08T11:45:51.393+0000] {subprocess.py:93} INFO - 		::::::::::::::::::::::::::::::::::::::::::::::
[2025-12-08T11:45:51.395+0000] {subprocess.py:93} INFO - 
[2025-12-08T11:45:51.396+0000] {subprocess.py:93} INFO - 		:: com.amazonaws#aws-java-sdk-bundle;1.12.262!aws-java-sdk-bundle.jar
[2025-12-08T11:45:51.397+0000] {subprocess.py:93} INFO - 
[2025-12-08T11:45:51.397+0000] {subprocess.py:93} INFO - 		::::::::::::::::::::::::::::::::::::::::::::::
[2025-12-08T11:45:51.399+0000] {subprocess.py:93} INFO - 
[2025-12-08T11:45:51.401+0000] {subprocess.py:93} INFO - 
[2025-12-08T11:45:51.404+0000] {subprocess.py:93} INFO - 
[2025-12-08T11:45:51.410+0000] {subprocess.py:93} INFO - :: USE VERBOSE OR DEBUG MESSAGE LEVEL FOR MORE DETAILS
[2025-12-08T11:45:51.671+0000] {subprocess.py:93} INFO - Exception in thread "main" java.lang.RuntimeException: [download failed: com.amazonaws#aws-java-sdk-bundle;1.12.262!aws-java-sdk-bundle.jar]
[2025-12-08T11:45:51.672+0000] {subprocess.py:93} INFO - 	at org.apache.spark.deploy.SparkSubmitUtils$.resolveMavenCoordinates(SparkSubmit.scala:1537)
[2025-12-08T11:45:51.673+0000] {subprocess.py:93} INFO - 	at org.apache.spark.util.DependencyUtils$.resolveMavenDependencies(DependencyUtils.scala:185)
[2025-12-08T11:45:51.673+0000] {subprocess.py:93} INFO - 	at org.apache.spark.deploy.SparkSubmit.prepareSubmitEnvironment(SparkSubmit.scala:334)
[2025-12-08T11:45:51.674+0000] {subprocess.py:93} INFO - 	at org.apache.spark.deploy.SparkSubmit.org$apache$spark$deploy$SparkSubmit$$runMain(SparkSubmit.scala:964)
[2025-12-08T11:45:51.675+0000] {subprocess.py:93} INFO - 	at org.apache.spark.deploy.SparkSubmit.doRunMain$1(SparkSubmit.scala:194)
[2025-12-08T11:45:51.678+0000] {subprocess.py:93} INFO - 	at org.apache.spark.deploy.SparkSubmit.submit(SparkSubmit.scala:217)
[2025-12-08T11:45:51.682+0000] {subprocess.py:93} INFO - 	at org.apache.spark.deploy.SparkSubmit.doSubmit(SparkSubmit.scala:91)
[2025-12-08T11:45:51.686+0000] {subprocess.py:93} INFO - 	at org.apache.spark.deploy.SparkSubmit$$anon$2.doSubmit(SparkSubmit.scala:1120)
[2025-12-08T11:45:51.688+0000] {subprocess.py:93} INFO - 	at org.apache.spark.deploy.SparkSubmit$.main(SparkSubmit.scala:1129)
[2025-12-08T11:45:51.690+0000] {subprocess.py:93} INFO - 	at org.apache.spark.deploy.SparkSubmit.main(SparkSubmit.scala)
[2025-12-08T11:45:51.920+0000] {subprocess.py:93} INFO - ❌ Quality check FAILED (score < 95%)
[2025-12-08T11:45:51.923+0000] {subprocess.py:93} INFO - ⛔ Downstream tasks will be SKIPPED
[2025-12-08T11:45:51.939+0000] {subprocess.py:97} INFO - Command exited with return code 0
[2025-12-08T11:45:53.649+0000] {taskinstance.py:1138} INFO - Marking task as SUCCESS. dag_id=email_intelligence_pipeline, task_id=quality_assurance_gate, execution_date=20251208T114404, start_date=20251208T114447, end_date=20251208T114553
[2025-12-08T11:45:54.168+0000] {local_task_job_runner.py:234} INFO - Task exited with return code 0
[2025-12-08T11:45:55.126+0000] {taskinstance.py:3280} INFO - 1 downstream tasks scheduled from follow-on schedule check
