[2025-12-10T18:17:35.786+0000] {taskinstance.py:1956} INFO - Dependencies all met for dep_context=non-requeueable deps ti=<TaskInstance: email_intelligence_pipeline.gmail_extraction manual__2025-12-10T18:17:30.555766+00:00 [queued]>
[2025-12-10T18:17:35.820+0000] {taskinstance.py:1956} INFO - Dependencies all met for dep_context=requeueable deps ti=<TaskInstance: email_intelligence_pipeline.gmail_extraction manual__2025-12-10T18:17:30.555766+00:00 [queued]>
[2025-12-10T18:17:35.821+0000] {taskinstance.py:2170} INFO - Starting attempt 1 of 1
[2025-12-10T18:17:35.875+0000] {taskinstance.py:2191} INFO - Executing <Task(BashOperator): gmail_extraction> on 2025-12-10 18:17:30.555766+00:00
[2025-12-10T18:17:35.889+0000] {standard_task_runner.py:60} INFO - Started process 2670 to run task
[2025-12-10T18:17:35.897+0000] {standard_task_runner.py:87} INFO - Running: ['***', 'tasks', 'run', 'email_intelligence_pipeline', 'gmail_extraction', 'manual__2025-12-10T18:17:30.555766+00:00', '--job-id', '423', '--raw', '--subdir', 'DAGS_FOLDER/email_pipeline_dag.py', '--cfg-path', '/tmp/tmpa4dom1ed']
[2025-12-10T18:17:35.904+0000] {standard_task_runner.py:88} INFO - Job 423: Subtask gmail_extraction
[2025-12-10T18:17:36.112+0000] {task_command.py:423} INFO - Running <TaskInstance: email_intelligence_pipeline.gmail_extraction manual__2025-12-10T18:17:30.555766+00:00 [running]> on host e428b2e16328
[2025-12-10T18:17:36.315+0000] {taskinstance.py:2480} INFO - Exporting env vars: AIRFLOW_CTX_DAG_OWNER='data_team' AIRFLOW_CTX_DAG_ID='email_intelligence_pipeline' AIRFLOW_CTX_TASK_ID='gmail_extraction' AIRFLOW_CTX_EXECUTION_DATE='2025-12-10T18:17:30.555766+00:00' AIRFLOW_CTX_TRY_NUMBER='1' AIRFLOW_CTX_DAG_RUN_ID='manual__2025-12-10T18:17:30.555766+00:00'
[2025-12-10T18:17:36.377+0000] {subprocess.py:63} INFO - Tmp dir root location: /tmp
[2025-12-10T18:17:36.395+0000] {subprocess.py:75} INFO - Running command: ['/usr/bin/bash', '-c', 'python /opt/***/kafka/Producer/email_producer.py']
[2025-12-10T18:17:36.441+0000] {subprocess.py:86} INFO - Output:
[2025-12-10T18:17:40.330+0000] {subprocess.py:93} INFO - 2025-12-10 18:17:40,329 - __main__ - INFO - üöÄ Starting Producer with JSON Checkpoint Deduplication...
[2025-12-10T18:17:40.331+0000] {subprocess.py:93} INFO - 2025-12-10 18:17:40,330 - __main__ - INFO - üìÅ Checkpoint file: /opt/***/email_checkpoint.json
[2025-12-10T18:17:40.332+0000] {subprocess.py:93} INFO - 2025-12-10 18:17:40,330 - __main__ - INFO - üìÇ Loading checkpoint...
[2025-12-10T18:17:40.333+0000] {subprocess.py:93} INFO - 2025-12-10 18:17:40,331 - __main__ - INFO - ‚úì Checkpoint loaded: 34 messages tracked
[2025-12-10T18:17:40.334+0000] {subprocess.py:93} INFO - 2025-12-10 18:17:40,331 - __main__ - INFO - üîê Authenticating with Gmail API...
[2025-12-10T18:17:40.345+0000] {subprocess.py:93} INFO - 2025-12-10 18:17:40,331 - __main__ - ERROR - ‚ùå Error: [Errno 2] No such file or directory: 'credentials.json'
[2025-12-10T18:17:40.347+0000] {subprocess.py:93} INFO - Traceback (most recent call last):
[2025-12-10T18:17:40.348+0000] {subprocess.py:93} INFO -   File "/opt/***/kafka/Producer/email_producer.py", line 291, in main
[2025-12-10T18:17:40.349+0000] {subprocess.py:93} INFO -     service = authenticate_gmail()
[2025-12-10T18:17:40.351+0000] {subprocess.py:93} INFO -   File "/opt/***/kafka/Producer/email_producer.py", line 94, in authenticate_gmail
[2025-12-10T18:17:40.352+0000] {subprocess.py:93} INFO -     flow = InstalledAppFlow.from_client_secrets_file(
[2025-12-10T18:17:40.355+0000] {subprocess.py:93} INFO -   File "/home/***/.local/lib/python3.8/site-packages/google_auth_oauthlib/flow.py", line 198, in from_client_secrets_file
[2025-12-10T18:17:40.356+0000] {subprocess.py:93} INFO -     with open(client_secrets_file, "r") as json_file:
[2025-12-10T18:17:40.356+0000] {subprocess.py:93} INFO - FileNotFoundError: [Errno 2] No such file or directory: 'credentials.json'
[2025-12-10T18:17:40.376+0000] {subprocess.py:93} INFO - Traceback (most recent call last):
[2025-12-10T18:17:40.377+0000] {subprocess.py:93} INFO -   File "/opt/***/kafka/Producer/email_producer.py", line 338, in <module>
[2025-12-10T18:17:40.379+0000] {subprocess.py:93} INFO -     main()
[2025-12-10T18:17:40.379+0000] {subprocess.py:93} INFO -   File "/opt/***/kafka/Producer/email_producer.py", line 291, in main
[2025-12-10T18:17:40.380+0000] {subprocess.py:93} INFO -     service = authenticate_gmail()
[2025-12-10T18:17:40.381+0000] {subprocess.py:93} INFO -   File "/opt/***/kafka/Producer/email_producer.py", line 94, in authenticate_gmail
[2025-12-10T18:17:40.381+0000] {subprocess.py:93} INFO -     flow = InstalledAppFlow.from_client_secrets_file(
[2025-12-10T18:17:40.382+0000] {subprocess.py:93} INFO -   File "/home/***/.local/lib/python3.8/site-packages/google_auth_oauthlib/flow.py", line 198, in from_client_secrets_file
[2025-12-10T18:17:40.384+0000] {subprocess.py:93} INFO -     with open(client_secrets_file, "r") as json_file:
[2025-12-10T18:17:40.385+0000] {subprocess.py:93} INFO - FileNotFoundError: [Errno 2] No such file or directory: 'credentials.json'
[2025-12-10T18:17:40.488+0000] {subprocess.py:97} INFO - Command exited with return code 1
[2025-12-10T18:17:40.523+0000] {taskinstance.py:2698} ERROR - Task failed with exception
Traceback (most recent call last):
  File "/home/airflow/.local/lib/python3.8/site-packages/airflow/models/taskinstance.py", line 428, in _execute_task
    result = execute_callable(context=context, **execute_callable_kwargs)
  File "/home/airflow/.local/lib/python3.8/site-packages/airflow/operators/bash.py", line 212, in execute
    raise AirflowException(
airflow.exceptions.AirflowException: Bash command failed. The command returned a non-zero exit code 1.
[2025-12-10T18:17:40.544+0000] {taskinstance.py:1138} INFO - Marking task as FAILED. dag_id=email_intelligence_pipeline, task_id=gmail_extraction, execution_date=20251210T181730, start_date=20251210T181735, end_date=20251210T181740
[2025-12-10T18:17:40.586+0000] {standard_task_runner.py:107} ERROR - Failed to execute job 423 for task gmail_extraction (Bash command failed. The command returned a non-zero exit code 1.; 2670)
[2025-12-10T18:17:40.602+0000] {local_task_job_runner.py:234} INFO - Task exited with return code 1
[2025-12-10T18:17:40.656+0000] {taskinstance.py:3280} INFO - 1 downstream tasks scheduled from follow-on schedule check
