[2025-12-08T09:22:17.583+0000] {taskinstance.py:1956} INFO - Dependencies all met for dep_context=non-requeueable deps ti=<TaskInstance: email_intelligence_pipeline.email_validation manual__2025-12-08T09:22:08.158102+00:00 [queued]>
[2025-12-08T09:22:17.596+0000] {taskinstance.py:1956} INFO - Dependencies all met for dep_context=requeueable deps ti=<TaskInstance: email_intelligence_pipeline.email_validation manual__2025-12-08T09:22:08.158102+00:00 [queued]>
[2025-12-08T09:22:17.597+0000] {taskinstance.py:2170} INFO - Starting attempt 1 of 3
[2025-12-08T09:22:17.613+0000] {taskinstance.py:2191} INFO - Executing <Task(BashOperator): email_validation> on 2025-12-08 09:22:08.158102+00:00
[2025-12-08T09:22:17.617+0000] {standard_task_runner.py:60} INFO - Started process 190 to run task
[2025-12-08T09:22:17.621+0000] {standard_task_runner.py:87} INFO - Running: ['***', 'tasks', 'run', 'email_intelligence_pipeline', 'email_validation', 'manual__2025-12-08T09:22:08.158102+00:00', '--job-id', '228', '--raw', '--subdir', 'DAGS_FOLDER/email_pipeline_dag.py', '--cfg-path', '/tmp/tmpzhrwoo4h']
[2025-12-08T09:22:17.624+0000] {standard_task_runner.py:88} INFO - Job 228: Subtask email_validation
[2025-12-08T09:22:17.704+0000] {task_command.py:423} INFO - Running <TaskInstance: email_intelligence_pipeline.email_validation manual__2025-12-08T09:22:08.158102+00:00 [running]> on host 3db08845f297
[2025-12-08T09:22:17.797+0000] {taskinstance.py:2480} INFO - Exporting env vars: AIRFLOW_CTX_DAG_OWNER='data_team' AIRFLOW_CTX_DAG_ID='email_intelligence_pipeline' AIRFLOW_CTX_TASK_ID='email_validation' AIRFLOW_CTX_EXECUTION_DATE='2025-12-08T09:22:08.158102+00:00' AIRFLOW_CTX_TRY_NUMBER='1' AIRFLOW_CTX_DAG_RUN_ID='manual__2025-12-08T09:22:08.158102+00:00'
[2025-12-08T09:22:17.800+0000] {subprocess.py:63} INFO - Tmp dir root location: /tmp
[2025-12-08T09:22:17.802+0000] {subprocess.py:75} INFO - Running command: ['/usr/bin/bash', '-c', 'python /opt/***/kafka/Consumer/validator.py']
[2025-12-08T09:22:17.817+0000] {subprocess.py:86} INFO - Output:
[2025-12-08T09:22:18.389+0000] {subprocess.py:93} INFO - 2025-12-08 09:22:18,389 - INFO - ðŸ”„ Connecting to Kafka broker: kafka:29092
[2025-12-08T09:22:19.678+0000] {subprocess.py:93} INFO - 2025-12-08 09:22:19,677 - WARNING - DNS lookup failed for kafka:29092, exception was [Errno -5] No address associated with hostname. Is your advertised.listeners (called advertised.host.name before Kafka 9) correct and resolvable?
[2025-12-08T09:22:19.682+0000] {subprocess.py:93} INFO - 2025-12-08 09:22:19,677 - ERROR - <BrokerConnection client_id=kafka-python-2.3.0, node_id=bootstrap-0 host=kafka:29092 <connecting> [unspecified None]>: DNS lookup failed for kafka:29092 (AddressFamily.AF_UNSPEC)
[2025-12-08T09:22:19.685+0000] {subprocess.py:93} INFO - 2025-12-08 09:22:19,677 - ERROR - <BrokerConnection client_id=kafka-python-2.3.0, node_id=bootstrap-0 host=kafka:29092 <connecting> [unspecified None]>: Closing connection. KafkaConnectionError: DNS failure
[2025-12-08T09:22:23.681+0000] {subprocess.py:93} INFO - 2025-12-08 09:22:23,681 - WARNING - DNS lookup failed for kafka:29092, exception was [Errno -5] No address associated with hostname. Is your advertised.listeners (called advertised.host.name before Kafka 9) correct and resolvable?
[2025-12-08T09:22:23.683+0000] {subprocess.py:93} INFO - 2025-12-08 09:22:23,681 - ERROR - <BrokerConnection client_id=kafka-python-2.3.0, node_id=bootstrap-0 host=kafka:29092 <connecting> [unspecified None]>: DNS lookup failed for kafka:29092 (AddressFamily.AF_UNSPEC)
[2025-12-08T09:22:23.684+0000] {subprocess.py:93} INFO - 2025-12-08 09:22:23,681 - ERROR - <BrokerConnection client_id=kafka-python-2.3.0, node_id=bootstrap-0 host=kafka:29092 <connecting> [unspecified None]>: Closing connection. KafkaConnectionError: DNS failure
[2025-12-08T09:22:23.704+0000] {subprocess.py:93} INFO - Traceback (most recent call last):
[2025-12-08T09:22:23.705+0000] {subprocess.py:93} INFO -   File "/opt/***/kafka/Consumer/validator.py", line 103, in <module>
[2025-12-08T09:22:23.706+0000] {subprocess.py:93} INFO -     main()
[2025-12-08T09:22:23.707+0000] {subprocess.py:93} INFO -   File "/opt/***/kafka/Consumer/validator.py", line 46, in main
[2025-12-08T09:22:23.708+0000] {subprocess.py:93} INFO -     consumer = KafkaConsumer(
[2025-12-08T09:22:23.709+0000] {subprocess.py:93} INFO -   File "/home/***/.local/lib/python3.8/site-packages/kafka/consumer/group.py", line 397, in __init__
[2025-12-08T09:22:23.710+0000] {subprocess.py:93} INFO -     self._client = self.config['kafka_client'](metrics=self._metrics, **self.config)
[2025-12-08T09:22:23.710+0000] {subprocess.py:93} INFO -   File "/home/***/.local/lib/python3.8/site-packages/kafka/client_async.py", line 262, in __init__
[2025-12-08T09:22:23.711+0000] {subprocess.py:93} INFO -     self.config['api_version'] = self.check_version()
[2025-12-08T09:22:23.712+0000] {subprocess.py:93} INFO -   File "/home/***/.local/lib/python3.8/site-packages/kafka/client_async.py", line 1076, in check_version
[2025-12-08T09:22:23.712+0000] {subprocess.py:93} INFO -     raise Errors.NoBrokersAvailable()
[2025-12-08T09:22:23.713+0000] {subprocess.py:93} INFO - kafka.errors.NoBrokersAvailable: NoBrokersAvailable
[2025-12-08T09:22:23.769+0000] {subprocess.py:97} INFO - Command exited with return code 1
[2025-12-08T09:22:23.785+0000] {taskinstance.py:2698} ERROR - Task failed with exception
Traceback (most recent call last):
  File "/home/airflow/.local/lib/python3.8/site-packages/airflow/models/taskinstance.py", line 433, in _execute_task
    result = execute_callable(context=context, **execute_callable_kwargs)
  File "/home/airflow/.local/lib/python3.8/site-packages/airflow/operators/bash.py", line 212, in execute
    raise AirflowException(
airflow.exceptions.AirflowException: Bash command failed. The command returned a non-zero exit code 1.
[2025-12-08T09:22:23.788+0000] {taskinstance.py:1138} INFO - Marking task as UP_FOR_RETRY. dag_id=email_intelligence_pipeline, task_id=email_validation, execution_date=20251208T092208, start_date=20251208T092217, end_date=20251208T092223
[2025-12-08T09:22:23.805+0000] {standard_task_runner.py:107} ERROR - Failed to execute job 228 for task email_validation (Bash command failed. The command returned a non-zero exit code 1.; 190)
[2025-12-08T09:22:23.847+0000] {local_task_job_runner.py:234} INFO - Task exited with return code 1
[2025-12-08T09:22:23.875+0000] {taskinstance.py:3280} INFO - 0 downstream tasks scheduled from follow-on schedule check
