[2025-12-05T14:21:31.778+0000] {taskinstance.py:1956} INFO - Dependencies all met for dep_context=non-requeueable deps ti=<TaskInstance: email_pipeline_dag.validator manual__2025-12-05T14:16:13.242863+00:00 [queued]>
[2025-12-05T14:21:31.806+0000] {taskinstance.py:1956} INFO - Dependencies all met for dep_context=requeueable deps ti=<TaskInstance: email_pipeline_dag.validator manual__2025-12-05T14:16:13.242863+00:00 [queued]>
[2025-12-05T14:21:31.810+0000] {taskinstance.py:2170} INFO - Starting attempt 2 of 2
[2025-12-05T14:21:31.851+0000] {taskinstance.py:2191} INFO - Executing <Task(BashOperator): validator> on 2025-12-05 14:16:13.242863+00:00
[2025-12-05T14:21:31.861+0000] {standard_task_runner.py:60} INFO - Started process 197 to run task
[2025-12-05T14:21:31.870+0000] {standard_task_runner.py:87} INFO - Running: ['***', 'tasks', 'run', 'email_pipeline_dag', 'validator', 'manual__2025-12-05T14:16:13.242863+00:00', '--job-id', '79', '--raw', '--subdir', 'DAGS_FOLDER/email_pipeline_dag.py', '--cfg-path', '/tmp/tmpdnznsway']
[2025-12-05T14:21:31.876+0000] {standard_task_runner.py:88} INFO - Job 79: Subtask validator
[2025-12-05T14:21:32.017+0000] {task_command.py:423} INFO - Running <TaskInstance: email_pipeline_dag.validator manual__2025-12-05T14:16:13.242863+00:00 [running]> on host 5eae14a7eeba
[2025-12-05T14:21:32.169+0000] {taskinstance.py:2480} INFO - Exporting env vars: AIRFLOW_CTX_DAG_OWNER='***' AIRFLOW_CTX_DAG_ID='email_pipeline_dag' AIRFLOW_CTX_TASK_ID='validator' AIRFLOW_CTX_EXECUTION_DATE='2025-12-05T14:16:13.242863+00:00' AIRFLOW_CTX_TRY_NUMBER='2' AIRFLOW_CTX_DAG_RUN_ID='manual__2025-12-05T14:16:13.242863+00:00'
[2025-12-05T14:21:32.189+0000] {subprocess.py:63} INFO - Tmp dir root location: /tmp
[2025-12-05T14:21:32.192+0000] {subprocess.py:75} INFO - Running command: ['/usr/bin/bash', '-c', 'python /opt/***/kafka/Consumer/validator.py']
[2025-12-05T14:21:32.234+0000] {subprocess.py:86} INFO - Output:
[2025-12-05T14:21:32.543+0000] {subprocess.py:93} INFO - Traceback (most recent call last):
[2025-12-05T14:21:32.544+0000] {subprocess.py:93} INFO -   File "/opt/***/kafka/Consumer/validator.py", line 4, in <module>
[2025-12-05T14:21:32.544+0000] {subprocess.py:93} INFO -     from kafka import KafkaConsumer, KafkaProducer
[2025-12-05T14:21:32.545+0000] {subprocess.py:93} INFO - ModuleNotFoundError: No module named 'kafka'
[2025-12-05T14:21:32.547+0000] {subprocess.py:97} INFO - Command exited with return code 1
[2025-12-05T14:21:32.559+0000] {taskinstance.py:2698} ERROR - Task failed with exception
Traceback (most recent call last):
  File "/home/airflow/.local/lib/python3.8/site-packages/airflow/models/taskinstance.py", line 433, in _execute_task
    result = execute_callable(context=context, **execute_callable_kwargs)
  File "/home/airflow/.local/lib/python3.8/site-packages/airflow/operators/bash.py", line 212, in execute
    raise AirflowException(
airflow.exceptions.AirflowException: Bash command failed. The command returned a non-zero exit code 1.
[2025-12-05T14:21:32.564+0000] {taskinstance.py:1138} INFO - Marking task as FAILED. dag_id=email_pipeline_dag, task_id=validator, execution_date=20251205T141613, start_date=20251205T142131, end_date=20251205T142132
[2025-12-05T14:21:32.588+0000] {standard_task_runner.py:107} ERROR - Failed to execute job 79 for task validator (Bash command failed. The command returned a non-zero exit code 1.; 197)
[2025-12-05T14:21:32.609+0000] {local_task_job_runner.py:234} INFO - Task exited with return code 1
[2025-12-05T14:21:32.639+0000] {taskinstance.py:3280} INFO - 0 downstream tasks scheduled from follow-on schedule check
