[2025-12-06T21:11:12.154+0000] {taskinstance.py:1956} INFO - Dependencies all met for dep_context=non-requeueable deps ti=<TaskInstance: email_pipeline_dag.kafka_producer scheduled__2025-12-05T02:00:00+00:00 [queued]>
[2025-12-06T21:11:12.178+0000] {taskinstance.py:1956} INFO - Dependencies all met for dep_context=requeueable deps ti=<TaskInstance: email_pipeline_dag.kafka_producer scheduled__2025-12-05T02:00:00+00:00 [queued]>
[2025-12-06T21:11:12.180+0000] {taskinstance.py:2170} INFO - Starting attempt 1 of 1
[2025-12-06T21:11:12.205+0000] {taskinstance.py:2191} INFO - Executing <Task(BashOperator): kafka_producer> on 2025-12-05 02:00:00+00:00
[2025-12-06T21:11:12.211+0000] {standard_task_runner.py:60} INFO - Started process 193 to run task
[2025-12-06T21:11:12.220+0000] {standard_task_runner.py:87} INFO - Running: ['***', 'tasks', 'run', 'email_pipeline_dag', 'kafka_producer', 'scheduled__2025-12-05T02:00:00+00:00', '--job-id', '45', '--raw', '--subdir', 'DAGS_FOLDER/email_pipeline_dag.py', '--cfg-path', '/tmp/tmpcv6ft_37']
[2025-12-06T21:11:12.223+0000] {standard_task_runner.py:88} INFO - Job 45: Subtask kafka_producer
[2025-12-06T21:11:12.311+0000] {task_command.py:423} INFO - Running <TaskInstance: email_pipeline_dag.kafka_producer scheduled__2025-12-05T02:00:00+00:00 [running]> on host c5b1bafd0890
[2025-12-06T21:11:12.410+0000] {taskinstance.py:2480} INFO - Exporting env vars: AIRFLOW_CTX_DAG_OWNER='***' AIRFLOW_CTX_DAG_ID='email_pipeline_dag' AIRFLOW_CTX_TASK_ID='kafka_producer' AIRFLOW_CTX_EXECUTION_DATE='2025-12-05T02:00:00+00:00' AIRFLOW_CTX_TRY_NUMBER='1' AIRFLOW_CTX_DAG_RUN_ID='scheduled__2025-12-05T02:00:00+00:00'
[2025-12-06T21:11:12.413+0000] {subprocess.py:63} INFO - Tmp dir root location: /tmp
[2025-12-06T21:11:12.414+0000] {subprocess.py:75} INFO - Running command: ['/usr/bin/bash', '-c', 'python /opt/***/kafka/Producer/email_producer.py']
[2025-12-06T21:11:12.425+0000] {subprocess.py:86} INFO - Output:
[2025-12-06T21:11:13.367+0000] {subprocess.py:93} INFO - 2025-12-06 21:11:13,366 - __main__ - INFO - üöÄ Starting Producer + Consumer...
[2025-12-06T21:11:13.368+0000] {subprocess.py:93} INFO - 2025-12-06 21:11:13,366 - __main__ - INFO - üîê Authenticating with Gmail API...
[2025-12-06T21:11:13.439+0000] {subprocess.py:93} INFO - 2025-12-06 21:11:13,407 - __main__ - ERROR - ‚ùå Error: HTTPSConnectionPool(host='oauth2.googleapis.com', port=443): Max retries exceeded with url: /token (Caused by NewConnectionError('<urllib3.connection.HTTPSConnection object at 0x773ff8ab4520>: Failed to establish a new connection: [Errno -2] Name or service not known'))
[2025-12-06T21:11:13.440+0000] {subprocess.py:93} INFO - Traceback (most recent call last):
[2025-12-06T21:11:13.441+0000] {subprocess.py:93} INFO -   File "/home/***/.local/lib/python3.8/site-packages/urllib3/connection.py", line 174, in _new_conn
[2025-12-06T21:11:13.443+0000] {subprocess.py:93} INFO -     conn = connection.create_connection(
[2025-12-06T21:11:13.444+0000] {subprocess.py:93} INFO -   File "/home/***/.local/lib/python3.8/site-packages/urllib3/util/connection.py", line 72, in create_connection
[2025-12-06T21:11:13.445+0000] {subprocess.py:93} INFO -     for res in socket.getaddrinfo(host, port, family, socket.SOCK_STREAM):
[2025-12-06T21:11:13.445+0000] {subprocess.py:93} INFO -   File "/usr/local/lib/python3.8/socket.py", line 918, in getaddrinfo
[2025-12-06T21:11:13.447+0000] {subprocess.py:93} INFO -     for res in _socket.getaddrinfo(host, port, family, type, proto, flags):
[2025-12-06T21:11:13.447+0000] {subprocess.py:93} INFO - socket.gaierror: [Errno -2] Name or service not known
[2025-12-06T21:11:13.448+0000] {subprocess.py:93} INFO - 
[2025-12-06T21:11:13.449+0000] {subprocess.py:93} INFO - During handling of the above exception, another exception occurred:
[2025-12-06T21:11:13.451+0000] {subprocess.py:93} INFO - 
[2025-12-06T21:11:13.453+0000] {subprocess.py:93} INFO - Traceback (most recent call last):
[2025-12-06T21:11:13.455+0000] {subprocess.py:93} INFO -   File "/home/***/.local/lib/python3.8/site-packages/urllib3/connectionpool.py", line 715, in urlopen
[2025-12-06T21:11:13.456+0000] {subprocess.py:93} INFO -     httplib_response = self._make_request(
[2025-12-06T21:11:13.457+0000] {subprocess.py:93} INFO -   File "/home/***/.local/lib/python3.8/site-packages/urllib3/connectionpool.py", line 404, in _make_request
[2025-12-06T21:11:13.459+0000] {subprocess.py:93} INFO -     self._validate_conn(conn)
[2025-12-06T21:11:13.460+0000] {subprocess.py:93} INFO -   File "/home/***/.local/lib/python3.8/site-packages/urllib3/connectionpool.py", line 1058, in _validate_conn
[2025-12-06T21:11:13.462+0000] {subprocess.py:93} INFO -     conn.connect()
[2025-12-06T21:11:13.463+0000] {subprocess.py:93} INFO -   File "/home/***/.local/lib/python3.8/site-packages/urllib3/connection.py", line 363, in connect
[2025-12-06T21:11:13.464+0000] {subprocess.py:93} INFO -     self.sock = conn = self._new_conn()
[2025-12-06T21:11:13.466+0000] {subprocess.py:93} INFO -   File "/home/***/.local/lib/python3.8/site-packages/urllib3/connection.py", line 186, in _new_conn
[2025-12-06T21:11:13.467+0000] {subprocess.py:93} INFO -     raise NewConnectionError(
[2025-12-06T21:11:13.469+0000] {subprocess.py:93} INFO - urllib3.exceptions.NewConnectionError: <urllib3.connection.HTTPSConnection object at 0x773ff8ab4520>: Failed to establish a new connection: [Errno -2] Name or service not known
[2025-12-06T21:11:13.473+0000] {subprocess.py:93} INFO - 
[2025-12-06T21:11:13.475+0000] {subprocess.py:93} INFO - During handling of the above exception, another exception occurred:
[2025-12-06T21:11:13.476+0000] {subprocess.py:93} INFO - 
[2025-12-06T21:11:13.477+0000] {subprocess.py:93} INFO - Traceback (most recent call last):
[2025-12-06T21:11:13.478+0000] {subprocess.py:93} INFO -   File "/home/***/.local/lib/python3.8/site-packages/requests/adapters.py", line 486, in send
[2025-12-06T21:11:13.479+0000] {subprocess.py:93} INFO -     resp = conn.urlopen(
[2025-12-06T21:11:13.482+0000] {subprocess.py:93} INFO -   File "/home/***/.local/lib/python3.8/site-packages/urllib3/connectionpool.py", line 799, in urlopen
[2025-12-06T21:11:13.483+0000] {subprocess.py:93} INFO -     retries = retries.increment(
[2025-12-06T21:11:13.484+0000] {subprocess.py:93} INFO -   File "/home/***/.local/lib/python3.8/site-packages/urllib3/util/retry.py", line 592, in increment
[2025-12-06T21:11:13.485+0000] {subprocess.py:93} INFO -     raise MaxRetryError(_pool, url, error or ResponseError(cause))
[2025-12-06T21:11:13.486+0000] {subprocess.py:93} INFO - urllib3.exceptions.MaxRetryError: HTTPSConnectionPool(host='oauth2.googleapis.com', port=443): Max retries exceeded with url: /token (Caused by NewConnectionError('<urllib3.connection.HTTPSConnection object at 0x773ff8ab4520>: Failed to establish a new connection: [Errno -2] Name or service not known'))
[2025-12-06T21:11:13.486+0000] {subprocess.py:93} INFO - 
[2025-12-06T21:11:13.487+0000] {subprocess.py:93} INFO - During handling of the above exception, another exception occurred:
[2025-12-06T21:11:13.488+0000] {subprocess.py:93} INFO - 
[2025-12-06T21:11:13.489+0000] {subprocess.py:93} INFO - Traceback (most recent call last):
[2025-12-06T21:11:13.490+0000] {subprocess.py:93} INFO -   File "/home/***/.local/lib/python3.8/site-packages/google/auth/transport/requests.py", line 186, in __call__
[2025-12-06T21:11:13.491+0000] {subprocess.py:93} INFO -     response = self.session.request(
[2025-12-06T21:11:13.492+0000] {subprocess.py:93} INFO -   File "/home/***/.local/lib/python3.8/site-packages/requests/sessions.py", line 589, in request
[2025-12-06T21:11:13.493+0000] {subprocess.py:93} INFO -     resp = self.send(prep, **send_kwargs)
[2025-12-06T21:11:13.494+0000] {subprocess.py:93} INFO -   File "/home/***/.local/lib/python3.8/site-packages/requests/sessions.py", line 703, in send
[2025-12-06T21:11:13.495+0000] {subprocess.py:93} INFO -     r = adapter.send(request, **kwargs)
[2025-12-06T21:11:13.497+0000] {subprocess.py:93} INFO -   File "/home/***/.local/lib/python3.8/site-packages/requests/adapters.py", line 519, in send
[2025-12-06T21:11:13.498+0000] {subprocess.py:93} INFO -     raise ConnectionError(e, request=request)
[2025-12-06T21:11:13.499+0000] {subprocess.py:93} INFO - requests.exceptions.ConnectionError: HTTPSConnectionPool(host='oauth2.googleapis.com', port=443): Max retries exceeded with url: /token (Caused by NewConnectionError('<urllib3.connection.HTTPSConnection object at 0x773ff8ab4520>: Failed to establish a new connection: [Errno -2] Name or service not known'))
[2025-12-06T21:11:13.500+0000] {subprocess.py:93} INFO - 
[2025-12-06T21:11:13.501+0000] {subprocess.py:93} INFO - The above exception was the direct cause of the following exception:
[2025-12-06T21:11:13.502+0000] {subprocess.py:93} INFO - 
[2025-12-06T21:11:13.503+0000] {subprocess.py:93} INFO - Traceback (most recent call last):
[2025-12-06T21:11:13.504+0000] {subprocess.py:93} INFO -   File "/opt/***/kafka/Producer/email_producer.py", line 231, in main
[2025-12-06T21:11:13.505+0000] {subprocess.py:93} INFO -     service = authenticate_gmail()
[2025-12-06T21:11:13.505+0000] {subprocess.py:93} INFO -   File "/opt/***/kafka/Producer/email_producer.py", line 51, in authenticate_gmail
[2025-12-06T21:11:13.506+0000] {subprocess.py:93} INFO -     creds.refresh(Request())
[2025-12-06T21:11:13.507+0000] {subprocess.py:93} INFO -   File "/home/***/.local/lib/python3.8/site-packages/google/oauth2/credentials.py", line 390, in refresh
[2025-12-06T21:11:13.509+0000] {subprocess.py:93} INFO -     ) = reauth.refresh_grant(
[2025-12-06T21:11:13.510+0000] {subprocess.py:93} INFO -   File "/home/***/.local/lib/python3.8/site-packages/google/oauth2/reauth.py", line 332, in refresh_grant
[2025-12-06T21:11:13.512+0000] {subprocess.py:93} INFO -     response_status_ok, response_data, retryable_error = _client._token_endpoint_request_no_throw(
[2025-12-06T21:11:13.513+0000] {subprocess.py:93} INFO -   File "/home/***/.local/lib/python3.8/site-packages/google/oauth2/_client.py", line 215, in _token_endpoint_request_no_throw
[2025-12-06T21:11:13.514+0000] {subprocess.py:93} INFO -     request_succeeded, response_data, retryable_error = _perform_request()
[2025-12-06T21:11:13.515+0000] {subprocess.py:93} INFO -   File "/home/***/.local/lib/python3.8/site-packages/google/oauth2/_client.py", line 191, in _perform_request
[2025-12-06T21:11:13.516+0000] {subprocess.py:93} INFO -     response = request(
[2025-12-06T21:11:13.517+0000] {subprocess.py:93} INFO -   File "/home/***/.local/lib/python3.8/site-packages/google/auth/transport/requests.py", line 192, in __call__
[2025-12-06T21:11:13.519+0000] {subprocess.py:93} INFO -     raise new_exc from caught_exc
[2025-12-06T21:11:13.519+0000] {subprocess.py:93} INFO - google.auth.exceptions.TransportError: HTTPSConnectionPool(host='oauth2.googleapis.com', port=443): Max retries exceeded with url: /token (Caused by NewConnectionError('<urllib3.connection.HTTPSConnection object at 0x773ff8ab4520>: Failed to establish a new connection: [Errno -2] Name or service not known'))
[2025-12-06T21:11:13.520+0000] {subprocess.py:93} INFO - Traceback (most recent call last):
[2025-12-06T21:11:13.521+0000] {subprocess.py:93} INFO -   File "/home/***/.local/lib/python3.8/site-packages/urllib3/connection.py", line 174, in _new_conn
[2025-12-06T21:11:13.522+0000] {subprocess.py:93} INFO -     conn = connection.create_connection(
[2025-12-06T21:11:13.523+0000] {subprocess.py:93} INFO -   File "/home/***/.local/lib/python3.8/site-packages/urllib3/util/connection.py", line 72, in create_connection
[2025-12-06T21:11:13.524+0000] {subprocess.py:93} INFO -     for res in socket.getaddrinfo(host, port, family, socket.SOCK_STREAM):
[2025-12-06T21:11:13.525+0000] {subprocess.py:93} INFO -   File "/usr/local/lib/python3.8/socket.py", line 918, in getaddrinfo
[2025-12-06T21:11:13.525+0000] {subprocess.py:93} INFO -     for res in _socket.getaddrinfo(host, port, family, type, proto, flags):
[2025-12-06T21:11:13.527+0000] {subprocess.py:93} INFO - socket.gaierror: [Errno -2] Name or service not known
[2025-12-06T21:11:13.527+0000] {subprocess.py:93} INFO - 
[2025-12-06T21:11:13.528+0000] {subprocess.py:93} INFO - During handling of the above exception, another exception occurred:
[2025-12-06T21:11:13.529+0000] {subprocess.py:93} INFO - 
[2025-12-06T21:11:13.530+0000] {subprocess.py:93} INFO - Traceback (most recent call last):
[2025-12-06T21:11:13.531+0000] {subprocess.py:93} INFO -   File "/home/***/.local/lib/python3.8/site-packages/urllib3/connectionpool.py", line 715, in urlopen
[2025-12-06T21:11:13.532+0000] {subprocess.py:93} INFO -     httplib_response = self._make_request(
[2025-12-06T21:11:13.533+0000] {subprocess.py:93} INFO -   File "/home/***/.local/lib/python3.8/site-packages/urllib3/connectionpool.py", line 404, in _make_request
[2025-12-06T21:11:13.534+0000] {subprocess.py:93} INFO -     self._validate_conn(conn)
[2025-12-06T21:11:13.535+0000] {subprocess.py:93} INFO -   File "/home/***/.local/lib/python3.8/site-packages/urllib3/connectionpool.py", line 1058, in _validate_conn
[2025-12-06T21:11:13.536+0000] {subprocess.py:93} INFO -     conn.connect()
[2025-12-06T21:11:13.537+0000] {subprocess.py:93} INFO -   File "/home/***/.local/lib/python3.8/site-packages/urllib3/connection.py", line 363, in connect
[2025-12-06T21:11:13.538+0000] {subprocess.py:93} INFO -     self.sock = conn = self._new_conn()
[2025-12-06T21:11:13.540+0000] {subprocess.py:93} INFO -   File "/home/***/.local/lib/python3.8/site-packages/urllib3/connection.py", line 186, in _new_conn
[2025-12-06T21:11:13.541+0000] {subprocess.py:93} INFO -     raise NewConnectionError(
[2025-12-06T21:11:13.542+0000] {subprocess.py:93} INFO - urllib3.exceptions.NewConnectionError: <urllib3.connection.HTTPSConnection object at 0x773ff8ab4520>: Failed to establish a new connection: [Errno -2] Name or service not known
[2025-12-06T21:11:13.543+0000] {subprocess.py:93} INFO - 
[2025-12-06T21:11:13.544+0000] {subprocess.py:93} INFO - During handling of the above exception, another exception occurred:
[2025-12-06T21:11:13.545+0000] {subprocess.py:93} INFO - 
[2025-12-06T21:11:13.546+0000] {subprocess.py:93} INFO - Traceback (most recent call last):
[2025-12-06T21:11:13.546+0000] {subprocess.py:93} INFO -   File "/home/***/.local/lib/python3.8/site-packages/requests/adapters.py", line 486, in send
[2025-12-06T21:11:13.548+0000] {subprocess.py:93} INFO -     resp = conn.urlopen(
[2025-12-06T21:11:13.549+0000] {subprocess.py:93} INFO -   File "/home/***/.local/lib/python3.8/site-packages/urllib3/connectionpool.py", line 799, in urlopen
[2025-12-06T21:11:13.551+0000] {subprocess.py:93} INFO -     retries = retries.increment(
[2025-12-06T21:11:13.553+0000] {subprocess.py:93} INFO -   File "/home/***/.local/lib/python3.8/site-packages/urllib3/util/retry.py", line 592, in increment
[2025-12-06T21:11:13.554+0000] {subprocess.py:93} INFO -     raise MaxRetryError(_pool, url, error or ResponseError(cause))
[2025-12-06T21:11:13.555+0000] {subprocess.py:93} INFO - urllib3.exceptions.MaxRetryError: HTTPSConnectionPool(host='oauth2.googleapis.com', port=443): Max retries exceeded with url: /token (Caused by NewConnectionError('<urllib3.connection.HTTPSConnection object at 0x773ff8ab4520>: Failed to establish a new connection: [Errno -2] Name or service not known'))
[2025-12-06T21:11:13.556+0000] {subprocess.py:93} INFO - 
[2025-12-06T21:11:13.557+0000] {subprocess.py:93} INFO - During handling of the above exception, another exception occurred:
[2025-12-06T21:11:13.558+0000] {subprocess.py:93} INFO - 
[2025-12-06T21:11:13.559+0000] {subprocess.py:93} INFO - Traceback (most recent call last):
[2025-12-06T21:11:13.560+0000] {subprocess.py:93} INFO -   File "/home/***/.local/lib/python3.8/site-packages/google/auth/transport/requests.py", line 186, in __call__
[2025-12-06T21:11:13.561+0000] {subprocess.py:93} INFO -     response = self.session.request(
[2025-12-06T21:11:13.562+0000] {subprocess.py:93} INFO -   File "/home/***/.local/lib/python3.8/site-packages/requests/sessions.py", line 589, in request
[2025-12-06T21:11:13.563+0000] {subprocess.py:93} INFO -     resp = self.send(prep, **send_kwargs)
[2025-12-06T21:11:13.564+0000] {subprocess.py:93} INFO -   File "/home/***/.local/lib/python3.8/site-packages/requests/sessions.py", line 703, in send
[2025-12-06T21:11:13.565+0000] {subprocess.py:93} INFO -     r = adapter.send(request, **kwargs)
[2025-12-06T21:11:13.565+0000] {subprocess.py:93} INFO -   File "/home/***/.local/lib/python3.8/site-packages/requests/adapters.py", line 519, in send
[2025-12-06T21:11:13.566+0000] {subprocess.py:93} INFO -     raise ConnectionError(e, request=request)
[2025-12-06T21:11:13.568+0000] {subprocess.py:93} INFO - requests.exceptions.ConnectionError: HTTPSConnectionPool(host='oauth2.googleapis.com', port=443): Max retries exceeded with url: /token (Caused by NewConnectionError('<urllib3.connection.HTTPSConnection object at 0x773ff8ab4520>: Failed to establish a new connection: [Errno -2] Name or service not known'))
[2025-12-06T21:11:13.568+0000] {subprocess.py:93} INFO - 
[2025-12-06T21:11:13.569+0000] {subprocess.py:93} INFO - The above exception was the direct cause of the following exception:
[2025-12-06T21:11:13.570+0000] {subprocess.py:93} INFO - 
[2025-12-06T21:11:13.571+0000] {subprocess.py:93} INFO - Traceback (most recent call last):
[2025-12-06T21:11:13.571+0000] {subprocess.py:93} INFO -   File "/opt/***/kafka/Producer/email_producer.py", line 273, in <module>
[2025-12-06T21:11:13.572+0000] {subprocess.py:93} INFO -     main()
[2025-12-06T21:11:13.573+0000] {subprocess.py:93} INFO -   File "/opt/***/kafka/Producer/email_producer.py", line 231, in main
[2025-12-06T21:11:13.574+0000] {subprocess.py:93} INFO -     service = authenticate_gmail()
[2025-12-06T21:11:13.575+0000] {subprocess.py:93} INFO -   File "/opt/***/kafka/Producer/email_producer.py", line 51, in authenticate_gmail
[2025-12-06T21:11:13.575+0000] {subprocess.py:93} INFO -     creds.refresh(Request())
[2025-12-06T21:11:13.576+0000] {subprocess.py:93} INFO -   File "/home/***/.local/lib/python3.8/site-packages/google/oauth2/credentials.py", line 390, in refresh
[2025-12-06T21:11:13.577+0000] {subprocess.py:93} INFO -     ) = reauth.refresh_grant(
[2025-12-06T21:11:13.577+0000] {subprocess.py:93} INFO -   File "/home/***/.local/lib/python3.8/site-packages/google/oauth2/reauth.py", line 332, in refresh_grant
[2025-12-06T21:11:13.578+0000] {subprocess.py:93} INFO -     response_status_ok, response_data, retryable_error = _client._token_endpoint_request_no_throw(
[2025-12-06T21:11:13.579+0000] {subprocess.py:93} INFO -   File "/home/***/.local/lib/python3.8/site-packages/google/oauth2/_client.py", line 215, in _token_endpoint_request_no_throw
[2025-12-06T21:11:13.579+0000] {subprocess.py:93} INFO -     request_succeeded, response_data, retryable_error = _perform_request()
[2025-12-06T21:11:13.580+0000] {subprocess.py:93} INFO -   File "/home/***/.local/lib/python3.8/site-packages/google/oauth2/_client.py", line 191, in _perform_request
[2025-12-06T21:11:13.581+0000] {subprocess.py:93} INFO -     response = request(
[2025-12-06T21:11:13.582+0000] {subprocess.py:93} INFO -   File "/home/***/.local/lib/python3.8/site-packages/google/auth/transport/requests.py", line 192, in __call__
[2025-12-06T21:11:13.583+0000] {subprocess.py:93} INFO -     raise new_exc from caught_exc
[2025-12-06T21:11:13.584+0000] {subprocess.py:93} INFO - google.auth.exceptions.TransportError: HTTPSConnectionPool(host='oauth2.googleapis.com', port=443): Max retries exceeded with url: /token (Caused by NewConnectionError('<urllib3.connection.HTTPSConnection object at 0x773ff8ab4520>: Failed to establish a new connection: [Errno -2] Name or service not known'))
[2025-12-06T21:11:13.584+0000] {subprocess.py:97} INFO - Command exited with return code 1
[2025-12-06T21:11:13.599+0000] {taskinstance.py:2698} ERROR - Task failed with exception
Traceback (most recent call last):
  File "/home/airflow/.local/lib/python3.8/site-packages/airflow/models/taskinstance.py", line 428, in _execute_task
    result = execute_callable(context=context, **execute_callable_kwargs)
  File "/home/airflow/.local/lib/python3.8/site-packages/airflow/operators/bash.py", line 212, in execute
    raise AirflowException(
airflow.exceptions.AirflowException: Bash command failed. The command returned a non-zero exit code 1.
[2025-12-06T21:11:13.604+0000] {taskinstance.py:1138} INFO - Marking task as FAILED. dag_id=email_pipeline_dag, task_id=kafka_producer, execution_date=20251205T020000, start_date=20251206T211112, end_date=20251206T211113
[2025-12-06T21:11:13.628+0000] {standard_task_runner.py:107} ERROR - Failed to execute job 45 for task kafka_producer (Bash command failed. The command returned a non-zero exit code 1.; 193)
[2025-12-06T21:11:13.644+0000] {local_task_job_runner.py:234} INFO - Task exited with return code 1
[2025-12-06T21:11:13.693+0000] {taskinstance.py:3280} INFO - 1 downstream tasks scheduled from follow-on schedule check
