[2025-12-10T13:44:09.444+0000] {taskinstance.py:1956} INFO - Dependencies all met for dep_context=non-requeueable deps ti=<TaskInstance: email_intelligence_pipeline.quality_assurance_gate manual__2025-12-10T13:42:51.035910+00:00 [queued]>
[2025-12-10T13:44:09.480+0000] {taskinstance.py:1956} INFO - Dependencies all met for dep_context=requeueable deps ti=<TaskInstance: email_intelligence_pipeline.quality_assurance_gate manual__2025-12-10T13:42:51.035910+00:00 [queued]>
[2025-12-10T13:44:09.482+0000] {taskinstance.py:2170} INFO - Starting attempt 1 of 1
[2025-12-10T13:44:09.545+0000] {taskinstance.py:2191} INFO - Executing <Task(BashOperator): quality_assurance_gate> on 2025-12-10 13:42:51.035910+00:00
[2025-12-10T13:44:09.590+0000] {standard_task_runner.py:60} INFO - Started process 344 to run task
[2025-12-10T13:44:09.689+0000] {standard_task_runner.py:87} INFO - Running: ['***', 'tasks', 'run', 'email_intelligence_pipeline', 'quality_assurance_gate', 'manual__2025-12-10T13:42:51.035910+00:00', '--job-id', '13', '--raw', '--subdir', 'DAGS_FOLDER/email_pipeline_dag.py', '--cfg-path', '/tmp/tmpjo0sjsha']
[2025-12-10T13:44:09.707+0000] {standard_task_runner.py:88} INFO - Job 13: Subtask quality_assurance_gate
[2025-12-10T13:44:10.328+0000] {task_command.py:423} INFO - Running <TaskInstance: email_intelligence_pipeline.quality_assurance_gate manual__2025-12-10T13:42:51.035910+00:00 [running]> on host d7e466cb886a
[2025-12-10T13:44:10.710+0000] {taskinstance.py:2480} INFO - Exporting env vars: AIRFLOW_CTX_DAG_OWNER='data_team' AIRFLOW_CTX_DAG_ID='email_intelligence_pipeline' AIRFLOW_CTX_TASK_ID='quality_assurance_gate' AIRFLOW_CTX_EXECUTION_DATE='2025-12-10T13:42:51.035910+00:00' AIRFLOW_CTX_TRY_NUMBER='1' AIRFLOW_CTX_DAG_RUN_ID='manual__2025-12-10T13:42:51.035910+00:00'
[2025-12-10T13:44:10.715+0000] {subprocess.py:63} INFO - Tmp dir root location: /tmp
[2025-12-10T13:44:10.721+0000] {subprocess.py:75} INFO - Running command: ['/usr/bin/bash', '-c', '\n        /opt/spark/bin/spark-submit --master local[2] --packages org.apache.hadoop:hadoop-aws:3.3.4             --name QualityAssuranceGate /opt/spark/jobs/data_quality_check.py\n        \n        # Vérifier le résultat du quality check\n        QUALITY_EXIT_CODE=$?\n        \n        if [ $QUALITY_EXIT_CODE -ne 0 ]; then\n            echo "❌ Quality check FAILED (score < 95%)"\n            echo "⛔ Downstream tasks will be SKIPPED"\n            # Toujours retourner 0 pour que quality_gate = SUCCESS\n            exit 0\n        else\n            echo "✅ Quality check PASSED (score >= 95%)"\n            echo "✅ Proceeding to daily aggregation..."\n            exit 0\n        fi\n        ']
[2025-12-10T13:44:10.781+0000] {subprocess.py:86} INFO - Output:
[2025-12-10T13:44:10.808+0000] {subprocess.py:93} INFO - /opt/spark/bin/load-spark-env.sh: line 68: ps: command not found
[2025-12-10T13:44:16.977+0000] {subprocess.py:93} INFO - :: loading settings :: url = jar:file:/opt/spark/jars/ivy-2.5.1.jar!/org/apache/ivy/core/settings/ivysettings.xml
[2025-12-10T13:44:17.254+0000] {subprocess.py:93} INFO - Ivy Default Cache set to: /home/***/.ivy2/cache
[2025-12-10T13:44:17.256+0000] {subprocess.py:93} INFO - The jars for the packages stored in: /home/***/.ivy2/jars
[2025-12-10T13:44:17.268+0000] {subprocess.py:93} INFO - org.apache.hadoop#hadoop-aws added as a dependency
[2025-12-10T13:44:17.270+0000] {subprocess.py:93} INFO - :: resolving dependencies :: org.apache.spark#spark-submit-parent-6119b501-a22d-4c63-897d-42657a790245;1.0
[2025-12-10T13:44:17.272+0000] {subprocess.py:93} INFO - 	confs: [default]
[2025-12-10T13:44:17.762+0000] {subprocess.py:93} INFO - 	found org.apache.hadoop#hadoop-aws;3.3.4 in central
[2025-12-10T13:44:17.855+0000] {subprocess.py:93} INFO - 	found com.amazonaws#aws-java-sdk-bundle;1.12.262 in central
[2025-12-10T13:44:17.932+0000] {subprocess.py:93} INFO - 	found org.wildfly.openssl#wildfly-openssl;1.0.7.Final in central
[2025-12-10T13:44:19.528+0000] {subprocess.py:93} INFO - downloading https://repo1.maven.org/maven2/com/amazonaws/aws-java-sdk-bundle/1.12.262/aws-java-sdk-bundle-1.12.262.jar ...
[2025-12-10T13:46:02.587+0000] {subprocess.py:93} INFO - :: resolution report :: resolve 698ms :: artifacts dl 104619ms
[2025-12-10T13:46:02.590+0000] {subprocess.py:93} INFO - 	:: modules in use:
[2025-12-10T13:46:02.592+0000] {subprocess.py:93} INFO - 	com.amazonaws#aws-java-sdk-bundle;1.12.262 from central in [default]
[2025-12-10T13:46:02.593+0000] {subprocess.py:93} INFO - 	org.apache.hadoop#hadoop-aws;3.3.4 from central in [default]
[2025-12-10T13:46:02.594+0000] {subprocess.py:93} INFO - 	org.wildfly.openssl#wildfly-openssl;1.0.7.Final from central in [default]
[2025-12-10T13:46:02.595+0000] {subprocess.py:93} INFO - 	---------------------------------------------------------------------
[2025-12-10T13:46:02.595+0000] {subprocess.py:93} INFO - 	|                  |            modules            ||   artifacts   |
[2025-12-10T13:46:02.596+0000] {subprocess.py:93} INFO - 	|       conf       | number| search|dwnlded|evicted|| number|dwnlded|
[2025-12-10T13:46:02.597+0000] {subprocess.py:93} INFO - 	---------------------------------------------------------------------
[2025-12-10T13:46:02.597+0000] {subprocess.py:93} INFO - 	|      default     |   3   |   0   |   0   |   0   ||   3   |   0   |
[2025-12-10T13:46:02.598+0000] {subprocess.py:93} INFO - 	---------------------------------------------------------------------
[2025-12-10T13:46:02.598+0000] {subprocess.py:93} INFO - 
[2025-12-10T13:46:02.599+0000] {subprocess.py:93} INFO - :: problems summary ::
[2025-12-10T13:46:02.599+0000] {subprocess.py:93} INFO - :::: WARNINGS
[2025-12-10T13:46:02.600+0000] {subprocess.py:93} INFO - 		[FAILED     ] com.amazonaws#aws-java-sdk-bundle;1.12.262!aws-java-sdk-bundle.jar: Downloaded file size (0) doesn't match expected Content Length (280645251) for https://repo1.maven.org/maven2/com/amazonaws/aws-java-sdk-bundle/1.12.262/aws-java-sdk-bundle-1.12.262.jar. Please retry. (104587ms)
[2025-12-10T13:46:02.600+0000] {subprocess.py:93} INFO - 
[2025-12-10T13:46:02.601+0000] {subprocess.py:93} INFO - 		[FAILED     ] com.amazonaws#aws-java-sdk-bundle;1.12.262!aws-java-sdk-bundle.jar: Downloaded file size (0) doesn't match expected Content Length (280645251) for https://repo1.maven.org/maven2/com/amazonaws/aws-java-sdk-bundle/1.12.262/aws-java-sdk-bundle-1.12.262.jar. Please retry. (104587ms)
[2025-12-10T13:46:02.601+0000] {subprocess.py:93} INFO - 
[2025-12-10T13:46:02.602+0000] {subprocess.py:93} INFO - 	==== central: tried
[2025-12-10T13:46:02.602+0000] {subprocess.py:93} INFO - 
[2025-12-10T13:46:02.603+0000] {subprocess.py:93} INFO - 	  https://repo1.maven.org/maven2/com/amazonaws/aws-java-sdk-bundle/1.12.262/aws-java-sdk-bundle-1.12.262.jar
[2025-12-10T13:46:02.604+0000] {subprocess.py:93} INFO - 
[2025-12-10T13:46:02.605+0000] {subprocess.py:93} INFO - 		::::::::::::::::::::::::::::::::::::::::::::::
[2025-12-10T13:46:02.605+0000] {subprocess.py:93} INFO - 
[2025-12-10T13:46:02.606+0000] {subprocess.py:93} INFO - 		::              FAILED DOWNLOADS            ::
[2025-12-10T13:46:02.607+0000] {subprocess.py:93} INFO - 
[2025-12-10T13:46:02.609+0000] {subprocess.py:93} INFO - 		:: ^ see resolution messages for details  ^ ::
[2025-12-10T13:46:02.610+0000] {subprocess.py:93} INFO - 
[2025-12-10T13:46:02.611+0000] {subprocess.py:93} INFO - 		::::::::::::::::::::::::::::::::::::::::::::::
[2025-12-10T13:46:02.612+0000] {subprocess.py:93} INFO - 
[2025-12-10T13:46:02.612+0000] {subprocess.py:93} INFO - 		:: com.amazonaws#aws-java-sdk-bundle;1.12.262!aws-java-sdk-bundle.jar
[2025-12-10T13:46:02.613+0000] {subprocess.py:93} INFO - 
[2025-12-10T13:46:02.614+0000] {subprocess.py:93} INFO - 		::::::::::::::::::::::::::::::::::::::::::::::
[2025-12-10T13:46:02.614+0000] {subprocess.py:93} INFO - 
[2025-12-10T13:46:02.615+0000] {subprocess.py:93} INFO - 
[2025-12-10T13:46:02.615+0000] {subprocess.py:93} INFO - 
[2025-12-10T13:46:02.616+0000] {subprocess.py:93} INFO - :: USE VERBOSE OR DEBUG MESSAGE LEVEL FOR MORE DETAILS
[2025-12-10T13:46:02.616+0000] {subprocess.py:93} INFO - Exception in thread "main" java.lang.RuntimeException: [download failed: com.amazonaws#aws-java-sdk-bundle;1.12.262!aws-java-sdk-bundle.jar]
[2025-12-10T13:46:02.617+0000] {subprocess.py:93} INFO - 	at org.apache.spark.deploy.SparkSubmitUtils$.resolveMavenCoordinates(SparkSubmit.scala:1537)
[2025-12-10T13:46:02.617+0000] {subprocess.py:93} INFO - 	at org.apache.spark.util.DependencyUtils$.resolveMavenDependencies(DependencyUtils.scala:185)
[2025-12-10T13:46:02.618+0000] {subprocess.py:93} INFO - 	at org.apache.spark.deploy.SparkSubmit.prepareSubmitEnvironment(SparkSubmit.scala:334)
[2025-12-10T13:46:02.618+0000] {subprocess.py:93} INFO - 	at org.apache.spark.deploy.SparkSubmit.org$apache$spark$deploy$SparkSubmit$$runMain(SparkSubmit.scala:964)
[2025-12-10T13:46:02.618+0000] {subprocess.py:93} INFO - 	at org.apache.spark.deploy.SparkSubmit.doRunMain$1(SparkSubmit.scala:194)
[2025-12-10T13:46:02.619+0000] {subprocess.py:93} INFO - 	at org.apache.spark.deploy.SparkSubmit.submit(SparkSubmit.scala:217)
[2025-12-10T13:46:02.619+0000] {subprocess.py:93} INFO - 	at org.apache.spark.deploy.SparkSubmit.doSubmit(SparkSubmit.scala:91)
[2025-12-10T13:46:02.620+0000] {subprocess.py:93} INFO - 	at org.apache.spark.deploy.SparkSubmit$$anon$2.doSubmit(SparkSubmit.scala:1120)
[2025-12-10T13:46:02.620+0000] {subprocess.py:93} INFO - 	at org.apache.spark.deploy.SparkSubmit$.main(SparkSubmit.scala:1129)
[2025-12-10T13:46:02.621+0000] {subprocess.py:93} INFO - 	at org.apache.spark.deploy.SparkSubmit.main(SparkSubmit.scala)
[2025-12-10T13:46:02.627+0000] {subprocess.py:93} INFO - ❌ Quality check FAILED (score < 95%)
[2025-12-10T13:46:02.628+0000] {subprocess.py:93} INFO - ⛔ Downstream tasks will be SKIPPED
[2025-12-10T13:46:02.628+0000] {subprocess.py:97} INFO - Command exited with return code 0
[2025-12-10T13:46:02.655+0000] {taskinstance.py:1138} INFO - Marking task as SUCCESS. dag_id=email_intelligence_pipeline, task_id=quality_assurance_gate, execution_date=20251210T134251, start_date=20251210T134409, end_date=20251210T134602
[2025-12-10T13:46:02.709+0000] {local_task_job_runner.py:234} INFO - Task exited with return code 0
[2025-12-10T13:46:02.730+0000] {taskinstance.py:3280} INFO - 1 downstream tasks scheduled from follow-on schedule check
