[2025-12-07T12:54:13.611+0000] {taskinstance.py:1956} INFO - Dependencies all met for dep_context=non-requeueable deps ti=<TaskInstance: email_intelligence_pipeline.real_time_enrichment manual__2025-12-07T12:54:03.750318+00:00 [queued]>
[2025-12-07T12:54:13.622+0000] {taskinstance.py:1956} INFO - Dependencies all met for dep_context=requeueable deps ti=<TaskInstance: email_intelligence_pipeline.real_time_enrichment manual__2025-12-07T12:54:03.750318+00:00 [queued]>
[2025-12-07T12:54:13.623+0000] {taskinstance.py:2170} INFO - Starting attempt 1 of 1
[2025-12-07T12:54:13.640+0000] {taskinstance.py:2191} INFO - Executing <Task(BashOperator): real_time_enrichment> on 2025-12-07 12:54:03.750318+00:00
[2025-12-07T12:54:13.647+0000] {standard_task_runner.py:60} INFO - Started process 258 to run task
[2025-12-07T12:54:13.653+0000] {standard_task_runner.py:87} INFO - Running: ['***', 'tasks', 'run', 'email_intelligence_pipeline', 'real_time_enrichment', 'manual__2025-12-07T12:54:03.750318+00:00', '--job-id', '7', '--raw', '--subdir', 'DAGS_FOLDER/email_pipeline_dag.py', '--cfg-path', '/tmp/tmp2cniv23k']
[2025-12-07T12:54:13.656+0000] {standard_task_runner.py:88} INFO - Job 7: Subtask real_time_enrichment
[2025-12-07T12:54:13.766+0000] {task_command.py:423} INFO - Running <TaskInstance: email_intelligence_pipeline.real_time_enrichment manual__2025-12-07T12:54:03.750318+00:00 [running]> on host e61fdba10dc3
[2025-12-07T12:54:13.936+0000] {taskinstance.py:2480} INFO - Exporting env vars: AIRFLOW_CTX_DAG_OWNER='data_team' AIRFLOW_CTX_DAG_ID='email_intelligence_pipeline' AIRFLOW_CTX_TASK_ID='real_time_enrichment' AIRFLOW_CTX_EXECUTION_DATE='2025-12-07T12:54:03.750318+00:00' AIRFLOW_CTX_TRY_NUMBER='1' AIRFLOW_CTX_DAG_RUN_ID='manual__2025-12-07T12:54:03.750318+00:00'
[2025-12-07T12:54:13.938+0000] {subprocess.py:63} INFO - Tmp dir root location: /tmp
[2025-12-07T12:54:13.941+0000] {subprocess.py:75} INFO - Running command: ['/usr/bin/bash', '-c', '\n        /opt/spark/bin/spark-submit             --master spark://spark-master:7077             --deploy-mode client             --packages org.apache.hadoop:hadoop-aws:3.3.4             --name EmailEnrichmentStream             /opt/spark/jobs/email_processor.py\n        ']
[2025-12-07T12:54:13.952+0000] {subprocess.py:86} INFO - Output:
[2025-12-07T12:54:13.962+0000] {subprocess.py:93} INFO - /opt/spark/bin/load-spark-env.sh: line 68: ps: command not found
[2025-12-07T12:54:16.091+0000] {subprocess.py:93} INFO - :: loading settings :: url = jar:file:/opt/spark/jars/ivy-2.5.1.jar!/org/apache/ivy/core/settings/ivysettings.xml
[2025-12-07T12:54:16.233+0000] {subprocess.py:93} INFO - Ivy Default Cache set to: /home/***/.ivy2/cache
[2025-12-07T12:54:16.235+0000] {subprocess.py:93} INFO - The jars for the packages stored in: /home/***/.ivy2/jars
[2025-12-07T12:54:16.241+0000] {subprocess.py:93} INFO - org.apache.hadoop#hadoop-aws added as a dependency
[2025-12-07T12:54:16.243+0000] {subprocess.py:93} INFO - :: resolving dependencies :: org.apache.spark#spark-submit-parent-382bf163-7864-4db7-bb7a-53af5ec06fec;1.0
[2025-12-07T12:54:16.245+0000] {subprocess.py:93} INFO - 	confs: [default]
[2025-12-07T12:54:18.468+0000] {subprocess.py:93} INFO - 	found org.apache.hadoop#hadoop-aws;3.3.4 in central
[2025-12-07T12:54:19.690+0000] {subprocess.py:93} INFO - 	found com.amazonaws#aws-java-sdk-bundle;1.12.262 in central
[2025-12-07T12:54:22.508+0000] {subprocess.py:93} INFO - downloading https://repo1.maven.org/maven2/com/amazonaws/aws-java-sdk-bundle/1.12.262/aws-java-sdk-bundle-1.12.262.jar ...
[2025-12-07T12:55:09.623+0000] {subprocess.py:93} INFO - :: resolution report :: resolve 6060ms :: artifacts dl 47320ms
[2025-12-07T12:55:09.628+0000] {subprocess.py:93} INFO - 	:: modules in use:
[2025-12-07T12:55:09.629+0000] {subprocess.py:93} INFO - 	com.amazonaws#aws-java-sdk-bundle;1.12.262 from central in [default]
[2025-12-07T12:55:09.630+0000] {subprocess.py:93} INFO - 	org.apache.hadoop#hadoop-aws;3.3.4 from central in [default]
[2025-12-07T12:55:09.630+0000] {subprocess.py:93} INFO - 	---------------------------------------------------------------------
[2025-12-07T12:55:09.631+0000] {subprocess.py:93} INFO - 	|                  |            modules            ||   artifacts   |
[2025-12-07T12:55:09.631+0000] {subprocess.py:93} INFO - 	|       conf       | number| search|dwnlded|evicted|| number|dwnlded|
[2025-12-07T12:55:09.632+0000] {subprocess.py:93} INFO - 	---------------------------------------------------------------------
[2025-12-07T12:55:09.632+0000] {subprocess.py:93} INFO - 	|      default     |   3   |   2   |   2   |   0   ||   2   |   0   |
[2025-12-07T12:55:09.633+0000] {subprocess.py:93} INFO - 	---------------------------------------------------------------------
[2025-12-07T12:55:09.639+0000] {subprocess.py:93} INFO - 
[2025-12-07T12:55:09.641+0000] {subprocess.py:93} INFO - :: problems summary ::
[2025-12-07T12:55:09.642+0000] {subprocess.py:93} INFO - :::: WARNINGS
[2025-12-07T12:55:09.642+0000] {subprocess.py:93} INFO - 	problem while downloading module descriptor: https://repo1.maven.org/maven2/org/wildfly/openssl/wildfly-openssl-parent/1.0.7.Final/wildfly-openssl-parent-1.0.7.Final.pom: impossible to move part file to definitive one: /home/***/.ivy2/cache/org.wildfly.openssl/wildfly-openssl-parent/ivy-1.0.7.Final.xml.original.part -> /home/***/.ivy2/cache/org.wildfly.openssl/wildfly-openssl-parent/ivy-1.0.7.Final.xml.original (103ms)
[2025-12-07T12:55:09.643+0000] {subprocess.py:93} INFO - 
[2025-12-07T12:55:09.644+0000] {subprocess.py:93} INFO - 	io problem while parsing ivy file: https://repo1.maven.org/maven2/org/wildfly/openssl/wildfly-openssl/1.0.7.Final/wildfly-openssl-1.0.7.Final.pom (java.io.IOException: Impossible to load parent for file:/home/***/.ivy2/cache/org.wildfly.openssl/wildfly-openssl/ivy-1.0.7.Final.xml.original. Parent=org.wildfly.openssl#wildfly-openssl-parent;1.0.7.Final)
[2025-12-07T12:55:09.645+0000] {subprocess.py:93} INFO - 
[2025-12-07T12:55:09.645+0000] {subprocess.py:93} INFO - 		module not found: org.wildfly.openssl#wildfly-openssl;1.0.7.Final
[2025-12-07T12:55:09.646+0000] {subprocess.py:93} INFO - 
[2025-12-07T12:55:09.646+0000] {subprocess.py:93} INFO - 	==== local-m2-cache: tried
[2025-12-07T12:55:09.647+0000] {subprocess.py:93} INFO - 
[2025-12-07T12:55:09.648+0000] {subprocess.py:93} INFO - 	  file:/home/***/.m2/repository/org/wildfly/openssl/wildfly-openssl-parent/1.0.7.Final/wildfly-openssl-parent-1.0.7.Final.pom
[2025-12-07T12:55:09.649+0000] {subprocess.py:93} INFO - 
[2025-12-07T12:55:09.650+0000] {subprocess.py:93} INFO - 	  -- artifact org.wildfly.openssl#wildfly-openssl-parent;1.0.7.Final!wildfly-openssl-parent.jar:
[2025-12-07T12:55:09.650+0000] {subprocess.py:93} INFO - 
[2025-12-07T12:55:09.651+0000] {subprocess.py:93} INFO - 	  file:/home/***/.m2/repository/org/wildfly/openssl/wildfly-openssl-parent/1.0.7.Final/wildfly-openssl-parent-1.0.7.Final.jar
[2025-12-07T12:55:09.652+0000] {subprocess.py:93} INFO - 
[2025-12-07T12:55:09.652+0000] {subprocess.py:93} INFO - 	==== local-ivy-cache: tried
[2025-12-07T12:55:09.653+0000] {subprocess.py:93} INFO - 
[2025-12-07T12:55:09.654+0000] {subprocess.py:93} INFO - 	  /home/***/.ivy2/local/org.wildfly.openssl/wildfly-openssl-parent/1.0.7.Final/ivys/ivy.xml
[2025-12-07T12:55:09.655+0000] {subprocess.py:93} INFO - 
[2025-12-07T12:55:09.656+0000] {subprocess.py:93} INFO - 	  -- artifact org.wildfly.openssl#wildfly-openssl-parent;1.0.7.Final!wildfly-openssl-parent.jar:
[2025-12-07T12:55:09.657+0000] {subprocess.py:93} INFO - 
[2025-12-07T12:55:09.658+0000] {subprocess.py:93} INFO - 	  /home/***/.ivy2/local/org.wildfly.openssl/wildfly-openssl-parent/1.0.7.Final/jars/wildfly-openssl-parent.jar
[2025-12-07T12:55:09.659+0000] {subprocess.py:93} INFO - 
[2025-12-07T12:55:09.659+0000] {subprocess.py:93} INFO - 	==== central: tried
[2025-12-07T12:55:09.660+0000] {subprocess.py:93} INFO - 
[2025-12-07T12:55:09.660+0000] {subprocess.py:93} INFO - 	  https://repo1.maven.org/maven2/org/wildfly/openssl/wildfly-openssl-parent/1.0.7.Final/wildfly-openssl-parent-1.0.7.Final.pom
[2025-12-07T12:55:09.661+0000] {subprocess.py:93} INFO - 
[2025-12-07T12:55:09.662+0000] {subprocess.py:93} INFO - 	==== spark-packages: tried
[2025-12-07T12:55:09.663+0000] {subprocess.py:93} INFO - 
[2025-12-07T12:55:09.664+0000] {subprocess.py:93} INFO - 	  https://repos.spark-packages.org/org/wildfly/openssl/wildfly-openssl/1.0.7.Final/wildfly-openssl-1.0.7.Final.pom
[2025-12-07T12:55:09.665+0000] {subprocess.py:93} INFO - 
[2025-12-07T12:55:09.667+0000] {subprocess.py:93} INFO - 	  -- artifact org.wildfly.openssl#wildfly-openssl;1.0.7.Final!wildfly-openssl.jar:
[2025-12-07T12:55:09.671+0000] {subprocess.py:93} INFO - 
[2025-12-07T12:55:09.672+0000] {subprocess.py:93} INFO - 	  https://repos.spark-packages.org/org/wildfly/openssl/wildfly-openssl/1.0.7.Final/wildfly-openssl-1.0.7.Final.jar
[2025-12-07T12:55:09.673+0000] {subprocess.py:93} INFO - 
[2025-12-07T12:55:09.674+0000] {subprocess.py:93} INFO - 		[FAILED     ] com.amazonaws#aws-java-sdk-bundle;1.12.262!aws-java-sdk-bundle.jar: Downloaded file size (0) doesn't match expected Content Length (280645251) for https://repo1.maven.org/maven2/com/amazonaws/aws-java-sdk-bundle/1.12.262/aws-java-sdk-bundle-1.12.262.jar. Please retry. (47308ms)
[2025-12-07T12:55:09.674+0000] {subprocess.py:93} INFO - 
[2025-12-07T12:55:09.675+0000] {subprocess.py:93} INFO - 		[FAILED     ] com.amazonaws#aws-java-sdk-bundle;1.12.262!aws-java-sdk-bundle.jar: Downloaded file size (0) doesn't match expected Content Length (280645251) for https://repo1.maven.org/maven2/com/amazonaws/aws-java-sdk-bundle/1.12.262/aws-java-sdk-bundle-1.12.262.jar. Please retry. (47308ms)
[2025-12-07T12:55:09.676+0000] {subprocess.py:93} INFO - 
[2025-12-07T12:55:09.676+0000] {subprocess.py:93} INFO - 	==== central: tried
[2025-12-07T12:55:09.677+0000] {subprocess.py:93} INFO - 
[2025-12-07T12:55:09.678+0000] {subprocess.py:93} INFO - 	  https://repo1.maven.org/maven2/com/amazonaws/aws-java-sdk-bundle/1.12.262/aws-java-sdk-bundle-1.12.262.jar
[2025-12-07T12:55:09.679+0000] {subprocess.py:93} INFO - 
[2025-12-07T12:55:09.680+0000] {subprocess.py:93} INFO - 		::::::::::::::::::::::::::::::::::::::::::::::
[2025-12-07T12:55:09.681+0000] {subprocess.py:93} INFO - 
[2025-12-07T12:55:09.682+0000] {subprocess.py:93} INFO - 		::          UNRESOLVED DEPENDENCIES         ::
[2025-12-07T12:55:09.683+0000] {subprocess.py:93} INFO - 
[2025-12-07T12:55:09.684+0000] {subprocess.py:93} INFO - 		::::::::::::::::::::::::::::::::::::::::::::::
[2025-12-07T12:55:09.685+0000] {subprocess.py:93} INFO - 
[2025-12-07T12:55:09.686+0000] {subprocess.py:93} INFO - 		:: org.wildfly.openssl#wildfly-openssl;1.0.7.Final: not found
[2025-12-07T12:55:09.687+0000] {subprocess.py:93} INFO - 
[2025-12-07T12:55:09.688+0000] {subprocess.py:93} INFO - 		::::::::::::::::::::::::::::::::::::::::::::::
[2025-12-07T12:55:09.689+0000] {subprocess.py:93} INFO - 
[2025-12-07T12:55:09.689+0000] {subprocess.py:93} INFO - 
[2025-12-07T12:55:09.690+0000] {subprocess.py:93} INFO - 		::::::::::::::::::::::::::::::::::::::::::::::
[2025-12-07T12:55:09.691+0000] {subprocess.py:93} INFO - 
[2025-12-07T12:55:09.691+0000] {subprocess.py:93} INFO - 		::              FAILED DOWNLOADS            ::
[2025-12-07T12:55:09.692+0000] {subprocess.py:93} INFO - 
[2025-12-07T12:55:09.693+0000] {subprocess.py:93} INFO - 		:: ^ see resolution messages for details  ^ ::
[2025-12-07T12:55:09.694+0000] {subprocess.py:93} INFO - 
[2025-12-07T12:55:09.695+0000] {subprocess.py:93} INFO - 		::::::::::::::::::::::::::::::::::::::::::::::
[2025-12-07T12:55:09.696+0000] {subprocess.py:93} INFO - 
[2025-12-07T12:55:09.697+0000] {subprocess.py:93} INFO - 		:: com.amazonaws#aws-java-sdk-bundle;1.12.262!aws-java-sdk-bundle.jar
[2025-12-07T12:55:09.698+0000] {subprocess.py:93} INFO - 
[2025-12-07T12:55:09.699+0000] {subprocess.py:93} INFO - 		::::::::::::::::::::::::::::::::::::::::::::::
[2025-12-07T12:55:09.700+0000] {subprocess.py:93} INFO - 
[2025-12-07T12:55:09.701+0000] {subprocess.py:93} INFO - 
[2025-12-07T12:55:09.702+0000] {subprocess.py:93} INFO - 
[2025-12-07T12:55:09.702+0000] {subprocess.py:93} INFO - :: USE VERBOSE OR DEBUG MESSAGE LEVEL FOR MORE DETAILS
[2025-12-07T12:55:09.703+0000] {subprocess.py:93} INFO - Exception in thread "main" java.lang.RuntimeException: [unresolved dependency: org.wildfly.openssl#wildfly-openssl;1.0.7.Final: not found, download failed: com.amazonaws#aws-java-sdk-bundle;1.12.262!aws-java-sdk-bundle.jar]
[2025-12-07T12:55:09.704+0000] {subprocess.py:93} INFO - 	at org.apache.spark.deploy.SparkSubmitUtils$.resolveMavenCoordinates(SparkSubmit.scala:1537)
[2025-12-07T12:55:09.704+0000] {subprocess.py:93} INFO - 	at org.apache.spark.util.DependencyUtils$.resolveMavenDependencies(DependencyUtils.scala:185)
[2025-12-07T12:55:09.704+0000] {subprocess.py:93} INFO - 	at org.apache.spark.deploy.SparkSubmit.prepareSubmitEnvironment(SparkSubmit.scala:334)
[2025-12-07T12:55:09.705+0000] {subprocess.py:93} INFO - 	at org.apache.spark.deploy.SparkSubmit.org$apache$spark$deploy$SparkSubmit$$runMain(SparkSubmit.scala:964)
[2025-12-07T12:55:09.705+0000] {subprocess.py:93} INFO - 	at org.apache.spark.deploy.SparkSubmit.doRunMain$1(SparkSubmit.scala:194)
[2025-12-07T12:55:09.706+0000] {subprocess.py:93} INFO - 	at org.apache.spark.deploy.SparkSubmit.submit(SparkSubmit.scala:217)
[2025-12-07T12:55:09.706+0000] {subprocess.py:93} INFO - 	at org.apache.spark.deploy.SparkSubmit.doSubmit(SparkSubmit.scala:91)
[2025-12-07T12:55:09.706+0000] {subprocess.py:93} INFO - 	at org.apache.spark.deploy.SparkSubmit$$anon$2.doSubmit(SparkSubmit.scala:1120)
[2025-12-07T12:55:09.707+0000] {subprocess.py:93} INFO - 	at org.apache.spark.deploy.SparkSubmit$.main(SparkSubmit.scala:1129)
[2025-12-07T12:55:09.707+0000] {subprocess.py:93} INFO - 	at org.apache.spark.deploy.SparkSubmit.main(SparkSubmit.scala)
[2025-12-07T12:55:09.708+0000] {subprocess.py:97} INFO - Command exited with return code 1
[2025-12-07T12:55:09.745+0000] {taskinstance.py:2698} ERROR - Task failed with exception
Traceback (most recent call last):
  File "/home/airflow/.local/lib/python3.8/site-packages/airflow/models/taskinstance.py", line 428, in _execute_task
    result = execute_callable(context=context, **execute_callable_kwargs)
  File "/home/airflow/.local/lib/python3.8/site-packages/airflow/operators/bash.py", line 212, in execute
    raise AirflowException(
airflow.exceptions.AirflowException: Bash command failed. The command returned a non-zero exit code 1.
[2025-12-07T12:55:09.754+0000] {taskinstance.py:1138} INFO - Marking task as FAILED. dag_id=email_intelligence_pipeline, task_id=real_time_enrichment, execution_date=20251207T125403, start_date=20251207T125413, end_date=20251207T125509
[2025-12-07T12:55:09.789+0000] {standard_task_runner.py:107} ERROR - Failed to execute job 7 for task real_time_enrichment (Bash command failed. The command returned a non-zero exit code 1.; 258)
[2025-12-07T12:55:09.824+0000] {local_task_job_runner.py:234} INFO - Task exited with return code 1
[2025-12-07T12:55:09.878+0000] {taskinstance.py:3280} INFO - 0 downstream tasks scheduled from follow-on schedule check
